CRITICAL - 2020-10-31 00:05:24 --> Undefined property: App\Controllers\Referensi::$db
#0 /opt/lampp/htdocs/yukngotel/app/Controllers/Referensi.php(29): CodeIgniter\Debug\Exceptions->errorHandler()
#1 /opt/lampp/htdocs/yukngotel/vendor/codeigniter4/framework/system/CodeIgniter.php(918): App\Controllers\Referensi->cari_kabupaten()
#2 /opt/lampp/htdocs/yukngotel/vendor/codeigniter4/framework/system/CodeIgniter.php(404): CodeIgniter\CodeIgniter->runController()
#3 /opt/lampp/htdocs/yukngotel/vendor/codeigniter4/framework/system/CodeIgniter.php(312): CodeIgniter\CodeIgniter->handleRequest()
#4 /opt/lampp/htdocs/yukngotel/public/index.php(45): CodeIgniter\CodeIgniter->run()
#5 /opt/lampp/htdocs/yukngotel/vendor/codeigniter4/framework/system/Commands/Server/rewrite.php(34): require_once('/opt/lampp/htdo...')
#6 {main}
CRITICAL - 2020-10-31 00:06:26 --> Undefined property: App\Controllers\Referensi::$db
#0 /opt/lampp/htdocs/yukngotel/app/Controllers/Referensi.php(29): CodeIgniter\Debug\Exceptions->errorHandler()
#1 /opt/lampp/htdocs/yukngotel/vendor/codeigniter4/framework/system/CodeIgniter.php(918): App\Controllers\Referensi->cari_kabupaten()
#2 /opt/lampp/htdocs/yukngotel/vendor/codeigniter4/framework/system/CodeIgniter.php(404): CodeIgniter\CodeIgniter->runController()
#3 /opt/lampp/htdocs/yukngotel/vendor/codeigniter4/framework/system/CodeIgniter.php(312): CodeIgniter\CodeIgniter->handleRequest()
#4 /opt/lampp/htdocs/yukngotel/public/index.php(45): CodeIgniter\CodeIgniter->run()
#5 /opt/lampp/htdocs/yukngotel/vendor/codeigniter4/framework/system/Commands/Server/rewrite.php(34): require_once('/opt/lampp/htdo...')
#6 {main}
CRITICAL - 2020-10-31 00:06:27 --> Undefined property: App\Controllers\Referensi::$db
#0 /opt/lampp/htdocs/yukngotel/app/Controllers/Referensi.php(29): CodeIgniter\Debug\Exceptions->errorHandler()
#1 /opt/lampp/htdocs/yukngotel/vendor/codeigniter4/framework/system/CodeIgniter.php(918): App\Controllers\Referensi->cari_kabupaten()
#2 /opt/lampp/htdocs/yukngotel/vendor/codeigniter4/framework/system/CodeIgniter.php(404): CodeIgniter\CodeIgniter->runController()
#3 /opt/lampp/htdocs/yukngotel/vendor/codeigniter4/framework/system/CodeIgniter.php(312): CodeIgniter\CodeIgniter->handleRequest()
#4 /opt/lampp/htdocs/yukngotel/public/index.php(45): CodeIgniter\CodeIgniter->run()
#5 /opt/lampp/htdocs/yukngotel/vendor/codeigniter4/framework/system/Commands/Server/rewrite.php(34): require_once('/opt/lampp/htdo...')
#6 {main}
CRITICAL - 2020-10-31 00:06:39 --> Undefined property: App\Controllers\Referensi::$db
#0 /opt/lampp/htdocs/yukngotel/app/Controllers/Referensi.php(29): CodeIgniter\Debug\Exceptions->errorHandler()
#1 /opt/lampp/htdocs/yukngotel/vendor/codeigniter4/framework/system/CodeIgniter.php(918): App\Controllers\Referensi->cari_kabupaten()
#2 /opt/lampp/htdocs/yukngotel/vendor/codeigniter4/framework/system/CodeIgniter.php(404): CodeIgniter\CodeIgniter->runController()
#3 /opt/lampp/htdocs/yukngotel/vendor/codeigniter4/framework/system/CodeIgniter.php(312): CodeIgniter\CodeIgniter->handleRequest()
#4 /opt/lampp/htdocs/yukngotel/public/index.php(45): CodeIgniter\CodeIgniter->run()
#5 /opt/lampp/htdocs/yukngotel/vendor/codeigniter4/framework/system/Commands/Server/rewrite.php(34): require_once('/opt/lampp/htdo...')
#6 {main}
CRITICAL - 2020-10-31 20:12:18 --> Trying to access array offset on value of type null
#0 /opt/lampp/htdocs/yukngotel/app/Views/layout/template_admin.php(71): CodeIgniter\Debug\Exceptions->errorHandler()
#1 /opt/lampp/htdocs/yukngotel/vendor/codeigniter4/framework/system/View/View.php(246): include('/opt/lampp/htdo...')
#2 /opt/lampp/htdocs/yukngotel/vendor/codeigniter4/framework/system/View/View.php(257): CodeIgniter\View\View->render()
#3 /opt/lampp/htdocs/yukngotel/vendor/codeigniter4/framework/system/Common.php(1119): CodeIgniter\View\View->render()
#4 /opt/lampp/htdocs/yukngotel/app/Controllers/Akomodasi.php(36): view()
#5 /opt/lampp/htdocs/yukngotel/vendor/codeigniter4/framework/system/CodeIgniter.php(918): App\Controllers\Akomodasi->add()
#6 /opt/lampp/htdocs/yukngotel/vendor/codeigniter4/framework/system/CodeIgniter.php(404): CodeIgniter\CodeIgniter->runController()
#7 /opt/lampp/htdocs/yukngotel/vendor/codeigniter4/framework/system/CodeIgniter.php(312): CodeIgniter\CodeIgniter->handleRequest()
#8 /opt/lampp/htdocs/yukngotel/public/index.php(45): CodeIgniter\CodeIgniter->run()
#9 /opt/lampp/htdocs/yukngotel/vendor/codeigniter4/framework/system/Commands/Server/rewrite.php(34): require_once('/opt/lampp/htdo...')
#10 {main}
CRITICAL - 2020-10-31 20:13:36 --> Trying to access array offset on value of type null
#0 /opt/lampp/htdocs/yukngotel/app/Views/layout/template_admin.php(71): CodeIgniter\Debug\Exceptions->errorHandler()
#1 /opt/lampp/htdocs/yukngotel/vendor/codeigniter4/framework/system/View/View.php(246): include('/opt/lampp/htdo...')
#2 /opt/lampp/htdocs/yukngotel/vendor/codeigniter4/framework/system/View/View.php(257): CodeIgniter\View\View->render()
#3 /opt/lampp/htdocs/yukngotel/vendor/codeigniter4/framework/system/Common.php(1119): CodeIgniter\View\View->render()
#4 /opt/lampp/htdocs/yukngotel/app/Controllers/Akomodasi.php(40): view()
#5 /opt/lampp/htdocs/yukngotel/vendor/codeigniter4/framework/system/CodeIgniter.php(918): App\Controllers\Akomodasi->add()
#6 /opt/lampp/htdocs/yukngotel/vendor/codeigniter4/framework/system/CodeIgniter.php(404): CodeIgniter\CodeIgniter->runController()
#7 /opt/lampp/htdocs/yukngotel/vendor/codeigniter4/framework/system/CodeIgniter.php(312): CodeIgniter\CodeIgniter->handleRequest()
#8 /opt/lampp/htdocs/yukngotel/public/index.php(45): CodeIgniter\CodeIgniter->run()
#9 /opt/lampp/htdocs/yukngotel/vendor/codeigniter4/framework/system/Commands/Server/rewrite.php(34): require_once('/opt/lampp/htdo...')
#10 {main}
CRITICAL - 2020-10-31 20:13:37 --> Trying to access array offset on value of type null
#0 /opt/lampp/htdocs/yukngotel/app/Views/layout/template_admin.php(71): CodeIgniter\Debug\Exceptions->errorHandler()
#1 /opt/lampp/htdocs/yukngotel/vendor/codeigniter4/framework/system/View/View.php(246): include('/opt/lampp/htdo...')
#2 /opt/lampp/htdocs/yukngotel/vendor/codeigniter4/framework/system/View/View.php(257): CodeIgniter\View\View->render()
#3 /opt/lampp/htdocs/yukngotel/vendor/codeigniter4/framework/system/Common.php(1119): CodeIgniter\View\View->render()
#4 /opt/lampp/htdocs/yukngotel/app/Controllers/Akomodasi.php(40): view()
#5 /opt/lampp/htdocs/yukngotel/vendor/codeigniter4/framework/system/CodeIgniter.php(918): App\Controllers\Akomodasi->add()
#6 /opt/lampp/htdocs/yukngotel/vendor/codeigniter4/framework/system/CodeIgniter.php(404): CodeIgniter\CodeIgniter->runController()
#7 /opt/lampp/htdocs/yukngotel/vendor/codeigniter4/framework/system/CodeIgniter.php(312): CodeIgniter\CodeIgniter->handleRequest()
#8 /opt/lampp/htdocs/yukngotel/public/index.php(45): CodeIgniter\CodeIgniter->run()
#9 /opt/lampp/htdocs/yukngotel/vendor/codeigniter4/framework/system/Commands/Server/rewrite.php(34): require_once('/opt/lampp/htdo...')
#10 {main}
CRITICAL - 2020-10-31 20:15:29 --> Trying to access array offset on value of type null
#0 /opt/lampp/htdocs/yukngotel/app/Views/layout/template_admin.php(71): CodeIgniter\Debug\Exceptions->errorHandler()
#1 /opt/lampp/htdocs/yukngotel/vendor/codeigniter4/framework/system/View/View.php(246): include('/opt/lampp/htdo...')
#2 /opt/lampp/htdocs/yukngotel/vendor/codeigniter4/framework/system/View/View.php(257): CodeIgniter\View\View->render()
#3 /opt/lampp/htdocs/yukngotel/vendor/codeigniter4/framework/system/Common.php(1119): CodeIgniter\View\View->render()
#4 /opt/lampp/htdocs/yukngotel/app/Controllers/Akomodasi.php(40): view()
#5 /opt/lampp/htdocs/yukngotel/vendor/codeigniter4/framework/system/CodeIgniter.php(918): App\Controllers\Akomodasi->add()
#6 /opt/lampp/htdocs/yukngotel/vendor/codeigniter4/framework/system/CodeIgniter.php(404): CodeIgniter\CodeIgniter->runController()
#7 /opt/lampp/htdocs/yukngotel/vendor/codeigniter4/framework/system/CodeIgniter.php(312): CodeIgniter\CodeIgniter->handleRequest()
#8 /opt/lampp/htdocs/yukngotel/public/index.php(45): CodeIgniter\CodeIgniter->run()
#9 /opt/lampp/htdocs/yukngotel/vendor/codeigniter4/framework/system/Commands/Server/rewrite.php(34): require_once('/opt/lampp/htdo...')
#10 {main}
CRITICAL - 2020-10-31 20:15:30 --> Trying to access array offset on value of type null
#0 /opt/lampp/htdocs/yukngotel/app/Views/layout/template_admin.php(71): CodeIgniter\Debug\Exceptions->errorHandler()
#1 /opt/lampp/htdocs/yukngotel/vendor/codeigniter4/framework/system/View/View.php(246): include('/opt/lampp/htdo...')
#2 /opt/lampp/htdocs/yukngotel/vendor/codeigniter4/framework/system/View/View.php(257): CodeIgniter\View\View->render()
#3 /opt/lampp/htdocs/yukngotel/vendor/codeigniter4/framework/system/Common.php(1119): CodeIgniter\View\View->render()
#4 /opt/lampp/htdocs/yukngotel/app/Controllers/Akomodasi.php(40): view()
#5 /opt/lampp/htdocs/yukngotel/vendor/codeigniter4/framework/system/CodeIgniter.php(918): App\Controllers\Akomodasi->add()
#6 /opt/lampp/htdocs/yukngotel/vendor/codeigniter4/framework/system/CodeIgniter.php(404): CodeIgniter\CodeIgniter->runController()
#7 /opt/lampp/htdocs/yukngotel/vendor/codeigniter4/framework/system/CodeIgniter.php(312): CodeIgniter\CodeIgniter->handleRequest()
#8 /opt/lampp/htdocs/yukngotel/public/index.php(45): CodeIgniter\CodeIgniter->run()
#9 /opt/lampp/htdocs/yukngotel/vendor/codeigniter4/framework/system/Commands/Server/rewrite.php(34): require_once('/opt/lampp/htdo...')
#10 {main}
CRITICAL - 2020-10-31 20:15:35 --> Trying to access array offset on value of type null
#0 /opt/lampp/htdocs/yukngotel/app/Views/layout/template_admin.php(71): CodeIgniter\Debug\Exceptions->errorHandler()
#1 /opt/lampp/htdocs/yukngotel/vendor/codeigniter4/framework/system/View/View.php(246): include('/opt/lampp/htdo...')
#2 /opt/lampp/htdocs/yukngotel/vendor/codeigniter4/framework/system/View/View.php(257): CodeIgniter\View\View->render()
#3 /opt/lampp/htdocs/yukngotel/vendor/codeigniter4/framework/system/Common.php(1119): CodeIgniter\View\View->render()
#4 /opt/lampp/htdocs/yukngotel/app/Controllers/Akomodasi.php(40): view()
#5 /opt/lampp/htdocs/yukngotel/vendor/codeigniter4/framework/system/CodeIgniter.php(918): App\Controllers\Akomodasi->add()
#6 /opt/lampp/htdocs/yukngotel/vendor/codeigniter4/framework/system/CodeIgniter.php(404): CodeIgniter\CodeIgniter->runController()
#7 /opt/lampp/htdocs/yukngotel/vendor/codeigniter4/framework/system/CodeIgniter.php(312): CodeIgniter\CodeIgniter->handleRequest()
#8 /opt/lampp/htdocs/yukngotel/public/index.php(45): CodeIgniter\CodeIgniter->run()
#9 /opt/lampp/htdocs/yukngotel/vendor/codeigniter4/framework/system/Commands/Server/rewrite.php(34): require_once('/opt/lampp/htdo...')
#10 {main}
CRITICAL - 2020-10-31 20:15:36 --> Trying to access array offset on value of type null
#0 /opt/lampp/htdocs/yukngotel/app/Views/layout/template_admin.php(71): CodeIgniter\Debug\Exceptions->errorHandler()
#1 /opt/lampp/htdocs/yukngotel/vendor/codeigniter4/framework/system/View/View.php(246): include('/opt/lampp/htdo...')
#2 /opt/lampp/htdocs/yukngotel/vendor/codeigniter4/framework/system/View/View.php(257): CodeIgniter\View\View->render()
#3 /opt/lampp/htdocs/yukngotel/vendor/codeigniter4/framework/system/Common.php(1119): CodeIgniter\View\View->render()
#4 /opt/lampp/htdocs/yukngotel/app/Controllers/Akomodasi.php(40): view()
#5 /opt/lampp/htdocs/yukngotel/vendor/codeigniter4/framework/system/CodeIgniter.php(918): App\Controllers\Akomodasi->add()
#6 /opt/lampp/htdocs/yukngotel/vendor/codeigniter4/framework/system/CodeIgniter.php(404): CodeIgniter\CodeIgniter->runController()
#7 /opt/lampp/htdocs/yukngotel/vendor/codeigniter4/framework/system/CodeIgniter.php(312): CodeIgniter\CodeIgniter->handleRequest()
#8 /opt/lampp/htdocs/yukngotel/public/index.php(45): CodeIgniter\CodeIgniter->run()
#9 /opt/lampp/htdocs/yukngotel/vendor/codeigniter4/framework/system/Commands/Server/rewrite.php(34): require_once('/opt/lampp/htdo...')
#10 {main}
CRITICAL - 2020-10-31 20:15:50 --> Trying to access array offset on value of type null
#0 /opt/lampp/htdocs/yukngotel/app/Views/layout/template_admin.php(71): CodeIgniter\Debug\Exceptions->errorHandler()
#1 /opt/lampp/htdocs/yukngotel/vendor/codeigniter4/framework/system/View/View.php(246): include('/opt/lampp/htdo...')
#2 /opt/lampp/htdocs/yukngotel/vendor/codeigniter4/framework/system/View/View.php(257): CodeIgniter\View\View->render()
#3 /opt/lampp/htdocs/yukngotel/vendor/codeigniter4/framework/system/Common.php(1119): CodeIgniter\View\View->render()
#4 /opt/lampp/htdocs/yukngotel/app/Controllers/Akomodasi.php(40): view()
#5 /opt/lampp/htdocs/yukngotel/vendor/codeigniter4/framework/system/CodeIgniter.php(918): App\Controllers\Akomodasi->add()
#6 /opt/lampp/htdocs/yukngotel/vendor/codeigniter4/framework/system/CodeIgniter.php(404): CodeIgniter\CodeIgniter->runController()
#7 /opt/lampp/htdocs/yukngotel/vendor/codeigniter4/framework/system/CodeIgniter.php(312): CodeIgniter\CodeIgniter->handleRequest()
#8 /opt/lampp/htdocs/yukngotel/public/index.php(45): CodeIgniter\CodeIgniter->run()
#9 /opt/lampp/htdocs/yukngotel/vendor/codeigniter4/framework/system/Commands/Server/rewrite.php(34): require_once('/opt/lampp/htdo...')
#10 {main}
CRITICAL - 2020-10-31 20:15:51 --> Trying to access array offset on value of type null
#0 /opt/lampp/htdocs/yukngotel/app/Views/layout/template_admin.php(71): CodeIgniter\Debug\Exceptions->errorHandler()
#1 /opt/lampp/htdocs/yukngotel/vendor/codeigniter4/framework/system/View/View.php(246): include('/opt/lampp/htdo...')
#2 /opt/lampp/htdocs/yukngotel/vendor/codeigniter4/framework/system/View/View.php(257): CodeIgniter\View\View->render()
#3 /opt/lampp/htdocs/yukngotel/vendor/codeigniter4/framework/system/Common.php(1119): CodeIgniter\View\View->render()
#4 /opt/lampp/htdocs/yukngotel/app/Controllers/Akomodasi.php(40): view()
#5 /opt/lampp/htdocs/yukngotel/vendor/codeigniter4/framework/system/CodeIgniter.php(918): App\Controllers\Akomodasi->add()
#6 /opt/lampp/htdocs/yukngotel/vendor/codeigniter4/framework/system/CodeIgniter.php(404): CodeIgniter\CodeIgniter->runController()
#7 /opt/lampp/htdocs/yukngotel/vendor/codeigniter4/framework/system/CodeIgniter.php(312): CodeIgniter\CodeIgniter->handleRequest()
#8 /opt/lampp/htdocs/yukngotel/public/index.php(45): CodeIgniter\CodeIgniter->run()
#9 /opt/lampp/htdocs/yukngotel/vendor/codeigniter4/framework/system/Commands/Server/rewrite.php(34): require_once('/opt/lampp/htdo...')
#10 {main}
CRITICAL - 2020-10-31 20:15:51 --> Trying to access array offset on value of type null
#0 /opt/lampp/htdocs/yukngotel/app/Views/layout/template_admin.php(71): CodeIgniter\Debug\Exceptions->errorHandler()
#1 /opt/lampp/htdocs/yukngotel/vendor/codeigniter4/framework/system/View/View.php(246): include('/opt/lampp/htdo...')
#2 /opt/lampp/htdocs/yukngotel/vendor/codeigniter4/framework/system/View/View.php(257): CodeIgniter\View\View->render()
#3 /opt/lampp/htdocs/yukngotel/vendor/codeigniter4/framework/system/Common.php(1119): CodeIgniter\View\View->render()
#4 /opt/lampp/htdocs/yukngotel/app/Controllers/Akomodasi.php(40): view()
#5 /opt/lampp/htdocs/yukngotel/vendor/codeigniter4/framework/system/CodeIgniter.php(918): App\Controllers\Akomodasi->add()
#6 /opt/lampp/htdocs/yukngotel/vendor/codeigniter4/framework/system/CodeIgniter.php(404): CodeIgniter\CodeIgniter->runController()
#7 /opt/lampp/htdocs/yukngotel/vendor/codeigniter4/framework/system/CodeIgniter.php(312): CodeIgniter\CodeIgniter->handleRequest()
#8 /opt/lampp/htdocs/yukngotel/public/index.php(45): CodeIgniter\CodeIgniter->run()
#9 /opt/lampp/htdocs/yukngotel/vendor/codeigniter4/framework/system/Commands/Server/rewrite.php(34): require_once('/opt/lampp/htdo...')
#10 {main}
CRITICAL - 2020-10-31 20:18:24 --> Trying to access array offset on value of type null
#0 /opt/lampp/htdocs/yukngotel/app/Views/layout/template_admin.php(71): CodeIgniter\Debug\Exceptions->errorHandler()
#1 /opt/lampp/htdocs/yukngotel/vendor/codeigniter4/framework/system/View/View.php(246): include('/opt/lampp/htdo...')
#2 /opt/lampp/htdocs/yukngotel/vendor/codeigniter4/framework/system/View/View.php(257): CodeIgniter\View\View->render()
#3 /opt/lampp/htdocs/yukngotel/vendor/codeigniter4/framework/system/Common.php(1119): CodeIgniter\View\View->render()
#4 /opt/lampp/htdocs/yukngotel/app/Controllers/Akomodasi.php(40): view()
#5 /opt/lampp/htdocs/yukngotel/vendor/codeigniter4/framework/system/CodeIgniter.php(918): App\Controllers\Akomodasi->add()
#6 /opt/lampp/htdocs/yukngotel/vendor/codeigniter4/framework/system/CodeIgniter.php(404): CodeIgniter\CodeIgniter->runController()
#7 /opt/lampp/htdocs/yukngotel/vendor/codeigniter4/framework/system/CodeIgniter.php(312): CodeIgniter\CodeIgniter->handleRequest()
#8 /opt/lampp/htdocs/yukngotel/public/index.php(45): CodeIgniter\CodeIgniter->run()
#9 /opt/lampp/htdocs/yukngotel/vendor/codeigniter4/framework/system/Commands/Server/rewrite.php(34): require_once('/opt/lampp/htdo...')
#10 {main}
CRITICAL - 2020-10-31 20:18:25 --> Trying to access array offset on value of type null
#0 /opt/lampp/htdocs/yukngotel/app/Views/layout/template_admin.php(71): CodeIgniter\Debug\Exceptions->errorHandler()
#1 /opt/lampp/htdocs/yukngotel/vendor/codeigniter4/framework/system/View/View.php(246): include('/opt/lampp/htdo...')
#2 /opt/lampp/htdocs/yukngotel/vendor/codeigniter4/framework/system/View/View.php(257): CodeIgniter\View\View->render()
#3 /opt/lampp/htdocs/yukngotel/vendor/codeigniter4/framework/system/Common.php(1119): CodeIgniter\View\View->render()
#4 /opt/lampp/htdocs/yukngotel/app/Controllers/Akomodasi.php(40): view()
#5 /opt/lampp/htdocs/yukngotel/vendor/codeigniter4/framework/system/CodeIgniter.php(918): App\Controllers\Akomodasi->add()
#6 /opt/lampp/htdocs/yukngotel/vendor/codeigniter4/framework/system/CodeIgniter.php(404): CodeIgniter\CodeIgniter->runController()
#7 /opt/lampp/htdocs/yukngotel/vendor/codeigniter4/framework/system/CodeIgniter.php(312): CodeIgniter\CodeIgniter->handleRequest()
#8 /opt/lampp/htdocs/yukngotel/public/index.php(45): CodeIgniter\CodeIgniter->run()
#9 /opt/lampp/htdocs/yukngotel/vendor/codeigniter4/framework/system/Commands/Server/rewrite.php(34): require_once('/opt/lampp/htdo...')
#10 {main}
CRITICAL - 2020-10-31 20:32:32 --> Trying to access array offset on value of type null
#0 /opt/lampp/htdocs/yukngotel/app/Views/layout/template_admin.php(71): CodeIgniter\Debug\Exceptions->errorHandler()
#1 /opt/lampp/htdocs/yukngotel/vendor/codeigniter4/framework/system/View/View.php(246): include('/opt/lampp/htdo...')
#2 /opt/lampp/htdocs/yukngotel/vendor/codeigniter4/framework/system/View/View.php(257): CodeIgniter\View\View->render()
#3 /opt/lampp/htdocs/yukngotel/vendor/codeigniter4/framework/system/Common.php(1119): CodeIgniter\View\View->render()
#4 /opt/lampp/htdocs/yukngotel/app/Controllers/Akomodasi.php(40): view()
#5 /opt/lampp/htdocs/yukngotel/vendor/codeigniter4/framework/system/CodeIgniter.php(918): App\Controllers\Akomodasi->add()
#6 /opt/lampp/htdocs/yukngotel/vendor/codeigniter4/framework/system/CodeIgniter.php(404): CodeIgniter\CodeIgniter->runController()
#7 /opt/lampp/htdocs/yukngotel/vendor/codeigniter4/framework/system/CodeIgniter.php(312): CodeIgniter\CodeIgniter->handleRequest()
#8 /opt/lampp/htdocs/yukngotel/public/index.php(45): CodeIgniter\CodeIgniter->run()
#9 /opt/lampp/htdocs/yukngotel/vendor/codeigniter4/framework/system/Commands/Server/rewrite.php(34): require_once('/opt/lampp/htdo...')
#10 {main}
CRITICAL - 2020-10-31 20:32:33 --> Trying to access array offset on value of type null
#0 /opt/lampp/htdocs/yukngotel/app/Views/layout/template_admin.php(71): CodeIgniter\Debug\Exceptions->errorHandler()
#1 /opt/lampp/htdocs/yukngotel/vendor/codeigniter4/framework/system/View/View.php(246): include('/opt/lampp/htdo...')
#2 /opt/lampp/htdocs/yukngotel/vendor/codeigniter4/framework/system/View/View.php(257): CodeIgniter\View\View->render()
#3 /opt/lampp/htdocs/yukngotel/vendor/codeigniter4/framework/system/Common.php(1119): CodeIgniter\View\View->render()
#4 /opt/lampp/htdocs/yukngotel/app/Controllers/Akomodasi.php(40): view()
#5 /opt/lampp/htdocs/yukngotel/vendor/codeigniter4/framework/system/CodeIgniter.php(918): App\Controllers\Akomodasi->add()
#6 /opt/lampp/htdocs/yukngotel/vendor/codeigniter4/framework/system/CodeIgniter.php(404): CodeIgniter\CodeIgniter->runController()
#7 /opt/lampp/htdocs/yukngotel/vendor/codeigniter4/framework/system/CodeIgniter.php(312): CodeIgniter\CodeIgniter->handleRequest()
#8 /opt/lampp/htdocs/yukngotel/public/index.php(45): CodeIgniter\CodeIgniter->run()
#9 /opt/lampp/htdocs/yukngotel/vendor/codeigniter4/framework/system/Commands/Server/rewrite.php(34): require_once('/opt/lampp/htdo...')
#10 {main}
CRITICAL - 2020-10-31 20:32:34 --> Trying to access array offset on value of type null
#0 /opt/lampp/htdocs/yukngotel/app/Views/layout/template_admin.php(71): CodeIgniter\Debug\Exceptions->errorHandler()
#1 /opt/lampp/htdocs/yukngotel/vendor/codeigniter4/framework/system/View/View.php(246): include('/opt/lampp/htdo...')
#2 /opt/lampp/htdocs/yukngotel/vendor/codeigniter4/framework/system/View/View.php(257): CodeIgniter\View\View->render()
#3 /opt/lampp/htdocs/yukngotel/vendor/codeigniter4/framework/system/Common.php(1119): CodeIgniter\View\View->render()
#4 /opt/lampp/htdocs/yukngotel/app/Controllers/Akomodasi.php(40): view()
#5 /opt/lampp/htdocs/yukngotel/vendor/codeigniter4/framework/system/CodeIgniter.php(918): App\Controllers\Akomodasi->add()
#6 /opt/lampp/htdocs/yukngotel/vendor/codeigniter4/framework/system/CodeIgniter.php(404): CodeIgniter\CodeIgniter->runController()
#7 /opt/lampp/htdocs/yukngotel/vendor/codeigniter4/framework/system/CodeIgniter.php(312): CodeIgniter\CodeIgniter->handleRequest()
#8 /opt/lampp/htdocs/yukngotel/public/index.php(45): CodeIgniter\CodeIgniter->run()
#9 /opt/lampp/htdocs/yukngotel/vendor/codeigniter4/framework/system/Commands/Server/rewrite.php(34): require_once('/opt/lampp/htdo...')
#10 {main}
CRITICAL - 2020-10-31 20:32:35 --> Trying to access array offset on value of type null
#0 /opt/lampp/htdocs/yukngotel/app/Views/layout/template_admin.php(71): CodeIgniter\Debug\Exceptions->errorHandler()
#1 /opt/lampp/htdocs/yukngotel/vendor/codeigniter4/framework/system/View/View.php(246): include('/opt/lampp/htdo...')
#2 /opt/lampp/htdocs/yukngotel/vendor/codeigniter4/framework/system/View/View.php(257): CodeIgniter\View\View->render()
#3 /opt/lampp/htdocs/yukngotel/vendor/codeigniter4/framework/system/Common.php(1119): CodeIgniter\View\View->render()
#4 /opt/lampp/htdocs/yukngotel/app/Controllers/Akomodasi.php(40): view()
#5 /opt/lampp/htdocs/yukngotel/vendor/codeigniter4/framework/system/CodeIgniter.php(918): App\Controllers\Akomodasi->add()
#6 /opt/lampp/htdocs/yukngotel/vendor/codeigniter4/framework/system/CodeIgniter.php(404): CodeIgniter\CodeIgniter->runController()
#7 /opt/lampp/htdocs/yukngotel/vendor/codeigniter4/framework/system/CodeIgniter.php(312): CodeIgniter\CodeIgniter->handleRequest()
#8 /opt/lampp/htdocs/yukngotel/public/index.php(45): CodeIgniter\CodeIgniter->run()
#9 /opt/lampp/htdocs/yukngotel/vendor/codeigniter4/framework/system/Commands/Server/rewrite.php(34): require_once('/opt/lampp/htdo...')
#10 {main}
CRITICAL - 2020-10-31 20:32:40 --> Trying to access array offset on value of type null
#0 /opt/lampp/htdocs/yukngotel/app/Views/layout/template_admin.php(71): CodeIgniter\Debug\Exceptions->errorHandler()
#1 /opt/lampp/htdocs/yukngotel/vendor/codeigniter4/framework/system/View/View.php(246): include('/opt/lampp/htdo...')
#2 /opt/lampp/htdocs/yukngotel/vendor/codeigniter4/framework/system/View/View.php(257): CodeIgniter\View\View->render()
#3 /opt/lampp/htdocs/yukngotel/vendor/codeigniter4/framework/system/Common.php(1119): CodeIgniter\View\View->render()
#4 /opt/lampp/htdocs/yukngotel/app/Controllers/Akomodasi.php(40): view()
#5 /opt/lampp/htdocs/yukngotel/vendor/codeigniter4/framework/system/CodeIgniter.php(918): App\Controllers\Akomodasi->add()
#6 /opt/lampp/htdocs/yukngotel/vendor/codeigniter4/framework/system/CodeIgniter.php(404): CodeIgniter\CodeIgniter->runController()
#7 /opt/lampp/htdocs/yukngotel/vendor/codeigniter4/framework/system/CodeIgniter.php(312): CodeIgniter\CodeIgniter->handleRequest()
#8 /opt/lampp/htdocs/yukngotel/public/index.php(45): CodeIgniter\CodeIgniter->run()
#9 /opt/lampp/htdocs/yukngotel/vendor/codeigniter4/framework/system/Commands/Server/rewrite.php(34): require_once('/opt/lampp/htdo...')
#10 {main}
CRITICAL - 2020-10-31 20:32:41 --> Trying to access array offset on value of type null
#0 /opt/lampp/htdocs/yukngotel/app/Views/layout/template_admin.php(71): CodeIgniter\Debug\Exceptions->errorHandler()
#1 /opt/lampp/htdocs/yukngotel/vendor/codeigniter4/framework/system/View/View.php(246): include('/opt/lampp/htdo...')
#2 /opt/lampp/htdocs/yukngotel/vendor/codeigniter4/framework/system/View/View.php(257): CodeIgniter\View\View->render()
#3 /opt/lampp/htdocs/yukngotel/vendor/codeigniter4/framework/system/Common.php(1119): CodeIgniter\View\View->render()
#4 /opt/lampp/htdocs/yukngotel/app/Controllers/Akomodasi.php(40): view()
#5 /opt/lampp/htdocs/yukngotel/vendor/codeigniter4/framework/system/CodeIgniter.php(918): App\Controllers\Akomodasi->add()
#6 /opt/lampp/htdocs/yukngotel/vendor/codeigniter4/framework/system/CodeIgniter.php(404): CodeIgniter\CodeIgniter->runController()
#7 /opt/lampp/htdocs/yukngotel/vendor/codeigniter4/framework/system/CodeIgniter.php(312): CodeIgniter\CodeIgniter->handleRequest()
#8 /opt/lampp/htdocs/yukngotel/public/index.php(45): CodeIgniter\CodeIgniter->run()
#9 /opt/lampp/htdocs/yukngotel/vendor/codeigniter4/framework/system/Commands/Server/rewrite.php(34): require_once('/opt/lampp/htdo...')
#10 {main}
CRITICAL - 2020-10-31 20:32:54 --> Class 'CodeIgniter\Filters\Auth' not found
#0 /opt/lampp/htdocs/yukngotel/vendor/codeigniter4/framework/system/CodeIgniter.php(382): CodeIgniter\Filters\Filters->run()
#1 /opt/lampp/htdocs/yukngotel/vendor/codeigniter4/framework/system/CodeIgniter.php(312): CodeIgniter\CodeIgniter->handleRequest()
#2 /opt/lampp/htdocs/yukngotel/public/index.php(45): CodeIgniter\CodeIgniter->run()
#3 /opt/lampp/htdocs/yukngotel/vendor/codeigniter4/framework/system/Commands/Server/rewrite.php(34): require_once('/opt/lampp/htdo...')
#4 {main}
CRITICAL - 2020-10-31 20:32:55 --> Class 'CodeIgniter\Filters\Auth' not found
#0 /opt/lampp/htdocs/yukngotel/vendor/codeigniter4/framework/system/CodeIgniter.php(382): CodeIgniter\Filters\Filters->run()
#1 /opt/lampp/htdocs/yukngotel/vendor/codeigniter4/framework/system/CodeIgniter.php(312): CodeIgniter\CodeIgniter->handleRequest()
#2 /opt/lampp/htdocs/yukngotel/public/index.php(45): CodeIgniter\CodeIgniter->run()
#3 /opt/lampp/htdocs/yukngotel/vendor/codeigniter4/framework/system/Commands/Server/rewrite.php(34): require_once('/opt/lampp/htdo...')
#4 {main}
CRITICAL - 2020-10-31 20:36:20 --> Trying to access array offset on value of type null
#0 /opt/lampp/htdocs/yukngotel/app/Views/layout/template_admin.php(71): CodeIgniter\Debug\Exceptions->errorHandler()
#1 /opt/lampp/htdocs/yukngotel/vendor/codeigniter4/framework/system/View/View.php(246): include('/opt/lampp/htdo...')
#2 /opt/lampp/htdocs/yukngotel/vendor/codeigniter4/framework/system/View/View.php(257): CodeIgniter\View\View->render()
#3 /opt/lampp/htdocs/yukngotel/vendor/codeigniter4/framework/system/Common.php(1119): CodeIgniter\View\View->render()
#4 /opt/lampp/htdocs/yukngotel/app/Controllers/Akomodasi.php(40): view()
#5 /opt/lampp/htdocs/yukngotel/vendor/codeigniter4/framework/system/CodeIgniter.php(918): App\Controllers\Akomodasi->add()
#6 /opt/lampp/htdocs/yukngotel/vendor/codeigniter4/framework/system/CodeIgniter.php(404): CodeIgniter\CodeIgniter->runController()
#7 /opt/lampp/htdocs/yukngotel/vendor/codeigniter4/framework/system/CodeIgniter.php(312): CodeIgniter\CodeIgniter->handleRequest()
#8 /opt/lampp/htdocs/yukngotel/public/index.php(45): CodeIgniter\CodeIgniter->run()
#9 /opt/lampp/htdocs/yukngotel/vendor/codeigniter4/framework/system/Commands/Server/rewrite.php(34): require_once('/opt/lampp/htdo...')
#10 {main}
CRITICAL - 2020-10-31 20:36:21 --> Trying to access array offset on value of type null
#0 /opt/lampp/htdocs/yukngotel/app/Views/layout/template_admin.php(71): CodeIgniter\Debug\Exceptions->errorHandler()
#1 /opt/lampp/htdocs/yukngotel/vendor/codeigniter4/framework/system/View/View.php(246): include('/opt/lampp/htdo...')
#2 /opt/lampp/htdocs/yukngotel/vendor/codeigniter4/framework/system/View/View.php(257): CodeIgniter\View\View->render()
#3 /opt/lampp/htdocs/yukngotel/vendor/codeigniter4/framework/system/Common.php(1119): CodeIgniter\View\View->render()
#4 /opt/lampp/htdocs/yukngotel/app/Controllers/Akomodasi.php(40): view()
#5 /opt/lampp/htdocs/yukngotel/vendor/codeigniter4/framework/system/CodeIgniter.php(918): App\Controllers\Akomodasi->add()
#6 /opt/lampp/htdocs/yukngotel/vendor/codeigniter4/framework/system/CodeIgniter.php(404): CodeIgniter\CodeIgniter->runController()
#7 /opt/lampp/htdocs/yukngotel/vendor/codeigniter4/framework/system/CodeIgniter.php(312): CodeIgniter\CodeIgniter->handleRequest()
#8 /opt/lampp/htdocs/yukngotel/public/index.php(45): CodeIgniter\CodeIgniter->run()
#9 /opt/lampp/htdocs/yukngotel/vendor/codeigniter4/framework/system/Commands/Server/rewrite.php(34): require_once('/opt/lampp/htdo...')
#10 {main}
CRITICAL - 2020-10-31 20:36:22 --> Trying to access array offset on value of type null
#0 /opt/lampp/htdocs/yukngotel/app/Views/layout/template_admin.php(71): CodeIgniter\Debug\Exceptions->errorHandler()
#1 /opt/lampp/htdocs/yukngotel/vendor/codeigniter4/framework/system/View/View.php(246): include('/opt/lampp/htdo...')
#2 /opt/lampp/htdocs/yukngotel/vendor/codeigniter4/framework/system/View/View.php(257): CodeIgniter\View\View->render()
#3 /opt/lampp/htdocs/yukngotel/vendor/codeigniter4/framework/system/Common.php(1119): CodeIgniter\View\View->render()
#4 /opt/lampp/htdocs/yukngotel/app/Controllers/Akomodasi.php(40): view()
#5 /opt/lampp/htdocs/yukngotel/vendor/codeigniter4/framework/system/CodeIgniter.php(918): App\Controllers\Akomodasi->add()
#6 /opt/lampp/htdocs/yukngotel/vendor/codeigniter4/framework/system/CodeIgniter.php(404): CodeIgniter\CodeIgniter->runController()
#7 /opt/lampp/htdocs/yukngotel/vendor/codeigniter4/framework/system/CodeIgniter.php(312): CodeIgniter\CodeIgniter->handleRequest()
#8 /opt/lampp/htdocs/yukngotel/public/index.php(45): CodeIgniter\CodeIgniter->run()
#9 /opt/lampp/htdocs/yukngotel/vendor/codeigniter4/framework/system/Commands/Server/rewrite.php(34): require_once('/opt/lampp/htdo...')
#10 {main}
CRITICAL - 2020-10-31 20:36:22 --> Trying to access array offset on value of type null
#0 /opt/lampp/htdocs/yukngotel/app/Views/layout/template_admin.php(71): CodeIgniter\Debug\Exceptions->errorHandler()
#1 /opt/lampp/htdocs/yukngotel/vendor/codeigniter4/framework/system/View/View.php(246): include('/opt/lampp/htdo...')
#2 /opt/lampp/htdocs/yukngotel/vendor/codeigniter4/framework/system/View/View.php(257): CodeIgniter\View\View->render()
#3 /opt/lampp/htdocs/yukngotel/vendor/codeigniter4/framework/system/Common.php(1119): CodeIgniter\View\View->render()
#4 /opt/lampp/htdocs/yukngotel/app/Controllers/Akomodasi.php(40): view()
#5 /opt/lampp/htdocs/yukngotel/vendor/codeigniter4/framework/system/CodeIgniter.php(918): App\Controllers\Akomodasi->add()
#6 /opt/lampp/htdocs/yukngotel/vendor/codeigniter4/framework/system/CodeIgniter.php(404): CodeIgniter\CodeIgniter->runController()
#7 /opt/lampp/htdocs/yukngotel/vendor/codeigniter4/framework/system/CodeIgniter.php(312): CodeIgniter\CodeIgniter->handleRequest()
#8 /opt/lampp/htdocs/yukngotel/public/index.php(45): CodeIgniter\CodeIgniter->run()
#9 /opt/lampp/htdocs/yukngotel/vendor/codeigniter4/framework/system/Commands/Server/rewrite.php(34): require_once('/opt/lampp/htdo...')
#10 {main}
CRITICAL - 2020-10-31 20:37:21 --> Trying to access array offset on value of type null
#0 /opt/lampp/htdocs/yukngotel/app/Views/layout/template_admin.php(71): CodeIgniter\Debug\Exceptions->errorHandler()
#1 /opt/lampp/htdocs/yukngotel/vendor/codeigniter4/framework/system/View/View.php(246): include('/opt/lampp/htdo...')
#2 /opt/lampp/htdocs/yukngotel/vendor/codeigniter4/framework/system/View/View.php(257): CodeIgniter\View\View->render()
#3 /opt/lampp/htdocs/yukngotel/vendor/codeigniter4/framework/system/Common.php(1119): CodeIgniter\View\View->render()
#4 /opt/lampp/htdocs/yukngotel/app/Controllers/Akomodasi.php(40): view()
#5 /opt/lampp/htdocs/yukngotel/vendor/codeigniter4/framework/system/CodeIgniter.php(918): App\Controllers\Akomodasi->add()
#6 /opt/lampp/htdocs/yukngotel/vendor/codeigniter4/framework/system/CodeIgniter.php(404): CodeIgniter\CodeIgniter->runController()
#7 /opt/lampp/htdocs/yukngotel/vendor/codeigniter4/framework/system/CodeIgniter.php(312): CodeIgniter\CodeIgniter->handleRequest()
#8 /opt/lampp/htdocs/yukngotel/public/index.php(45): CodeIgniter\CodeIgniter->run()
#9 /opt/lampp/htdocs/yukngotel/vendor/codeigniter4/framework/system/Commands/Server/rewrite.php(34): require_once('/opt/lampp/htdo...')
#10 {main}
CRITICAL - 2020-10-31 20:37:22 --> Trying to access array offset on value of type null
#0 /opt/lampp/htdocs/yukngotel/app/Views/layout/template_admin.php(71): CodeIgniter\Debug\Exceptions->errorHandler()
#1 /opt/lampp/htdocs/yukngotel/vendor/codeigniter4/framework/system/View/View.php(246): include('/opt/lampp/htdo...')
#2 /opt/lampp/htdocs/yukngotel/vendor/codeigniter4/framework/system/View/View.php(257): CodeIgniter\View\View->render()
#3 /opt/lampp/htdocs/yukngotel/vendor/codeigniter4/framework/system/Common.php(1119): CodeIgniter\View\View->render()
#4 /opt/lampp/htdocs/yukngotel/app/Controllers/Akomodasi.php(40): view()
#5 /opt/lampp/htdocs/yukngotel/vendor/codeigniter4/framework/system/CodeIgniter.php(918): App\Controllers\Akomodasi->add()
#6 /opt/lampp/htdocs/yukngotel/vendor/codeigniter4/framework/system/CodeIgniter.php(404): CodeIgniter\CodeIgniter->runController()
#7 /opt/lampp/htdocs/yukngotel/vendor/codeigniter4/framework/system/CodeIgniter.php(312): CodeIgniter\CodeIgniter->handleRequest()
#8 /opt/lampp/htdocs/yukngotel/public/index.php(45): CodeIgniter\CodeIgniter->run()
#9 /opt/lampp/htdocs/yukngotel/vendor/codeigniter4/framework/system/Commands/Server/rewrite.php(34): require_once('/opt/lampp/htdo...')
#10 {main}
CRITICAL - 2020-10-31 20:37:22 --> Trying to access array offset on value of type null
#0 /opt/lampp/htdocs/yukngotel/app/Views/layout/template_admin.php(71): CodeIgniter\Debug\Exceptions->errorHandler()
#1 /opt/lampp/htdocs/yukngotel/vendor/codeigniter4/framework/system/View/View.php(246): include('/opt/lampp/htdo...')
#2 /opt/lampp/htdocs/yukngotel/vendor/codeigniter4/framework/system/View/View.php(257): CodeIgniter\View\View->render()
#3 /opt/lampp/htdocs/yukngotel/vendor/codeigniter4/framework/system/Common.php(1119): CodeIgniter\View\View->render()
#4 /opt/lampp/htdocs/yukngotel/app/Controllers/Akomodasi.php(40): view()
#5 /opt/lampp/htdocs/yukngotel/vendor/codeigniter4/framework/system/CodeIgniter.php(918): App\Controllers\Akomodasi->add()
#6 /opt/lampp/htdocs/yukngotel/vendor/codeigniter4/framework/system/CodeIgniter.php(404): CodeIgniter\CodeIgniter->runController()
#7 /opt/lampp/htdocs/yukngotel/vendor/codeigniter4/framework/system/CodeIgniter.php(312): CodeIgniter\CodeIgniter->handleRequest()
#8 /opt/lampp/htdocs/yukngotel/public/index.php(45): CodeIgniter\CodeIgniter->run()
#9 /opt/lampp/htdocs/yukngotel/vendor/codeigniter4/framework/system/Commands/Server/rewrite.php(34): require_once('/opt/lampp/htdo...')
#10 {main}
CRITICAL - 2020-10-31 20:37:23 --> Trying to access array offset on value of type null
#0 /opt/lampp/htdocs/yukngotel/app/Views/layout/template_admin.php(71): CodeIgniter\Debug\Exceptions->errorHandler()
#1 /opt/lampp/htdocs/yukngotel/vendor/codeigniter4/framework/system/View/View.php(246): include('/opt/lampp/htdo...')
#2 /opt/lampp/htdocs/yukngotel/vendor/codeigniter4/framework/system/View/View.php(257): CodeIgniter\View\View->render()
#3 /opt/lampp/htdocs/yukngotel/vendor/codeigniter4/framework/system/Common.php(1119): CodeIgniter\View\View->render()
#4 /opt/lampp/htdocs/yukngotel/app/Controllers/Akomodasi.php(40): view()
#5 /opt/lampp/htdocs/yukngotel/vendor/codeigniter4/framework/system/CodeIgniter.php(918): App\Controllers\Akomodasi->add()
#6 /opt/lampp/htdocs/yukngotel/vendor/codeigniter4/framework/system/CodeIgniter.php(404): CodeIgniter\CodeIgniter->runController()
#7 /opt/lampp/htdocs/yukngotel/vendor/codeigniter4/framework/system/CodeIgniter.php(312): CodeIgniter\CodeIgniter->handleRequest()
#8 /opt/lampp/htdocs/yukngotel/public/index.php(45): CodeIgniter\CodeIgniter->run()
#9 /opt/lampp/htdocs/yukngotel/vendor/codeigniter4/framework/system/Commands/Server/rewrite.php(34): require_once('/opt/lampp/htdo...')
#10 {main}
CRITICAL - 2020-10-31 20:37:24 --> Trying to access array offset on value of type null
#0 /opt/lampp/htdocs/yukngotel/app/Views/layout/template_admin.php(71): CodeIgniter\Debug\Exceptions->errorHandler()
#1 /opt/lampp/htdocs/yukngotel/vendor/codeigniter4/framework/system/View/View.php(246): include('/opt/lampp/htdo...')
#2 /opt/lampp/htdocs/yukngotel/vendor/codeigniter4/framework/system/View/View.php(257): CodeIgniter\View\View->render()
#3 /opt/lampp/htdocs/yukngotel/vendor/codeigniter4/framework/system/Common.php(1119): CodeIgniter\View\View->render()
#4 /opt/lampp/htdocs/yukngotel/app/Controllers/Akomodasi.php(40): view()
#5 /opt/lampp/htdocs/yukngotel/vendor/codeigniter4/framework/system/CodeIgniter.php(918): App\Controllers\Akomodasi->add()
#6 /opt/lampp/htdocs/yukngotel/vendor/codeigniter4/framework/system/CodeIgniter.php(404): CodeIgniter\CodeIgniter->runController()
#7 /opt/lampp/htdocs/yukngotel/vendor/codeigniter4/framework/system/CodeIgniter.php(312): CodeIgniter\CodeIgniter->handleRequest()
#8 /opt/lampp/htdocs/yukngotel/public/index.php(45): CodeIgniter\CodeIgniter->run()
#9 /opt/lampp/htdocs/yukngotel/vendor/codeigniter4/framework/system/Commands/Server/rewrite.php(34): require_once('/opt/lampp/htdo...')
#10 {main}
CRITICAL - 2020-10-31 20:37:26 --> Trying to access array offset on value of type null
#0 /opt/lampp/htdocs/yukngotel/app/Views/layout/template_admin.php(71): CodeIgniter\Debug\Exceptions->errorHandler()
#1 /opt/lampp/htdocs/yukngotel/vendor/codeigniter4/framework/system/View/View.php(246): include('/opt/lampp/htdo...')
#2 /opt/lampp/htdocs/yukngotel/vendor/codeigniter4/framework/system/View/View.php(257): CodeIgniter\View\View->render()
#3 /opt/lampp/htdocs/yukngotel/vendor/codeigniter4/framework/system/Common.php(1119): CodeIgniter\View\View->render()
#4 /opt/lampp/htdocs/yukngotel/app/Controllers/Akomodasi.php(40): view()
#5 /opt/lampp/htdocs/yukngotel/vendor/codeigniter4/framework/system/CodeIgniter.php(918): App\Controllers\Akomodasi->add()
#6 /opt/lampp/htdocs/yukngotel/vendor/codeigniter4/framework/system/CodeIgniter.php(404): CodeIgniter\CodeIgniter->runController()
#7 /opt/lampp/htdocs/yukngotel/vendor/codeigniter4/framework/system/CodeIgniter.php(312): CodeIgniter\CodeIgniter->handleRequest()
#8 /opt/lampp/htdocs/yukngotel/public/index.php(45): CodeIgniter\CodeIgniter->run()
#9 /opt/lampp/htdocs/yukngotel/vendor/codeigniter4/framework/system/Commands/Server/rewrite.php(34): require_once('/opt/lampp/htdo...')
#10 {main}
CRITICAL - 2020-10-31 20:37:27 --> Trying to access array offset on value of type null
#0 /opt/lampp/htdocs/yukngotel/app/Views/layout/template_admin.php(71): CodeIgniter\Debug\Exceptions->errorHandler()
#1 /opt/lampp/htdocs/yukngotel/vendor/codeigniter4/framework/system/View/View.php(246): include('/opt/lampp/htdo...')
#2 /opt/lampp/htdocs/yukngotel/vendor/codeigniter4/framework/system/View/View.php(257): CodeIgniter\View\View->render()
#3 /opt/lampp/htdocs/yukngotel/vendor/codeigniter4/framework/system/Common.php(1119): CodeIgniter\View\View->render()
#4 /opt/lampp/htdocs/yukngotel/app/Controllers/Akomodasi.php(40): view()
#5 /opt/lampp/htdocs/yukngotel/vendor/codeigniter4/framework/system/CodeIgniter.php(918): App\Controllers\Akomodasi->add()
#6 /opt/lampp/htdocs/yukngotel/vendor/codeigniter4/framework/system/CodeIgniter.php(404): CodeIgniter\CodeIgniter->runController()
#7 /opt/lampp/htdocs/yukngotel/vendor/codeigniter4/framework/system/CodeIgniter.php(312): CodeIgniter\CodeIgniter->handleRequest()
#8 /opt/lampp/htdocs/yukngotel/public/index.php(45): CodeIgniter\CodeIgniter->run()
#9 /opt/lampp/htdocs/yukngotel/vendor/codeigniter4/framework/system/Commands/Server/rewrite.php(34): require_once('/opt/lampp/htdo...')
#10 {main}
CRITICAL - 2020-10-31 20:37:35 --> Class 'CodeIgniter\Filters\Auth' not found
#0 /opt/lampp/htdocs/yukngotel/vendor/codeigniter4/framework/system/CodeIgniter.php(382): CodeIgniter\Filters\Filters->run()
#1 /opt/lampp/htdocs/yukngotel/vendor/codeigniter4/framework/system/CodeIgniter.php(312): CodeIgniter\CodeIgniter->handleRequest()
#2 /opt/lampp/htdocs/yukngotel/public/index.php(45): CodeIgniter\CodeIgniter->run()
#3 /opt/lampp/htdocs/yukngotel/vendor/codeigniter4/framework/system/Commands/Server/rewrite.php(34): require_once('/opt/lampp/htdo...')
#4 {main}
CRITICAL - 2020-10-31 20:39:48 --> Trying to access array offset on value of type null
#0 /opt/lampp/htdocs/yukngotel/app/Views/layout/template_admin.php(71): CodeIgniter\Debug\Exceptions->errorHandler()
#1 /opt/lampp/htdocs/yukngotel/vendor/codeigniter4/framework/system/View/View.php(246): include('/opt/lampp/htdo...')
#2 /opt/lampp/htdocs/yukngotel/vendor/codeigniter4/framework/system/View/View.php(257): CodeIgniter\View\View->render()
#3 /opt/lampp/htdocs/yukngotel/vendor/codeigniter4/framework/system/Common.php(1119): CodeIgniter\View\View->render()
#4 /opt/lampp/htdocs/yukngotel/app/Controllers/Akomodasi.php(40): view()
#5 /opt/lampp/htdocs/yukngotel/vendor/codeigniter4/framework/system/CodeIgniter.php(918): App\Controllers\Akomodasi->add()
#6 /opt/lampp/htdocs/yukngotel/vendor/codeigniter4/framework/system/CodeIgniter.php(404): CodeIgniter\CodeIgniter->runController()
#7 /opt/lampp/htdocs/yukngotel/vendor/codeigniter4/framework/system/CodeIgniter.php(312): CodeIgniter\CodeIgniter->handleRequest()
#8 /opt/lampp/htdocs/yukngotel/public/index.php(45): CodeIgniter\CodeIgniter->run()
#9 /opt/lampp/htdocs/yukngotel/vendor/codeigniter4/framework/system/Commands/Server/rewrite.php(34): require_once('/opt/lampp/htdo...')
#10 {main}
CRITICAL - 2020-10-31 20:39:51 --> Trying to access array offset on value of type null
#0 /opt/lampp/htdocs/yukngotel/app/Views/layout/template_admin.php(71): CodeIgniter\Debug\Exceptions->errorHandler()
#1 /opt/lampp/htdocs/yukngotel/vendor/codeigniter4/framework/system/View/View.php(246): include('/opt/lampp/htdo...')
#2 /opt/lampp/htdocs/yukngotel/vendor/codeigniter4/framework/system/View/View.php(257): CodeIgniter\View\View->render()
#3 /opt/lampp/htdocs/yukngotel/vendor/codeigniter4/framework/system/Common.php(1119): CodeIgniter\View\View->render()
#4 /opt/lampp/htdocs/yukngotel/app/Controllers/Akomodasi.php(40): view()
#5 /opt/lampp/htdocs/yukngotel/vendor/codeigniter4/framework/system/CodeIgniter.php(918): App\Controllers\Akomodasi->add()
#6 /opt/lampp/htdocs/yukngotel/vendor/codeigniter4/framework/system/CodeIgniter.php(404): CodeIgniter\CodeIgniter->runController()
#7 /opt/lampp/htdocs/yukngotel/vendor/codeigniter4/framework/system/CodeIgniter.php(312): CodeIgniter\CodeIgniter->handleRequest()
#8 /opt/lampp/htdocs/yukngotel/public/index.php(45): CodeIgniter\CodeIgniter->run()
#9 /opt/lampp/htdocs/yukngotel/vendor/codeigniter4/framework/system/Commands/Server/rewrite.php(34): require_once('/opt/lampp/htdo...')
#10 {main}
CRITICAL - 2020-10-31 20:39:51 --> Trying to access array offset on value of type null
#0 /opt/lampp/htdocs/yukngotel/app/Views/layout/template_admin.php(71): CodeIgniter\Debug\Exceptions->errorHandler()
#1 /opt/lampp/htdocs/yukngotel/vendor/codeigniter4/framework/system/View/View.php(246): include('/opt/lampp/htdo...')
#2 /opt/lampp/htdocs/yukngotel/vendor/codeigniter4/framework/system/View/View.php(257): CodeIgniter\View\View->render()
#3 /opt/lampp/htdocs/yukngotel/vendor/codeigniter4/framework/system/Common.php(1119): CodeIgniter\View\View->render()
#4 /opt/lampp/htdocs/yukngotel/app/Controllers/Akomodasi.php(40): view()
#5 /opt/lampp/htdocs/yukngotel/vendor/codeigniter4/framework/system/CodeIgniter.php(918): App\Controllers\Akomodasi->add()
#6 /opt/lampp/htdocs/yukngotel/vendor/codeigniter4/framework/system/CodeIgniter.php(404): CodeIgniter\CodeIgniter->runController()
#7 /opt/lampp/htdocs/yukngotel/vendor/codeigniter4/framework/system/CodeIgniter.php(312): CodeIgniter\CodeIgniter->handleRequest()
#8 /opt/lampp/htdocs/yukngotel/public/index.php(45): CodeIgniter\CodeIgniter->run()
#9 /opt/lampp/htdocs/yukngotel/vendor/codeigniter4/framework/system/Commands/Server/rewrite.php(34): require_once('/opt/lampp/htdo...')
#10 {main}
CRITICAL - 2020-10-31 20:39:52 --> Trying to access array offset on value of type null
#0 /opt/lampp/htdocs/yukngotel/app/Views/layout/template_admin.php(71): CodeIgniter\Debug\Exceptions->errorHandler()
#1 /opt/lampp/htdocs/yukngotel/vendor/codeigniter4/framework/system/View/View.php(246): include('/opt/lampp/htdo...')
#2 /opt/lampp/htdocs/yukngotel/vendor/codeigniter4/framework/system/View/View.php(257): CodeIgniter\View\View->render()
#3 /opt/lampp/htdocs/yukngotel/vendor/codeigniter4/framework/system/Common.php(1119): CodeIgniter\View\View->render()
#4 /opt/lampp/htdocs/yukngotel/app/Controllers/Akomodasi.php(40): view()
#5 /opt/lampp/htdocs/yukngotel/vendor/codeigniter4/framework/system/CodeIgniter.php(918): App\Controllers\Akomodasi->add()
#6 /opt/lampp/htdocs/yukngotel/vendor/codeigniter4/framework/system/CodeIgniter.php(404): CodeIgniter\CodeIgniter->runController()
#7 /opt/lampp/htdocs/yukngotel/vendor/codeigniter4/framework/system/CodeIgniter.php(312): CodeIgniter\CodeIgniter->handleRequest()
#8 /opt/lampp/htdocs/yukngotel/public/index.php(45): CodeIgniter\CodeIgniter->run()
#9 /opt/lampp/htdocs/yukngotel/vendor/codeigniter4/framework/system/Commands/Server/rewrite.php(34): require_once('/opt/lampp/htdo...')
#10 {main}
CRITICAL - 2020-10-31 20:39:52 --> Trying to access array offset on value of type null
#0 /opt/lampp/htdocs/yukngotel/app/Views/layout/template_admin.php(71): CodeIgniter\Debug\Exceptions->errorHandler()
#1 /opt/lampp/htdocs/yukngotel/vendor/codeigniter4/framework/system/View/View.php(246): include('/opt/lampp/htdo...')
#2 /opt/lampp/htdocs/yukngotel/vendor/codeigniter4/framework/system/View/View.php(257): CodeIgniter\View\View->render()
#3 /opt/lampp/htdocs/yukngotel/vendor/codeigniter4/framework/system/Common.php(1119): CodeIgniter\View\View->render()
#4 /opt/lampp/htdocs/yukngotel/app/Controllers/Akomodasi.php(40): view()
#5 /opt/lampp/htdocs/yukngotel/vendor/codeigniter4/framework/system/CodeIgniter.php(918): App\Controllers\Akomodasi->add()
#6 /opt/lampp/htdocs/yukngotel/vendor/codeigniter4/framework/system/CodeIgniter.php(404): CodeIgniter\CodeIgniter->runController()
#7 /opt/lampp/htdocs/yukngotel/vendor/codeigniter4/framework/system/CodeIgniter.php(312): CodeIgniter\CodeIgniter->handleRequest()
#8 /opt/lampp/htdocs/yukngotel/public/index.php(45): CodeIgniter\CodeIgniter->run()
#9 /opt/lampp/htdocs/yukngotel/vendor/codeigniter4/framework/system/Commands/Server/rewrite.php(34): require_once('/opt/lampp/htdo...')
#10 {main}
CRITICAL - 2020-10-31 20:39:52 --> Trying to access array offset on value of type null
#0 /opt/lampp/htdocs/yukngotel/app/Views/layout/template_admin.php(71): CodeIgniter\Debug\Exceptions->errorHandler()
#1 /opt/lampp/htdocs/yukngotel/vendor/codeigniter4/framework/system/View/View.php(246): include('/opt/lampp/htdo...')
#2 /opt/lampp/htdocs/yukngotel/vendor/codeigniter4/framework/system/View/View.php(257): CodeIgniter\View\View->render()
#3 /opt/lampp/htdocs/yukngotel/vendor/codeigniter4/framework/system/Common.php(1119): CodeIgniter\View\View->render()
#4 /opt/lampp/htdocs/yukngotel/app/Controllers/Akomodasi.php(40): view()
#5 /opt/lampp/htdocs/yukngotel/vendor/codeigniter4/framework/system/CodeIgniter.php(918): App\Controllers\Akomodasi->add()
#6 /opt/lampp/htdocs/yukngotel/vendor/codeigniter4/framework/system/CodeIgniter.php(404): CodeIgniter\CodeIgniter->runController()
#7 /opt/lampp/htdocs/yukngotel/vendor/codeigniter4/framework/system/CodeIgniter.php(312): CodeIgniter\CodeIgniter->handleRequest()
#8 /opt/lampp/htdocs/yukngotel/public/index.php(45): CodeIgniter\CodeIgniter->run()
#9 /opt/lampp/htdocs/yukngotel/vendor/codeigniter4/framework/system/Commands/Server/rewrite.php(34): require_once('/opt/lampp/htdo...')
#10 {main}
CRITICAL - 2020-10-31 20:39:53 --> Trying to access array offset on value of type null
#0 /opt/lampp/htdocs/yukngotel/app/Views/layout/template_admin.php(71): CodeIgniter\Debug\Exceptions->errorHandler()
#1 /opt/lampp/htdocs/yukngotel/vendor/codeigniter4/framework/system/View/View.php(246): include('/opt/lampp/htdo...')
#2 /opt/lampp/htdocs/yukngotel/vendor/codeigniter4/framework/system/View/View.php(257): CodeIgniter\View\View->render()
#3 /opt/lampp/htdocs/yukngotel/vendor/codeigniter4/framework/system/Common.php(1119): CodeIgniter\View\View->render()
#4 /opt/lampp/htdocs/yukngotel/app/Controllers/Akomodasi.php(40): view()
#5 /opt/lampp/htdocs/yukngotel/vendor/codeigniter4/framework/system/CodeIgniter.php(918): App\Controllers\Akomodasi->add()
#6 /opt/lampp/htdocs/yukngotel/vendor/codeigniter4/framework/system/CodeIgniter.php(404): CodeIgniter\CodeIgniter->runController()
#7 /opt/lampp/htdocs/yukngotel/vendor/codeigniter4/framework/system/CodeIgniter.php(312): CodeIgniter\CodeIgniter->handleRequest()
#8 /opt/lampp/htdocs/yukngotel/public/index.php(45): CodeIgniter\CodeIgniter->run()
#9 /opt/lampp/htdocs/yukngotel/vendor/codeigniter4/framework/system/Commands/Server/rewrite.php(34): require_once('/opt/lampp/htdo...')
#10 {main}
CRITICAL - 2020-10-31 20:39:53 --> Trying to access array offset on value of type null
#0 /opt/lampp/htdocs/yukngotel/app/Views/layout/template_admin.php(71): CodeIgniter\Debug\Exceptions->errorHandler()
#1 /opt/lampp/htdocs/yukngotel/vendor/codeigniter4/framework/system/View/View.php(246): include('/opt/lampp/htdo...')
#2 /opt/lampp/htdocs/yukngotel/vendor/codeigniter4/framework/system/View/View.php(257): CodeIgniter\View\View->render()
#3 /opt/lampp/htdocs/yukngotel/vendor/codeigniter4/framework/system/Common.php(1119): CodeIgniter\View\View->render()
#4 /opt/lampp/htdocs/yukngotel/app/Controllers/Akomodasi.php(40): view()
#5 /opt/lampp/htdocs/yukngotel/vendor/codeigniter4/framework/system/CodeIgniter.php(918): App\Controllers\Akomodasi->add()
#6 /opt/lampp/htdocs/yukngotel/vendor/codeigniter4/framework/system/CodeIgniter.php(404): CodeIgniter\CodeIgniter->runController()
#7 /opt/lampp/htdocs/yukngotel/vendor/codeigniter4/framework/system/CodeIgniter.php(312): CodeIgniter\CodeIgniter->handleRequest()
#8 /opt/lampp/htdocs/yukngotel/public/index.php(45): CodeIgniter\CodeIgniter->run()
#9 /opt/lampp/htdocs/yukngotel/vendor/codeigniter4/framework/system/Commands/Server/rewrite.php(34): require_once('/opt/lampp/htdo...')
#10 {main}
CRITICAL - 2020-10-31 20:39:54 --> Trying to access array offset on value of type null
#0 /opt/lampp/htdocs/yukngotel/app/Views/layout/template_admin.php(71): CodeIgniter\Debug\Exceptions->errorHandler()
#1 /opt/lampp/htdocs/yukngotel/vendor/codeigniter4/framework/system/View/View.php(246): include('/opt/lampp/htdo...')
#2 /opt/lampp/htdocs/yukngotel/vendor/codeigniter4/framework/system/View/View.php(257): CodeIgniter\View\View->render()
#3 /opt/lampp/htdocs/yukngotel/vendor/codeigniter4/framework/system/Common.php(1119): CodeIgniter\View\View->render()
#4 /opt/lampp/htdocs/yukngotel/app/Controllers/Akomodasi.php(40): view()
#5 /opt/lampp/htdocs/yukngotel/vendor/codeigniter4/framework/system/CodeIgniter.php(918): App\Controllers\Akomodasi->add()
#6 /opt/lampp/htdocs/yukngotel/vendor/codeigniter4/framework/system/CodeIgniter.php(404): CodeIgniter\CodeIgniter->runController()
#7 /opt/lampp/htdocs/yukngotel/vendor/codeigniter4/framework/system/CodeIgniter.php(312): CodeIgniter\CodeIgniter->handleRequest()
#8 /opt/lampp/htdocs/yukngotel/public/index.php(45): CodeIgniter\CodeIgniter->run()
#9 /opt/lampp/htdocs/yukngotel/vendor/codeigniter4/framework/system/Commands/Server/rewrite.php(34): require_once('/opt/lampp/htdo...')
#10 {main}
CRITICAL - 2020-10-31 20:40:46 --> Trying to access array offset on value of type null
#0 /opt/lampp/htdocs/yukngotel/app/Views/layout/template_admin.php(71): CodeIgniter\Debug\Exceptions->errorHandler()
#1 /opt/lampp/htdocs/yukngotel/vendor/codeigniter4/framework/system/View/View.php(246): include('/opt/lampp/htdo...')
#2 /opt/lampp/htdocs/yukngotel/vendor/codeigniter4/framework/system/View/View.php(257): CodeIgniter\View\View->render()
#3 /opt/lampp/htdocs/yukngotel/vendor/codeigniter4/framework/system/Common.php(1119): CodeIgniter\View\View->render()
#4 /opt/lampp/htdocs/yukngotel/app/Controllers/Akomodasi.php(40): view()
#5 /opt/lampp/htdocs/yukngotel/vendor/codeigniter4/framework/system/CodeIgniter.php(918): App\Controllers\Akomodasi->add()
#6 /opt/lampp/htdocs/yukngotel/vendor/codeigniter4/framework/system/CodeIgniter.php(404): CodeIgniter\CodeIgniter->runController()
#7 /opt/lampp/htdocs/yukngotel/vendor/codeigniter4/framework/system/CodeIgniter.php(312): CodeIgniter\CodeIgniter->handleRequest()
#8 /opt/lampp/htdocs/yukngotel/public/index.php(45): CodeIgniter\CodeIgniter->run()
#9 /opt/lampp/htdocs/yukngotel/vendor/codeigniter4/framework/system/Commands/Server/rewrite.php(34): require_once('/opt/lampp/htdo...')
#10 {main}
CRITICAL - 2020-10-31 20:40:47 --> Trying to access array offset on value of type null
#0 /opt/lampp/htdocs/yukngotel/app/Views/layout/template_admin.php(71): CodeIgniter\Debug\Exceptions->errorHandler()
#1 /opt/lampp/htdocs/yukngotel/vendor/codeigniter4/framework/system/View/View.php(246): include('/opt/lampp/htdo...')
#2 /opt/lampp/htdocs/yukngotel/vendor/codeigniter4/framework/system/View/View.php(257): CodeIgniter\View\View->render()
#3 /opt/lampp/htdocs/yukngotel/vendor/codeigniter4/framework/system/Common.php(1119): CodeIgniter\View\View->render()
#4 /opt/lampp/htdocs/yukngotel/app/Controllers/Akomodasi.php(40): view()
#5 /opt/lampp/htdocs/yukngotel/vendor/codeigniter4/framework/system/CodeIgniter.php(918): App\Controllers\Akomodasi->add()
#6 /opt/lampp/htdocs/yukngotel/vendor/codeigniter4/framework/system/CodeIgniter.php(404): CodeIgniter\CodeIgniter->runController()
#7 /opt/lampp/htdocs/yukngotel/vendor/codeigniter4/framework/system/CodeIgniter.php(312): CodeIgniter\CodeIgniter->handleRequest()
#8 /opt/lampp/htdocs/yukngotel/public/index.php(45): CodeIgniter\CodeIgniter->run()
#9 /opt/lampp/htdocs/yukngotel/vendor/codeigniter4/framework/system/Commands/Server/rewrite.php(34): require_once('/opt/lampp/htdo...')
#10 {main}
CRITICAL - 2020-10-31 20:46:38 --> Trying to access array offset on value of type null
#0 /opt/lampp/htdocs/yukngotel/app/Views/layout/template_admin.php(71): CodeIgniter\Debug\Exceptions->errorHandler()
#1 /opt/lampp/htdocs/yukngotel/vendor/codeigniter4/framework/system/View/View.php(246): include('/opt/lampp/htdo...')
#2 /opt/lampp/htdocs/yukngotel/vendor/codeigniter4/framework/system/View/View.php(257): CodeIgniter\View\View->render()
#3 /opt/lampp/htdocs/yukngotel/vendor/codeigniter4/framework/system/Common.php(1119): CodeIgniter\View\View->render()
#4 /opt/lampp/htdocs/yukngotel/app/Controllers/Akomodasi.php(30): view()
#5 /opt/lampp/htdocs/yukngotel/vendor/codeigniter4/framework/system/CodeIgniter.php(918): App\Controllers\Akomodasi->hotel()
#6 /opt/lampp/htdocs/yukngotel/vendor/codeigniter4/framework/system/CodeIgniter.php(404): CodeIgniter\CodeIgniter->runController()
#7 /opt/lampp/htdocs/yukngotel/vendor/codeigniter4/framework/system/CodeIgniter.php(312): CodeIgniter\CodeIgniter->handleRequest()
#8 /opt/lampp/htdocs/yukngotel/public/index.php(45): CodeIgniter\CodeIgniter->run()
#9 /opt/lampp/htdocs/yukngotel/vendor/codeigniter4/framework/system/Commands/Server/rewrite.php(34): require_once('/opt/lampp/htdo...')
#10 {main}
CRITICAL - 2020-10-31 21:59:56 --> Column 'nama_akomodasi' cannot be null
#0 /opt/lampp/htdocs/yukngotel/vendor/codeigniter4/framework/system/Database/MySQLi/Connection.php(331): mysqli->query()
#1 /opt/lampp/htdocs/yukngotel/vendor/codeigniter4/framework/system/Database/BaseConnection.php(741): CodeIgniter\Database\MySQLi\Connection->execute()
#2 /opt/lampp/htdocs/yukngotel/vendor/codeigniter4/framework/system/Database/BaseConnection.php(669): CodeIgniter\Database\BaseConnection->simpleQuery()
#3 /opt/lampp/htdocs/yukngotel/vendor/codeigniter4/framework/system/Database/BaseBuilder.php(2249): CodeIgniter\Database\BaseConnection->query()
#4 /opt/lampp/htdocs/yukngotel/vendor/codeigniter4/framework/system/Model.php(755): CodeIgniter\Database\BaseBuilder->insert()
#5 /opt/lampp/htdocs/yukngotel/vendor/codeigniter4/framework/system/Model.php(574): CodeIgniter\Model->insert()
#6 /opt/lampp/htdocs/yukngotel/app/Controllers/Akomodasi.php(51): CodeIgniter\Model->save()
#7 /opt/lampp/htdocs/yukngotel/vendor/codeigniter4/framework/system/CodeIgniter.php(918): App\Controllers\Akomodasi->save()
#8 /opt/lampp/htdocs/yukngotel/vendor/codeigniter4/framework/system/CodeIgniter.php(404): CodeIgniter\CodeIgniter->runController()
#9 /opt/lampp/htdocs/yukngotel/vendor/codeigniter4/framework/system/CodeIgniter.php(312): CodeIgniter\CodeIgniter->handleRequest()
#10 /opt/lampp/htdocs/yukngotel/public/index.php(45): CodeIgniter\CodeIgniter->run()
#11 /opt/lampp/htdocs/yukngotel/vendor/codeigniter4/framework/system/Commands/Server/rewrite.php(34): require_once('/opt/lampp/htdo...')
#12 {main}
CRITICAL - 2020-10-31 22:02:07 --> Column 'nama_akomodasi' cannot be null
#0 /opt/lampp/htdocs/yukngotel/vendor/codeigniter4/framework/system/Database/MySQLi/Connection.php(331): mysqli->query()
#1 /opt/lampp/htdocs/yukngotel/vendor/codeigniter4/framework/system/Database/BaseConnection.php(741): CodeIgniter\Database\MySQLi\Connection->execute()
#2 /opt/lampp/htdocs/yukngotel/vendor/codeigniter4/framework/system/Database/BaseConnection.php(669): CodeIgniter\Database\BaseConnection->simpleQuery()
#3 /opt/lampp/htdocs/yukngotel/vendor/codeigniter4/framework/system/Database/BaseBuilder.php(2249): CodeIgniter\Database\BaseConnection->query()
#4 /opt/lampp/htdocs/yukngotel/vendor/codeigniter4/framework/system/Model.php(755): CodeIgniter\Database\BaseBuilder->insert()
#5 /opt/lampp/htdocs/yukngotel/vendor/codeigniter4/framework/system/Model.php(574): CodeIgniter\Model->insert()
#6 /opt/lampp/htdocs/yukngotel/app/Controllers/Akomodasi.php(51): CodeIgniter\Model->save()
#7 /opt/lampp/htdocs/yukngotel/vendor/codeigniter4/framework/system/CodeIgniter.php(918): App\Controllers\Akomodasi->save()
#8 /opt/lampp/htdocs/yukngotel/vendor/codeigniter4/framework/system/CodeIgniter.php(404): CodeIgniter\CodeIgniter->runController()
#9 /opt/lampp/htdocs/yukngotel/vendor/codeigniter4/framework/system/CodeIgniter.php(312): CodeIgniter\CodeIgniter->handleRequest()
#10 /opt/lampp/htdocs/yukngotel/public/index.php(45): CodeIgniter\CodeIgniter->run()
#11 /opt/lampp/htdocs/yukngotel/vendor/codeigniter4/framework/system/Commands/Server/rewrite.php(34): require_once('/opt/lampp/htdo...')
#12 {main}
CRITICAL - 2020-10-31 22:02:57 --> Column 'tag' cannot be null
#0 /opt/lampp/htdocs/yukngotel/vendor/codeigniter4/framework/system/Database/MySQLi/Connection.php(331): mysqli->query()
#1 /opt/lampp/htdocs/yukngotel/vendor/codeigniter4/framework/system/Database/BaseConnection.php(741): CodeIgniter\Database\MySQLi\Connection->execute()
#2 /opt/lampp/htdocs/yukngotel/vendor/codeigniter4/framework/system/Database/BaseConnection.php(669): CodeIgniter\Database\BaseConnection->simpleQuery()
#3 /opt/lampp/htdocs/yukngotel/vendor/codeigniter4/framework/system/Database/BaseBuilder.php(2249): CodeIgniter\Database\BaseConnection->query()
#4 /opt/lampp/htdocs/yukngotel/vendor/codeigniter4/framework/system/Model.php(755): CodeIgniter\Database\BaseBuilder->insert()
#5 /opt/lampp/htdocs/yukngotel/vendor/codeigniter4/framework/system/Model.php(574): CodeIgniter\Model->insert()
#6 /opt/lampp/htdocs/yukngotel/app/Controllers/Akomodasi.php(51): CodeIgniter\Model->save()
#7 /opt/lampp/htdocs/yukngotel/vendor/codeigniter4/framework/system/CodeIgniter.php(918): App\Controllers\Akomodasi->save()
#8 /opt/lampp/htdocs/yukngotel/vendor/codeigniter4/framework/system/CodeIgniter.php(404): CodeIgniter\CodeIgniter->runController()
#9 /opt/lampp/htdocs/yukngotel/vendor/codeigniter4/framework/system/CodeIgniter.php(312): CodeIgniter\CodeIgniter->handleRequest()
#10 /opt/lampp/htdocs/yukngotel/public/index.php(45): CodeIgniter\CodeIgniter->run()
#11 /opt/lampp/htdocs/yukngotel/vendor/codeigniter4/framework/system/Commands/Server/rewrite.php(34): require_once('/opt/lampp/htdo...')
#12 {main}
