CRITICAL - 2020-10-18 01:25:03 --> Undefined index: id_akun
#0 /opt/lampp/htdocs/ngotelkuy/app/Controllers/Admin.php(85): CodeIgniter\Debug\Exceptions->errorHandler()
#1 /opt/lampp/htdocs/ngotelkuy/vendor/codeigniter4/framework/system/CodeIgniter.php(918): App\Controllers\Admin->update_admin()
#2 /opt/lampp/htdocs/ngotelkuy/vendor/codeigniter4/framework/system/CodeIgniter.php(404): CodeIgniter\CodeIgniter->runController()
#3 /opt/lampp/htdocs/ngotelkuy/vendor/codeigniter4/framework/system/CodeIgniter.php(312): CodeIgniter\CodeIgniter->handleRequest()
#4 /opt/lampp/htdocs/ngotelkuy/public/index.php(45): CodeIgniter\CodeIgniter->run()
#5 /opt/lampp/htdocs/ngotelkuy/vendor/codeigniter4/framework/system/Commands/Server/rewrite.php(34): require_once('/opt/lampp/htdo...')
#6 {main}
CRITICAL - 2020-10-18 01:25:24 --> Undefined index: id_akun
#0 /opt/lampp/htdocs/ngotelkuy/app/Controllers/Admin.php(85): CodeIgniter\Debug\Exceptions->errorHandler()
#1 /opt/lampp/htdocs/ngotelkuy/vendor/codeigniter4/framework/system/CodeIgniter.php(918): App\Controllers\Admin->update_admin()
#2 /opt/lampp/htdocs/ngotelkuy/vendor/codeigniter4/framework/system/CodeIgniter.php(404): CodeIgniter\CodeIgniter->runController()
#3 /opt/lampp/htdocs/ngotelkuy/vendor/codeigniter4/framework/system/CodeIgniter.php(312): CodeIgniter\CodeIgniter->handleRequest()
#4 /opt/lampp/htdocs/ngotelkuy/public/index.php(45): CodeIgniter\CodeIgniter->run()
#5 /opt/lampp/htdocs/ngotelkuy/vendor/codeigniter4/framework/system/Commands/Server/rewrite.php(34): require_once('/opt/lampp/htdo...')
#6 {main}
CRITICAL - 2020-10-18 01:25:31 --> Undefined index: id_akun
#0 /opt/lampp/htdocs/ngotelkuy/app/Controllers/Admin.php(85): CodeIgniter\Debug\Exceptions->errorHandler()
#1 /opt/lampp/htdocs/ngotelkuy/vendor/codeigniter4/framework/system/CodeIgniter.php(918): App\Controllers\Admin->update_admin()
#2 /opt/lampp/htdocs/ngotelkuy/vendor/codeigniter4/framework/system/CodeIgniter.php(404): CodeIgniter\CodeIgniter->runController()
#3 /opt/lampp/htdocs/ngotelkuy/vendor/codeigniter4/framework/system/CodeIgniter.php(312): CodeIgniter\CodeIgniter->handleRequest()
#4 /opt/lampp/htdocs/ngotelkuy/public/index.php(45): CodeIgniter\CodeIgniter->run()
#5 /opt/lampp/htdocs/ngotelkuy/vendor/codeigniter4/framework/system/Commands/Server/rewrite.php(34): require_once('/opt/lampp/htdo...')
#6 {main}
CRITICAL - 2020-10-18 01:25:59 --> Undefined index: id_akun
#0 /opt/lampp/htdocs/ngotelkuy/app/Controllers/Admin.php(85): CodeIgniter\Debug\Exceptions->errorHandler()
#1 /opt/lampp/htdocs/ngotelkuy/vendor/codeigniter4/framework/system/CodeIgniter.php(918): App\Controllers\Admin->update_admin()
#2 /opt/lampp/htdocs/ngotelkuy/vendor/codeigniter4/framework/system/CodeIgniter.php(404): CodeIgniter\CodeIgniter->runController()
#3 /opt/lampp/htdocs/ngotelkuy/vendor/codeigniter4/framework/system/CodeIgniter.php(312): CodeIgniter\CodeIgniter->handleRequest()
#4 /opt/lampp/htdocs/ngotelkuy/public/index.php(45): CodeIgniter\CodeIgniter->run()
#5 /opt/lampp/htdocs/ngotelkuy/vendor/codeigniter4/framework/system/Commands/Server/rewrite.php(34): require_once('/opt/lampp/htdo...')
#6 {main}
CRITICAL - 2020-10-18 01:27:38 --> Undefined index: id_akun
#0 /opt/lampp/htdocs/ngotelkuy/app/Controllers/Admin.php(85): CodeIgniter\Debug\Exceptions->errorHandler()
#1 /opt/lampp/htdocs/ngotelkuy/vendor/codeigniter4/framework/system/CodeIgniter.php(918): App\Controllers\Admin->update_admin()
#2 /opt/lampp/htdocs/ngotelkuy/vendor/codeigniter4/framework/system/CodeIgniter.php(404): CodeIgniter\CodeIgniter->runController()
#3 /opt/lampp/htdocs/ngotelkuy/vendor/codeigniter4/framework/system/CodeIgniter.php(312): CodeIgniter\CodeIgniter->handleRequest()
#4 /opt/lampp/htdocs/ngotelkuy/public/index.php(45): CodeIgniter\CodeIgniter->run()
#5 /opt/lampp/htdocs/ngotelkuy/vendor/codeigniter4/framework/system/Commands/Server/rewrite.php(34): require_once('/opt/lampp/htdo...')
#6 {main}
CRITICAL - 2020-10-18 01:28:12 --> Undefined index: id_akun
#0 /opt/lampp/htdocs/ngotelkuy/app/Controllers/Admin.php(85): CodeIgniter\Debug\Exceptions->errorHandler()
#1 /opt/lampp/htdocs/ngotelkuy/vendor/codeigniter4/framework/system/CodeIgniter.php(918): App\Controllers\Admin->update_admin()
#2 /opt/lampp/htdocs/ngotelkuy/vendor/codeigniter4/framework/system/CodeIgniter.php(404): CodeIgniter\CodeIgniter->runController()
#3 /opt/lampp/htdocs/ngotelkuy/vendor/codeigniter4/framework/system/CodeIgniter.php(312): CodeIgniter\CodeIgniter->handleRequest()
#4 /opt/lampp/htdocs/ngotelkuy/public/index.php(45): CodeIgniter\CodeIgniter->run()
#5 /opt/lampp/htdocs/ngotelkuy/vendor/codeigniter4/framework/system/Commands/Server/rewrite.php(34): require_once('/opt/lampp/htdo...')
#6 {main}
CRITICAL - 2020-10-18 01:28:16 --> Undefined index: id_akun
#0 /opt/lampp/htdocs/ngotelkuy/app/Controllers/Admin.php(85): CodeIgniter\Debug\Exceptions->errorHandler()
#1 /opt/lampp/htdocs/ngotelkuy/vendor/codeigniter4/framework/system/CodeIgniter.php(918): App\Controllers\Admin->update_admin()
#2 /opt/lampp/htdocs/ngotelkuy/vendor/codeigniter4/framework/system/CodeIgniter.php(404): CodeIgniter\CodeIgniter->runController()
#3 /opt/lampp/htdocs/ngotelkuy/vendor/codeigniter4/framework/system/CodeIgniter.php(312): CodeIgniter\CodeIgniter->handleRequest()
#4 /opt/lampp/htdocs/ngotelkuy/public/index.php(45): CodeIgniter\CodeIgniter->run()
#5 /opt/lampp/htdocs/ngotelkuy/vendor/codeigniter4/framework/system/Commands/Server/rewrite.php(34): require_once('/opt/lampp/htdo...')
#6 {main}
CRITICAL - 2020-10-18 01:28:19 --> Undefined index: id_akun
#0 /opt/lampp/htdocs/ngotelkuy/app/Controllers/Admin.php(85): CodeIgniter\Debug\Exceptions->errorHandler()
#1 /opt/lampp/htdocs/ngotelkuy/vendor/codeigniter4/framework/system/CodeIgniter.php(918): App\Controllers\Admin->update_admin()
#2 /opt/lampp/htdocs/ngotelkuy/vendor/codeigniter4/framework/system/CodeIgniter.php(404): CodeIgniter\CodeIgniter->runController()
#3 /opt/lampp/htdocs/ngotelkuy/vendor/codeigniter4/framework/system/CodeIgniter.php(312): CodeIgniter\CodeIgniter->handleRequest()
#4 /opt/lampp/htdocs/ngotelkuy/public/index.php(45): CodeIgniter\CodeIgniter->run()
#5 /opt/lampp/htdocs/ngotelkuy/vendor/codeigniter4/framework/system/Commands/Server/rewrite.php(34): require_once('/opt/lampp/htdo...')
#6 {main}
CRITICAL - 2020-10-18 01:28:21 --> Undefined index: id_akun
#0 /opt/lampp/htdocs/ngotelkuy/app/Controllers/Admin.php(85): CodeIgniter\Debug\Exceptions->errorHandler()
#1 /opt/lampp/htdocs/ngotelkuy/vendor/codeigniter4/framework/system/CodeIgniter.php(918): App\Controllers\Admin->update_admin()
#2 /opt/lampp/htdocs/ngotelkuy/vendor/codeigniter4/framework/system/CodeIgniter.php(404): CodeIgniter\CodeIgniter->runController()
#3 /opt/lampp/htdocs/ngotelkuy/vendor/codeigniter4/framework/system/CodeIgniter.php(312): CodeIgniter\CodeIgniter->handleRequest()
#4 /opt/lampp/htdocs/ngotelkuy/public/index.php(45): CodeIgniter\CodeIgniter->run()
#5 /opt/lampp/htdocs/ngotelkuy/vendor/codeigniter4/framework/system/Commands/Server/rewrite.php(34): require_once('/opt/lampp/htdo...')
#6 {main}
CRITICAL - 2020-10-18 01:28:30 --> Undefined index: id_akun
#0 /opt/lampp/htdocs/ngotelkuy/app/Controllers/Admin.php(85): CodeIgniter\Debug\Exceptions->errorHandler()
#1 /opt/lampp/htdocs/ngotelkuy/vendor/codeigniter4/framework/system/CodeIgniter.php(918): App\Controllers\Admin->update_admin()
#2 /opt/lampp/htdocs/ngotelkuy/vendor/codeigniter4/framework/system/CodeIgniter.php(404): CodeIgniter\CodeIgniter->runController()
#3 /opt/lampp/htdocs/ngotelkuy/vendor/codeigniter4/framework/system/CodeIgniter.php(312): CodeIgniter\CodeIgniter->handleRequest()
#4 /opt/lampp/htdocs/ngotelkuy/public/index.php(45): CodeIgniter\CodeIgniter->run()
#5 /opt/lampp/htdocs/ngotelkuy/vendor/codeigniter4/framework/system/Commands/Server/rewrite.php(34): require_once('/opt/lampp/htdo...')
#6 {main}
CRITICAL - 2020-10-18 01:28:51 --> Undefined index: id_akun
#0 /opt/lampp/htdocs/ngotelkuy/app/Controllers/Admin.php(85): CodeIgniter\Debug\Exceptions->errorHandler()
#1 /opt/lampp/htdocs/ngotelkuy/vendor/codeigniter4/framework/system/CodeIgniter.php(918): App\Controllers\Admin->update_admin()
#2 /opt/lampp/htdocs/ngotelkuy/vendor/codeigniter4/framework/system/CodeIgniter.php(404): CodeIgniter\CodeIgniter->runController()
#3 /opt/lampp/htdocs/ngotelkuy/vendor/codeigniter4/framework/system/CodeIgniter.php(312): CodeIgniter\CodeIgniter->handleRequest()
#4 /opt/lampp/htdocs/ngotelkuy/public/index.php(45): CodeIgniter\CodeIgniter->run()
#5 /opt/lampp/htdocs/ngotelkuy/vendor/codeigniter4/framework/system/Commands/Server/rewrite.php(34): require_once('/opt/lampp/htdo...')
#6 {main}
CRITICAL - 2020-10-18 01:34:15 --> Undefined index: id_akun
#0 /opt/lampp/htdocs/ngotelkuy/app/Controllers/Admin.php(85): CodeIgniter\Debug\Exceptions->errorHandler()
#1 /opt/lampp/htdocs/ngotelkuy/vendor/codeigniter4/framework/system/CodeIgniter.php(918): App\Controllers\Admin->update_admin()
#2 /opt/lampp/htdocs/ngotelkuy/vendor/codeigniter4/framework/system/CodeIgniter.php(404): CodeIgniter\CodeIgniter->runController()
#3 /opt/lampp/htdocs/ngotelkuy/vendor/codeigniter4/framework/system/CodeIgniter.php(312): CodeIgniter\CodeIgniter->handleRequest()
#4 /opt/lampp/htdocs/ngotelkuy/public/index.php(45): CodeIgniter\CodeIgniter->run()
#5 /opt/lampp/htdocs/ngotelkuy/vendor/codeigniter4/framework/system/Commands/Server/rewrite.php(34): require_once('/opt/lampp/htdo...')
#6 {main}
CRITICAL - 2020-10-18 01:34:17 --> Undefined index: id_akun
#0 /opt/lampp/htdocs/ngotelkuy/app/Controllers/Admin.php(85): CodeIgniter\Debug\Exceptions->errorHandler()
#1 /opt/lampp/htdocs/ngotelkuy/vendor/codeigniter4/framework/system/CodeIgniter.php(918): App\Controllers\Admin->update_admin()
#2 /opt/lampp/htdocs/ngotelkuy/vendor/codeigniter4/framework/system/CodeIgniter.php(404): CodeIgniter\CodeIgniter->runController()
#3 /opt/lampp/htdocs/ngotelkuy/vendor/codeigniter4/framework/system/CodeIgniter.php(312): CodeIgniter\CodeIgniter->handleRequest()
#4 /opt/lampp/htdocs/ngotelkuy/public/index.php(45): CodeIgniter\CodeIgniter->run()
#5 /opt/lampp/htdocs/ngotelkuy/vendor/codeigniter4/framework/system/Commands/Server/rewrite.php(34): require_once('/opt/lampp/htdo...')
#6 {main}
CRITICAL - 2020-10-18 01:39:03 --> Undefined index: id_akun
#0 /opt/lampp/htdocs/ngotelkuy/app/Controllers/Admin.php(85): CodeIgniter\Debug\Exceptions->errorHandler()
#1 /opt/lampp/htdocs/ngotelkuy/vendor/codeigniter4/framework/system/CodeIgniter.php(918): App\Controllers\Admin->update_admin()
#2 /opt/lampp/htdocs/ngotelkuy/vendor/codeigniter4/framework/system/CodeIgniter.php(404): CodeIgniter\CodeIgniter->runController()
#3 /opt/lampp/htdocs/ngotelkuy/vendor/codeigniter4/framework/system/CodeIgniter.php(312): CodeIgniter\CodeIgniter->handleRequest()
#4 /opt/lampp/htdocs/ngotelkuy/public/index.php(45): CodeIgniter\CodeIgniter->run()
#5 /opt/lampp/htdocs/ngotelkuy/vendor/codeigniter4/framework/system/Commands/Server/rewrite.php(34): require_once('/opt/lampp/htdo...')
#6 {main}
CRITICAL - 2020-10-18 01:39:41 --> Undefined index: id_akun
#0 /opt/lampp/htdocs/ngotelkuy/app/Controllers/Admin.php(85): CodeIgniter\Debug\Exceptions->errorHandler()
#1 /opt/lampp/htdocs/ngotelkuy/vendor/codeigniter4/framework/system/CodeIgniter.php(918): App\Controllers\Admin->update_admin()
#2 /opt/lampp/htdocs/ngotelkuy/vendor/codeigniter4/framework/system/CodeIgniter.php(404): CodeIgniter\CodeIgniter->runController()
#3 /opt/lampp/htdocs/ngotelkuy/vendor/codeigniter4/framework/system/CodeIgniter.php(312): CodeIgniter\CodeIgniter->handleRequest()
#4 /opt/lampp/htdocs/ngotelkuy/public/index.php(45): CodeIgniter\CodeIgniter->run()
#5 /opt/lampp/htdocs/ngotelkuy/vendor/codeigniter4/framework/system/Commands/Server/rewrite.php(34): require_once('/opt/lampp/htdo...')
#6 {main}
CRITICAL - 2020-10-18 01:40:46 --> Undefined index: id_akun
#0 /opt/lampp/htdocs/ngotelkuy/app/Controllers/Admin.php(85): CodeIgniter\Debug\Exceptions->errorHandler()
#1 /opt/lampp/htdocs/ngotelkuy/vendor/codeigniter4/framework/system/CodeIgniter.php(918): App\Controllers\Admin->update_admin()
#2 /opt/lampp/htdocs/ngotelkuy/vendor/codeigniter4/framework/system/CodeIgniter.php(404): CodeIgniter\CodeIgniter->runController()
#3 /opt/lampp/htdocs/ngotelkuy/vendor/codeigniter4/framework/system/CodeIgniter.php(312): CodeIgniter\CodeIgniter->handleRequest()
#4 /opt/lampp/htdocs/ngotelkuy/public/index.php(45): CodeIgniter\CodeIgniter->run()
#5 /opt/lampp/htdocs/ngotelkuy/vendor/codeigniter4/framework/system/Commands/Server/rewrite.php(34): require_once('/opt/lampp/htdo...')
#6 {main}
CRITICAL - 2020-10-18 01:43:39 --> Too few arguments to function App\Controllers\Admin::update_admin(), 0 passed in /opt/lampp/htdocs/ngotelkuy/vendor/codeigniter4/framework/system/CodeIgniter.php on line 918 and exactly 1 expected
#0 /opt/lampp/htdocs/ngotelkuy/vendor/codeigniter4/framework/system/CodeIgniter.php(918): App\Controllers\Admin->update_admin()
#1 /opt/lampp/htdocs/ngotelkuy/vendor/codeigniter4/framework/system/CodeIgniter.php(404): CodeIgniter\CodeIgniter->runController()
#2 /opt/lampp/htdocs/ngotelkuy/vendor/codeigniter4/framework/system/CodeIgniter.php(312): CodeIgniter\CodeIgniter->handleRequest()
#3 /opt/lampp/htdocs/ngotelkuy/public/index.php(45): CodeIgniter\CodeIgniter->run()
#4 /opt/lampp/htdocs/ngotelkuy/vendor/codeigniter4/framework/system/Commands/Server/rewrite.php(34): require_once('/opt/lampp/htdo...')
#5 {main}
CRITICAL - 2020-10-18 01:43:44 --> Too few arguments to function App\Controllers\Admin::update_admin(), 0 passed in /opt/lampp/htdocs/ngotelkuy/vendor/codeigniter4/framework/system/CodeIgniter.php on line 918 and exactly 1 expected
#0 /opt/lampp/htdocs/ngotelkuy/vendor/codeigniter4/framework/system/CodeIgniter.php(918): App\Controllers\Admin->update_admin()
#1 /opt/lampp/htdocs/ngotelkuy/vendor/codeigniter4/framework/system/CodeIgniter.php(404): CodeIgniter\CodeIgniter->runController()
#2 /opt/lampp/htdocs/ngotelkuy/vendor/codeigniter4/framework/system/CodeIgniter.php(312): CodeIgniter\CodeIgniter->handleRequest()
#3 /opt/lampp/htdocs/ngotelkuy/public/index.php(45): CodeIgniter\CodeIgniter->run()
#4 /opt/lampp/htdocs/ngotelkuy/vendor/codeigniter4/framework/system/Commands/Server/rewrite.php(34): require_once('/opt/lampp/htdo...')
#5 {main}
CRITICAL - 2020-10-18 01:44:23 --> Too few arguments to function App\Controllers\Admin::update_admin(), 0 passed in /opt/lampp/htdocs/ngotelkuy/vendor/codeigniter4/framework/system/CodeIgniter.php on line 918 and exactly 1 expected
#0 /opt/lampp/htdocs/ngotelkuy/vendor/codeigniter4/framework/system/CodeIgniter.php(918): App\Controllers\Admin->update_admin()
#1 /opt/lampp/htdocs/ngotelkuy/vendor/codeigniter4/framework/system/CodeIgniter.php(404): CodeIgniter\CodeIgniter->runController()
#2 /opt/lampp/htdocs/ngotelkuy/vendor/codeigniter4/framework/system/CodeIgniter.php(312): CodeIgniter\CodeIgniter->handleRequest()
#3 /opt/lampp/htdocs/ngotelkuy/public/index.php(45): CodeIgniter\CodeIgniter->run()
#4 /opt/lampp/htdocs/ngotelkuy/vendor/codeigniter4/framework/system/Commands/Server/rewrite.php(34): require_once('/opt/lampp/htdo...')
#5 {main}
CRITICAL - 2020-10-18 01:44:39 --> Too few arguments to function App\Controllers\Admin::update_admin(), 0 passed in /opt/lampp/htdocs/ngotelkuy/vendor/codeigniter4/framework/system/CodeIgniter.php on line 918 and exactly 1 expected
#0 /opt/lampp/htdocs/ngotelkuy/vendor/codeigniter4/framework/system/CodeIgniter.php(918): App\Controllers\Admin->update_admin()
#1 /opt/lampp/htdocs/ngotelkuy/vendor/codeigniter4/framework/system/CodeIgniter.php(404): CodeIgniter\CodeIgniter->runController()
#2 /opt/lampp/htdocs/ngotelkuy/vendor/codeigniter4/framework/system/CodeIgniter.php(312): CodeIgniter\CodeIgniter->handleRequest()
#3 /opt/lampp/htdocs/ngotelkuy/public/index.php(45): CodeIgniter\CodeIgniter->run()
#4 /opt/lampp/htdocs/ngotelkuy/vendor/codeigniter4/framework/system/Commands/Server/rewrite.php(34): require_once('/opt/lampp/htdo...')
#5 {main}
CRITICAL - 2020-10-18 01:45:20 --> Too few arguments to function App\Controllers\Admin::update_admin(), 0 passed in /opt/lampp/htdocs/ngotelkuy/vendor/codeigniter4/framework/system/CodeIgniter.php on line 918 and exactly 1 expected
#0 /opt/lampp/htdocs/ngotelkuy/vendor/codeigniter4/framework/system/CodeIgniter.php(918): App\Controllers\Admin->update_admin()
#1 /opt/lampp/htdocs/ngotelkuy/vendor/codeigniter4/framework/system/CodeIgniter.php(404): CodeIgniter\CodeIgniter->runController()
#2 /opt/lampp/htdocs/ngotelkuy/vendor/codeigniter4/framework/system/CodeIgniter.php(312): CodeIgniter\CodeIgniter->handleRequest()
#3 /opt/lampp/htdocs/ngotelkuy/public/index.php(45): CodeIgniter\CodeIgniter->run()
#4 /opt/lampp/htdocs/ngotelkuy/vendor/codeigniter4/framework/system/Commands/Server/rewrite.php(34): require_once('/opt/lampp/htdo...')
#5 {main}
CRITICAL - 2020-10-18 12:01:37 --> Undefined property: App\Controllers\Auth::$m_admin
#0 /opt/lampp/htdocs/ngotelkuy/app/Controllers/Auth.php(51): CodeIgniter\Debug\Exceptions->errorHandler()
#1 /opt/lampp/htdocs/ngotelkuy/vendor/codeigniter4/framework/system/CodeIgniter.php(918): App\Controllers\Auth->regis()
#2 /opt/lampp/htdocs/ngotelkuy/vendor/codeigniter4/framework/system/CodeIgniter.php(404): CodeIgniter\CodeIgniter->runController()
#3 /opt/lampp/htdocs/ngotelkuy/vendor/codeigniter4/framework/system/CodeIgniter.php(312): CodeIgniter\CodeIgniter->handleRequest()
#4 /opt/lampp/htdocs/ngotelkuy/public/index.php(45): CodeIgniter\CodeIgniter->run()
#5 /opt/lampp/htdocs/ngotelkuy/vendor/codeigniter4/framework/system/Commands/Server/rewrite.php(34): require_once('/opt/lampp/htdo...')
#6 {main}
