CRITICAL - 2020-10-25 01:15:28 --> syntax error, unexpected '}'
#0 /opt/lampp/htdocs/yukngotel/vendor/codeigniter4/framework/system/Router/Router.php(195): CodeIgniter\Router\Router->autoRoute()
#1 /opt/lampp/htdocs/yukngotel/vendor/codeigniter4/framework/system/CodeIgniter.php(793): CodeIgniter\Router\Router->handle()
#2 /opt/lampp/htdocs/yukngotel/vendor/codeigniter4/framework/system/CodeIgniter.php(364): CodeIgniter\CodeIgniter->tryToRouteIt()
#3 /opt/lampp/htdocs/yukngotel/vendor/codeigniter4/framework/system/CodeIgniter.php(312): CodeIgniter\CodeIgniter->handleRequest()
#4 /opt/lampp/htdocs/yukngotel/public/index.php(45): CodeIgniter\CodeIgniter->run()
#5 /opt/lampp/htdocs/yukngotel/vendor/codeigniter4/framework/system/Commands/Server/rewrite.php(34): require_once('/opt/lampp/htdo...')
#6 {main}
CRITICAL - 2020-10-25 01:16:06 --> Undefined variable: msg
#0 /opt/lampp/htdocs/yukngotel/app/Controllers/Admin.php(171): CodeIgniter\Debug\Exceptions->errorHandler()
#1 /opt/lampp/htdocs/yukngotel/vendor/codeigniter4/framework/system/CodeIgniter.php(918): App\Controllers\Admin->save_receptionist()
#2 /opt/lampp/htdocs/yukngotel/vendor/codeigniter4/framework/system/CodeIgniter.php(404): CodeIgniter\CodeIgniter->runController()
#3 /opt/lampp/htdocs/yukngotel/vendor/codeigniter4/framework/system/CodeIgniter.php(312): CodeIgniter\CodeIgniter->handleRequest()
#4 /opt/lampp/htdocs/yukngotel/public/index.php(45): CodeIgniter\CodeIgniter->run()
#5 /opt/lampp/htdocs/yukngotel/vendor/codeigniter4/framework/system/Commands/Server/rewrite.php(34): require_once('/opt/lampp/htdo...')
#6 {main}
CRITICAL - 2020-10-25 01:16:19 --> Undefined variable: msg
#0 /opt/lampp/htdocs/yukngotel/app/Controllers/Admin.php(171): CodeIgniter\Debug\Exceptions->errorHandler()
#1 /opt/lampp/htdocs/yukngotel/vendor/codeigniter4/framework/system/CodeIgniter.php(918): App\Controllers\Admin->save_receptionist()
#2 /opt/lampp/htdocs/yukngotel/vendor/codeigniter4/framework/system/CodeIgniter.php(404): CodeIgniter\CodeIgniter->runController()
#3 /opt/lampp/htdocs/yukngotel/vendor/codeigniter4/framework/system/CodeIgniter.php(312): CodeIgniter\CodeIgniter->handleRequest()
#4 /opt/lampp/htdocs/yukngotel/public/index.php(45): CodeIgniter\CodeIgniter->run()
#5 /opt/lampp/htdocs/yukngotel/vendor/codeigniter4/framework/system/Commands/Server/rewrite.php(34): require_once('/opt/lampp/htdo...')
#6 {main}
CRITICAL - 2020-10-25 01:20:52 --> Undefined variable: msg
#0 /opt/lampp/htdocs/yukngotel/app/Controllers/Admin.php(171): CodeIgniter\Debug\Exceptions->errorHandler()
#1 /opt/lampp/htdocs/yukngotel/vendor/codeigniter4/framework/system/CodeIgniter.php(918): App\Controllers\Admin->save_receptionist()
#2 /opt/lampp/htdocs/yukngotel/vendor/codeigniter4/framework/system/CodeIgniter.php(404): CodeIgniter\CodeIgniter->runController()
#3 /opt/lampp/htdocs/yukngotel/vendor/codeigniter4/framework/system/CodeIgniter.php(312): CodeIgniter\CodeIgniter->handleRequest()
#4 /opt/lampp/htdocs/yukngotel/public/index.php(45): CodeIgniter\CodeIgniter->run()
#5 /opt/lampp/htdocs/yukngotel/vendor/codeigniter4/framework/system/Commands/Server/rewrite.php(34): require_once('/opt/lampp/htdo...')
#6 {main}
CRITICAL - 2020-10-25 01:20:58 --> Undefined variable: msg
#0 /opt/lampp/htdocs/yukngotel/app/Controllers/Admin.php(171): CodeIgniter\Debug\Exceptions->errorHandler()
#1 /opt/lampp/htdocs/yukngotel/vendor/codeigniter4/framework/system/CodeIgniter.php(918): App\Controllers\Admin->save_receptionist()
#2 /opt/lampp/htdocs/yukngotel/vendor/codeigniter4/framework/system/CodeIgniter.php(404): CodeIgniter\CodeIgniter->runController()
#3 /opt/lampp/htdocs/yukngotel/vendor/codeigniter4/framework/system/CodeIgniter.php(312): CodeIgniter\CodeIgniter->handleRequest()
#4 /opt/lampp/htdocs/yukngotel/public/index.php(45): CodeIgniter\CodeIgniter->run()
#5 /opt/lampp/htdocs/yukngotel/vendor/codeigniter4/framework/system/Commands/Server/rewrite.php(34): require_once('/opt/lampp/htdo...')
#6 {main}
CRITICAL - 2020-10-25 01:30:09 --> Undefined variable: msg
#0 /opt/lampp/htdocs/yukngotel/app/Controllers/Admin.php(168): CodeIgniter\Debug\Exceptions->errorHandler()
#1 /opt/lampp/htdocs/yukngotel/vendor/codeigniter4/framework/system/CodeIgniter.php(918): App\Controllers\Admin->save_receptionist()
#2 /opt/lampp/htdocs/yukngotel/vendor/codeigniter4/framework/system/CodeIgniter.php(404): CodeIgniter\CodeIgniter->runController()
#3 /opt/lampp/htdocs/yukngotel/vendor/codeigniter4/framework/system/CodeIgniter.php(312): CodeIgniter\CodeIgniter->handleRequest()
#4 /opt/lampp/htdocs/yukngotel/public/index.php(45): CodeIgniter\CodeIgniter->run()
#5 /opt/lampp/htdocs/yukngotel/vendor/codeigniter4/framework/system/Commands/Server/rewrite.php(34): require_once('/opt/lampp/htdo...')
#6 {main}
CRITICAL - 2020-10-25 01:32:53 --> Undefined variable: msg
#0 /opt/lampp/htdocs/yukngotel/app/Controllers/Admin.php(168): CodeIgniter\Debug\Exceptions->errorHandler()
#1 /opt/lampp/htdocs/yukngotel/vendor/codeigniter4/framework/system/CodeIgniter.php(918): App\Controllers\Admin->save_receptionist()
#2 /opt/lampp/htdocs/yukngotel/vendor/codeigniter4/framework/system/CodeIgniter.php(404): CodeIgniter\CodeIgniter->runController()
#3 /opt/lampp/htdocs/yukngotel/vendor/codeigniter4/framework/system/CodeIgniter.php(312): CodeIgniter\CodeIgniter->handleRequest()
#4 /opt/lampp/htdocs/yukngotel/public/index.php(45): CodeIgniter\CodeIgniter->run()
#5 /opt/lampp/htdocs/yukngotel/vendor/codeigniter4/framework/system/Commands/Server/rewrite.php(34): require_once('/opt/lampp/htdo...')
#6 {main}
CRITICAL - 2020-10-25 01:34:12 --> Undefined variable: msg
#0 /opt/lampp/htdocs/yukngotel/app/Controllers/Admin.php(167): CodeIgniter\Debug\Exceptions->errorHandler()
#1 /opt/lampp/htdocs/yukngotel/vendor/codeigniter4/framework/system/CodeIgniter.php(918): App\Controllers\Admin->save_receptionist()
#2 /opt/lampp/htdocs/yukngotel/vendor/codeigniter4/framework/system/CodeIgniter.php(404): CodeIgniter\CodeIgniter->runController()
#3 /opt/lampp/htdocs/yukngotel/vendor/codeigniter4/framework/system/CodeIgniter.php(312): CodeIgniter\CodeIgniter->handleRequest()
#4 /opt/lampp/htdocs/yukngotel/public/index.php(45): CodeIgniter\CodeIgniter->run()
#5 /opt/lampp/htdocs/yukngotel/vendor/codeigniter4/framework/system/Commands/Server/rewrite.php(34): require_once('/opt/lampp/htdo...')
#6 {main}
CRITICAL - 2020-10-25 01:34:56 --> Undefined variable: msg
#0 /opt/lampp/htdocs/yukngotel/app/Controllers/Admin.php(167): CodeIgniter\Debug\Exceptions->errorHandler()
#1 /opt/lampp/htdocs/yukngotel/vendor/codeigniter4/framework/system/CodeIgniter.php(918): App\Controllers\Admin->save_receptionist()
#2 /opt/lampp/htdocs/yukngotel/vendor/codeigniter4/framework/system/CodeIgniter.php(404): CodeIgniter\CodeIgniter->runController()
#3 /opt/lampp/htdocs/yukngotel/vendor/codeigniter4/framework/system/CodeIgniter.php(312): CodeIgniter\CodeIgniter->handleRequest()
#4 /opt/lampp/htdocs/yukngotel/public/index.php(45): CodeIgniter\CodeIgniter->run()
#5 /opt/lampp/htdocs/yukngotel/vendor/codeigniter4/framework/system/Commands/Server/rewrite.php(34): require_once('/opt/lampp/htdo...')
#6 {main}
CRITICAL - 2020-10-25 08:15:35 --> Cannot use object of type CodeIgniter\Database\MySQLi\Result as array
#0 /opt/lampp/htdocs/yukngotel/vendor/codeigniter4/framework/system/CodeIgniter.php(918): App\Controllers\Admin->update_receptionist()
#1 /opt/lampp/htdocs/yukngotel/vendor/codeigniter4/framework/system/CodeIgniter.php(404): CodeIgniter\CodeIgniter->runController()
#2 /opt/lampp/htdocs/yukngotel/vendor/codeigniter4/framework/system/CodeIgniter.php(312): CodeIgniter\CodeIgniter->handleRequest()
#3 /opt/lampp/htdocs/yukngotel/public/index.php(45): CodeIgniter\CodeIgniter->run()
#4 /opt/lampp/htdocs/yukngotel/vendor/codeigniter4/framework/system/Commands/Server/rewrite.php(34): require_once('/opt/lampp/htdo...')
#5 {main}
CRITICAL - 2020-10-25 08:28:22 --> Undefined variable: nama
#0 /opt/lampp/htdocs/yukngotel/app/Views/data_table/data_receptionist.php(57): CodeIgniter\Debug\Exceptions->errorHandler()
#1 /opt/lampp/htdocs/yukngotel/vendor/codeigniter4/framework/system/View/View.php(246): include('/opt/lampp/htdo...')
#2 /opt/lampp/htdocs/yukngotel/vendor/codeigniter4/framework/system/Common.php(1119): CodeIgniter\View\View->render()
#3 /opt/lampp/htdocs/yukngotel/app/Controllers/Admin.php(109): view()
#4 /opt/lampp/htdocs/yukngotel/vendor/codeigniter4/framework/system/CodeIgniter.php(918): App\Controllers\Admin->receptionist()
#5 /opt/lampp/htdocs/yukngotel/vendor/codeigniter4/framework/system/CodeIgniter.php(404): CodeIgniter\CodeIgniter->runController()
#6 /opt/lampp/htdocs/yukngotel/vendor/codeigniter4/framework/system/CodeIgniter.php(312): CodeIgniter\CodeIgniter->handleRequest()
#7 /opt/lampp/htdocs/yukngotel/public/index.php(45): CodeIgniter\CodeIgniter->run()
#8 /opt/lampp/htdocs/yukngotel/vendor/codeigniter4/framework/system/Commands/Server/rewrite.php(34): require_once('/opt/lampp/htdo...')
#9 {main}
CRITICAL - 2020-10-25 09:44:54 --> Undefined variable: id_akun
#0 /opt/lampp/htdocs/yukngotel/app/Controllers/Admin.php(110): CodeIgniter\Debug\Exceptions->errorHandler()
#1 /opt/lampp/htdocs/yukngotel/vendor/codeigniter4/framework/system/CodeIgniter.php(918): App\Controllers\Admin->receptionist()
#2 /opt/lampp/htdocs/yukngotel/vendor/codeigniter4/framework/system/CodeIgniter.php(404): CodeIgniter\CodeIgniter->runController()
#3 /opt/lampp/htdocs/yukngotel/vendor/codeigniter4/framework/system/CodeIgniter.php(312): CodeIgniter\CodeIgniter->handleRequest()
#4 /opt/lampp/htdocs/yukngotel/public/index.php(45): CodeIgniter\CodeIgniter->run()
#5 /opt/lampp/htdocs/yukngotel/vendor/codeigniter4/framework/system/Commands/Server/rewrite.php(34): require_once('/opt/lampp/htdo...')
#6 {main}
CRITICAL - 2020-10-25 20:12:36 --> Trying to access array offset on value of type null
#0 /opt/lampp/htdocs/yukngotel/app/Views/layout/template_admin.php(69): CodeIgniter\Debug\Exceptions->errorHandler()
#1 /opt/lampp/htdocs/yukngotel/vendor/codeigniter4/framework/system/View/View.php(246): include('/opt/lampp/htdo...')
#2 /opt/lampp/htdocs/yukngotel/vendor/codeigniter4/framework/system/View/View.php(257): CodeIgniter\View\View->render()
#3 /opt/lampp/htdocs/yukngotel/vendor/codeigniter4/framework/system/Common.php(1119): CodeIgniter\View\View->render()
#4 /opt/lampp/htdocs/yukngotel/app/Controllers/Admin.php(109): view()
#5 /opt/lampp/htdocs/yukngotel/vendor/codeigniter4/framework/system/CodeIgniter.php(918): App\Controllers\Admin->receptionist()
#6 /opt/lampp/htdocs/yukngotel/vendor/codeigniter4/framework/system/CodeIgniter.php(404): CodeIgniter\CodeIgniter->runController()
#7 /opt/lampp/htdocs/yukngotel/vendor/codeigniter4/framework/system/CodeIgniter.php(312): CodeIgniter\CodeIgniter->handleRequest()
#8 /opt/lampp/htdocs/yukngotel/public/index.php(45): CodeIgniter\CodeIgniter->run()
#9 /opt/lampp/htdocs/yukngotel/vendor/codeigniter4/framework/system/Commands/Server/rewrite.php(34): require_once('/opt/lampp/htdo...')
#10 {main}
CRITICAL - 2020-10-25 20:14:09 --> Trying to access array offset on value of type null
#0 /opt/lampp/htdocs/yukngotel/app/Views/layout/template_admin.php(69): CodeIgniter\Debug\Exceptions->errorHandler()
#1 /opt/lampp/htdocs/yukngotel/vendor/codeigniter4/framework/system/View/View.php(246): include('/opt/lampp/htdo...')
#2 /opt/lampp/htdocs/yukngotel/vendor/codeigniter4/framework/system/View/View.php(257): CodeIgniter\View\View->render()
#3 /opt/lampp/htdocs/yukngotel/vendor/codeigniter4/framework/system/Common.php(1119): CodeIgniter\View\View->render()
#4 /opt/lampp/htdocs/yukngotel/app/Controllers/Admin.php(109): view()
#5 /opt/lampp/htdocs/yukngotel/vendor/codeigniter4/framework/system/CodeIgniter.php(918): App\Controllers\Admin->receptionist()
#6 /opt/lampp/htdocs/yukngotel/vendor/codeigniter4/framework/system/CodeIgniter.php(404): CodeIgniter\CodeIgniter->runController()
#7 /opt/lampp/htdocs/yukngotel/vendor/codeigniter4/framework/system/CodeIgniter.php(312): CodeIgniter\CodeIgniter->handleRequest()
#8 /opt/lampp/htdocs/yukngotel/public/index.php(45): CodeIgniter\CodeIgniter->run()
#9 /opt/lampp/htdocs/yukngotel/vendor/codeigniter4/framework/system/Commands/Server/rewrite.php(34): require_once('/opt/lampp/htdo...')
#10 {main}
