CRITICAL - 2020-10-17 02:34:57 --> Class 'Codeigniter\Model' not found
#0 /opt/lampp/htdocs/ngotelkuy/vendor/codeigniter4/framework/system/Autoloader/Autoloader.php(365): require_once()
#1 /opt/lampp/htdocs/ngotelkuy/vendor/codeigniter4/framework/system/Autoloader/Autoloader.php(296): CodeIgniter\Autoloader\Autoloader->requireFile()
#2 /opt/lampp/htdocs/ngotelkuy/vendor/codeigniter4/framework/system/Autoloader/Autoloader.php(258): CodeIgniter\Autoloader\Autoloader->loadInNamespace()
#3 [internal function]: CodeIgniter\Autoloader\Autoloader->loadClass()
#4 /opt/lampp/htdocs/ngotelkuy/app/Controllers/BaseController.php(46): spl_autoload_call()
#5 /opt/lampp/htdocs/ngotelkuy/vendor/codeigniter4/framework/system/CodeIgniter.php(891): App\Controllers\BaseController->initController()
#6 /opt/lampp/htdocs/ngotelkuy/vendor/codeigniter4/framework/system/CodeIgniter.php(399): CodeIgniter\CodeIgniter->createController()
#7 /opt/lampp/htdocs/ngotelkuy/vendor/codeigniter4/framework/system/CodeIgniter.php(312): CodeIgniter\CodeIgniter->handleRequest()
#8 /opt/lampp/htdocs/ngotelkuy/public/index.php(45): CodeIgniter\CodeIgniter->run()
#9 /opt/lampp/htdocs/ngotelkuy/vendor/codeigniter4/framework/system/Commands/Server/rewrite.php(34): require_once('/opt/lampp/htdo...')
#10 {main}
CRITICAL - 2020-10-17 02:37:14 --> Class 'Codeigniter\Model' not found
#0 /opt/lampp/htdocs/ngotelkuy/vendor/codeigniter4/framework/system/Autoloader/Autoloader.php(365): require_once()
#1 /opt/lampp/htdocs/ngotelkuy/vendor/codeigniter4/framework/system/Autoloader/Autoloader.php(296): CodeIgniter\Autoloader\Autoloader->requireFile()
#2 /opt/lampp/htdocs/ngotelkuy/vendor/codeigniter4/framework/system/Autoloader/Autoloader.php(258): CodeIgniter\Autoloader\Autoloader->loadInNamespace()
#3 [internal function]: CodeIgniter\Autoloader\Autoloader->loadClass()
#4 /opt/lampp/htdocs/ngotelkuy/app/Controllers/BaseController.php(46): spl_autoload_call()
#5 /opt/lampp/htdocs/ngotelkuy/vendor/codeigniter4/framework/system/CodeIgniter.php(891): App\Controllers\BaseController->initController()
#6 /opt/lampp/htdocs/ngotelkuy/vendor/codeigniter4/framework/system/CodeIgniter.php(399): CodeIgniter\CodeIgniter->createController()
#7 /opt/lampp/htdocs/ngotelkuy/vendor/codeigniter4/framework/system/CodeIgniter.php(312): CodeIgniter\CodeIgniter->handleRequest()
#8 /opt/lampp/htdocs/ngotelkuy/public/index.php(45): CodeIgniter\CodeIgniter->run()
#9 /opt/lampp/htdocs/ngotelkuy/vendor/codeigniter4/framework/system/Commands/Server/rewrite.php(34): require_once('/opt/lampp/htdo...')
#10 {main}
CRITICAL - 2020-10-17 02:37:16 --> Class 'Codeigniter\Model' not found
#0 /opt/lampp/htdocs/ngotelkuy/vendor/codeigniter4/framework/system/Autoloader/Autoloader.php(365): require_once()
#1 /opt/lampp/htdocs/ngotelkuy/vendor/codeigniter4/framework/system/Autoloader/Autoloader.php(296): CodeIgniter\Autoloader\Autoloader->requireFile()
#2 /opt/lampp/htdocs/ngotelkuy/vendor/codeigniter4/framework/system/Autoloader/Autoloader.php(258): CodeIgniter\Autoloader\Autoloader->loadInNamespace()
#3 [internal function]: CodeIgniter\Autoloader\Autoloader->loadClass()
#4 /opt/lampp/htdocs/ngotelkuy/app/Controllers/BaseController.php(46): spl_autoload_call()
#5 /opt/lampp/htdocs/ngotelkuy/vendor/codeigniter4/framework/system/CodeIgniter.php(891): App\Controllers\BaseController->initController()
#6 /opt/lampp/htdocs/ngotelkuy/vendor/codeigniter4/framework/system/CodeIgniter.php(399): CodeIgniter\CodeIgniter->createController()
#7 /opt/lampp/htdocs/ngotelkuy/vendor/codeigniter4/framework/system/CodeIgniter.php(312): CodeIgniter\CodeIgniter->handleRequest()
#8 /opt/lampp/htdocs/ngotelkuy/public/index.php(45): CodeIgniter\CodeIgniter->run()
#9 /opt/lampp/htdocs/ngotelkuy/vendor/codeigniter4/framework/system/Commands/Server/rewrite.php(34): require_once('/opt/lampp/htdo...')
#10 {main}
CRITICAL - 2020-10-17 05:18:04 --> Undefined variable: akun
#0 /opt/lampp/htdocs/ngotelkuy/app/Views/layout/template_admin.php(68): CodeIgniter\Debug\Exceptions->errorHandler()
#1 /opt/lampp/htdocs/ngotelkuy/vendor/codeigniter4/framework/system/View/View.php(246): include('/opt/lampp/htdo...')
#2 /opt/lampp/htdocs/ngotelkuy/vendor/codeigniter4/framework/system/View/View.php(257): CodeIgniter\View\View->render()
#3 /opt/lampp/htdocs/ngotelkuy/vendor/codeigniter4/framework/system/Common.php(1119): CodeIgniter\View\View->render()
#4 /opt/lampp/htdocs/ngotelkuy/app/Controllers/Admin.php(30): view()
#5 /opt/lampp/htdocs/ngotelkuy/vendor/codeigniter4/framework/system/CodeIgniter.php(918): App\Controllers\Admin->manager()
#6 /opt/lampp/htdocs/ngotelkuy/vendor/codeigniter4/framework/system/CodeIgniter.php(404): CodeIgniter\CodeIgniter->runController()
#7 /opt/lampp/htdocs/ngotelkuy/vendor/codeigniter4/framework/system/CodeIgniter.php(312): CodeIgniter\CodeIgniter->handleRequest()
#8 /opt/lampp/htdocs/ngotelkuy/public/index.php(45): CodeIgniter\CodeIgniter->run()
#9 /opt/lampp/htdocs/ngotelkuy/vendor/codeigniter4/framework/system/Commands/Server/rewrite.php(34): require_once('/opt/lampp/htdo...')
#10 {main}
CRITICAL - 2020-10-17 05:18:37 --> Undefined variable: akun
#0 /opt/lampp/htdocs/ngotelkuy/app/Views/layout/template_admin.php(68): CodeIgniter\Debug\Exceptions->errorHandler()
#1 /opt/lampp/htdocs/ngotelkuy/vendor/codeigniter4/framework/system/View/View.php(246): include('/opt/lampp/htdo...')
#2 /opt/lampp/htdocs/ngotelkuy/vendor/codeigniter4/framework/system/View/View.php(257): CodeIgniter\View\View->render()
#3 /opt/lampp/htdocs/ngotelkuy/vendor/codeigniter4/framework/system/Common.php(1119): CodeIgniter\View\View->render()
#4 /opt/lampp/htdocs/ngotelkuy/app/Controllers/Admin.php(30): view()
#5 /opt/lampp/htdocs/ngotelkuy/vendor/codeigniter4/framework/system/CodeIgniter.php(918): App\Controllers\Admin->manager()
#6 /opt/lampp/htdocs/ngotelkuy/vendor/codeigniter4/framework/system/CodeIgniter.php(404): CodeIgniter\CodeIgniter->runController()
#7 /opt/lampp/htdocs/ngotelkuy/vendor/codeigniter4/framework/system/CodeIgniter.php(312): CodeIgniter\CodeIgniter->handleRequest()
#8 /opt/lampp/htdocs/ngotelkuy/public/index.php(45): CodeIgniter\CodeIgniter->run()
#9 /opt/lampp/htdocs/ngotelkuy/vendor/codeigniter4/framework/system/Commands/Server/rewrite.php(34): require_once('/opt/lampp/htdo...')
#10 {main}
CRITICAL - 2020-10-17 05:19:42 --> Undefined variable: akun
#0 /opt/lampp/htdocs/ngotelkuy/app/Views/layout/template_admin.php(119): CodeIgniter\Debug\Exceptions->errorHandler()
#1 /opt/lampp/htdocs/ngotelkuy/vendor/codeigniter4/framework/system/View/View.php(246): include('/opt/lampp/htdo...')
#2 /opt/lampp/htdocs/ngotelkuy/vendor/codeigniter4/framework/system/View/View.php(257): CodeIgniter\View\View->render()
#3 /opt/lampp/htdocs/ngotelkuy/vendor/codeigniter4/framework/system/Common.php(1119): CodeIgniter\View\View->render()
#4 /opt/lampp/htdocs/ngotelkuy/app/Controllers/Admin.php(30): view()
#5 /opt/lampp/htdocs/ngotelkuy/vendor/codeigniter4/framework/system/CodeIgniter.php(918): App\Controllers\Admin->manager()
#6 /opt/lampp/htdocs/ngotelkuy/vendor/codeigniter4/framework/system/CodeIgniter.php(404): CodeIgniter\CodeIgniter->runController()
#7 /opt/lampp/htdocs/ngotelkuy/vendor/codeigniter4/framework/system/CodeIgniter.php(312): CodeIgniter\CodeIgniter->handleRequest()
#8 /opt/lampp/htdocs/ngotelkuy/public/index.php(45): CodeIgniter\CodeIgniter->run()
#9 /opt/lampp/htdocs/ngotelkuy/vendor/codeigniter4/framework/system/Commands/Server/rewrite.php(34): require_once('/opt/lampp/htdo...')
#10 {main}
CRITICAL - 2020-10-17 09:07:26 --> Trying to access array offset on value of type null
#0 /opt/lampp/htdocs/ngotelkuy/app/Views/data table/data_manager.php(48): CodeIgniter\Debug\Exceptions->errorHandler()
#1 /opt/lampp/htdocs/ngotelkuy/vendor/codeigniter4/framework/system/View/View.php(246): include('/opt/lampp/htdo...')
#2 /opt/lampp/htdocs/ngotelkuy/vendor/codeigniter4/framework/system/Common.php(1119): CodeIgniter\View\View->render()
#3 /opt/lampp/htdocs/ngotelkuy/app/Controllers/Admin.php(31): view()
#4 /opt/lampp/htdocs/ngotelkuy/vendor/codeigniter4/framework/system/CodeIgniter.php(918): App\Controllers\Admin->manager()
#5 /opt/lampp/htdocs/ngotelkuy/vendor/codeigniter4/framework/system/CodeIgniter.php(404): CodeIgniter\CodeIgniter->runController()
#6 /opt/lampp/htdocs/ngotelkuy/vendor/codeigniter4/framework/system/CodeIgniter.php(312): CodeIgniter\CodeIgniter->handleRequest()
#7 /opt/lampp/htdocs/ngotelkuy/public/index.php(45): CodeIgniter\CodeIgniter->run()
#8 /opt/lampp/htdocs/ngotelkuy/vendor/codeigniter4/framework/system/Commands/Server/rewrite.php(34): require_once('/opt/lampp/htdo...')
#9 {main}
CRITICAL - 2020-10-17 09:07:54 --> Unable to connect to the database.
#0 /opt/lampp/htdocs/ngotelkuy/vendor/codeigniter4/framework/system/Database/BaseConnection.php(646): CodeIgniter\Database\BaseConnection->initialize()
#1 /opt/lampp/htdocs/ngotelkuy/vendor/codeigniter4/framework/system/Database/BaseBuilder.php(1860): CodeIgniter\Database\BaseConnection->query()
#2 /opt/lampp/htdocs/ngotelkuy/vendor/codeigniter4/framework/system/Model.php(462): CodeIgniter\Database\BaseBuilder->get()
#3 /opt/lampp/htdocs/ngotelkuy/app/Models/M_admin.php(14): CodeIgniter\Model->findAll()
#4 /opt/lampp/htdocs/ngotelkuy/app/Controllers/Admin.php(29): App\Models\M_admin->getManager()
#5 /opt/lampp/htdocs/ngotelkuy/vendor/codeigniter4/framework/system/CodeIgniter.php(918): App\Controllers\Admin->manager()
#6 /opt/lampp/htdocs/ngotelkuy/vendor/codeigniter4/framework/system/CodeIgniter.php(404): CodeIgniter\CodeIgniter->runController()
#7 /opt/lampp/htdocs/ngotelkuy/vendor/codeigniter4/framework/system/CodeIgniter.php(312): CodeIgniter\CodeIgniter->handleRequest()
#8 /opt/lampp/htdocs/ngotelkuy/public/index.php(45): CodeIgniter\CodeIgniter->run()
#9 /opt/lampp/htdocs/ngotelkuy/vendor/codeigniter4/framework/system/Commands/Server/rewrite.php(34): require_once('/opt/lampp/htdo...')
#10 {main}
CRITICAL - 2020-10-17 09:08:37 --> Unable to connect to the database.
#0 /opt/lampp/htdocs/ngotelkuy/vendor/codeigniter4/framework/system/Database/BaseConnection.php(646): CodeIgniter\Database\BaseConnection->initialize()
#1 /opt/lampp/htdocs/ngotelkuy/vendor/codeigniter4/framework/system/Database/BaseBuilder.php(1860): CodeIgniter\Database\BaseConnection->query()
#2 /opt/lampp/htdocs/ngotelkuy/vendor/codeigniter4/framework/system/Model.php(462): CodeIgniter\Database\BaseBuilder->get()
#3 /opt/lampp/htdocs/ngotelkuy/app/Models/M_admin.php(14): CodeIgniter\Model->findAll()
#4 /opt/lampp/htdocs/ngotelkuy/app/Controllers/Admin.php(29): App\Models\M_admin->getManager()
#5 /opt/lampp/htdocs/ngotelkuy/vendor/codeigniter4/framework/system/CodeIgniter.php(918): App\Controllers\Admin->manager()
#6 /opt/lampp/htdocs/ngotelkuy/vendor/codeigniter4/framework/system/CodeIgniter.php(404): CodeIgniter\CodeIgniter->runController()
#7 /opt/lampp/htdocs/ngotelkuy/vendor/codeigniter4/framework/system/CodeIgniter.php(312): CodeIgniter\CodeIgniter->handleRequest()
#8 /opt/lampp/htdocs/ngotelkuy/public/index.php(45): CodeIgniter\CodeIgniter->run()
#9 /opt/lampp/htdocs/ngotelkuy/vendor/codeigniter4/framework/system/Commands/Server/rewrite.php(34): require_once('/opt/lampp/htdo...')
#10 {main}
CRITICAL - 2020-10-17 09:08:39 --> Unable to connect to the database.
#0 /opt/lampp/htdocs/ngotelkuy/vendor/codeigniter4/framework/system/Database/BaseConnection.php(646): CodeIgniter\Database\BaseConnection->initialize()
#1 /opt/lampp/htdocs/ngotelkuy/vendor/codeigniter4/framework/system/Database/BaseBuilder.php(1860): CodeIgniter\Database\BaseConnection->query()
#2 /opt/lampp/htdocs/ngotelkuy/vendor/codeigniter4/framework/system/Model.php(462): CodeIgniter\Database\BaseBuilder->get()
#3 /opt/lampp/htdocs/ngotelkuy/app/Models/M_admin.php(14): CodeIgniter\Model->findAll()
#4 /opt/lampp/htdocs/ngotelkuy/app/Controllers/Admin.php(29): App\Models\M_admin->getManager()
#5 /opt/lampp/htdocs/ngotelkuy/vendor/codeigniter4/framework/system/CodeIgniter.php(918): App\Controllers\Admin->manager()
#6 /opt/lampp/htdocs/ngotelkuy/vendor/codeigniter4/framework/system/CodeIgniter.php(404): CodeIgniter\CodeIgniter->runController()
#7 /opt/lampp/htdocs/ngotelkuy/vendor/codeigniter4/framework/system/CodeIgniter.php(312): CodeIgniter\CodeIgniter->handleRequest()
#8 /opt/lampp/htdocs/ngotelkuy/public/index.php(45): CodeIgniter\CodeIgniter->run()
#9 /opt/lampp/htdocs/ngotelkuy/vendor/codeigniter4/framework/system/Commands/Server/rewrite.php(34): require_once('/opt/lampp/htdo...')
#10 {main}
CRITICAL - 2020-10-17 09:09:38 --> Unable to connect to the database.
#0 /opt/lampp/htdocs/ngotelkuy/vendor/codeigniter4/framework/system/Database/BaseConnection.php(646): CodeIgniter\Database\BaseConnection->initialize()
#1 /opt/lampp/htdocs/ngotelkuy/vendor/codeigniter4/framework/system/Database/BaseBuilder.php(1860): CodeIgniter\Database\BaseConnection->query()
#2 /opt/lampp/htdocs/ngotelkuy/vendor/codeigniter4/framework/system/Model.php(462): CodeIgniter\Database\BaseBuilder->get()
#3 /opt/lampp/htdocs/ngotelkuy/app/Models/M_admin.php(14): CodeIgniter\Model->findAll()
#4 /opt/lampp/htdocs/ngotelkuy/app/Controllers/Admin.php(29): App\Models\M_admin->getManager()
#5 /opt/lampp/htdocs/ngotelkuy/vendor/codeigniter4/framework/system/CodeIgniter.php(918): App\Controllers\Admin->manager()
#6 /opt/lampp/htdocs/ngotelkuy/vendor/codeigniter4/framework/system/CodeIgniter.php(404): CodeIgniter\CodeIgniter->runController()
#7 /opt/lampp/htdocs/ngotelkuy/vendor/codeigniter4/framework/system/CodeIgniter.php(312): CodeIgniter\CodeIgniter->handleRequest()
#8 /opt/lampp/htdocs/ngotelkuy/public/index.php(45): CodeIgniter\CodeIgniter->run()
#9 /opt/lampp/htdocs/ngotelkuy/vendor/codeigniter4/framework/system/Commands/Server/rewrite.php(34): require_once('/opt/lampp/htdo...')
#10 {main}
CRITICAL - 2020-10-17 09:13:07 --> Unable to connect to the database.
#0 /opt/lampp/htdocs/ngotelkuy/vendor/codeigniter4/framework/system/Database/BaseConnection.php(646): CodeIgniter\Database\BaseConnection->initialize()
#1 /opt/lampp/htdocs/ngotelkuy/vendor/codeigniter4/framework/system/Database/BaseBuilder.php(1860): CodeIgniter\Database\BaseConnection->query()
#2 /opt/lampp/htdocs/ngotelkuy/vendor/codeigniter4/framework/system/Model.php(462): CodeIgniter\Database\BaseBuilder->get()
#3 /opt/lampp/htdocs/ngotelkuy/app/Models/M_admin.php(14): CodeIgniter\Model->findAll()
#4 /opt/lampp/htdocs/ngotelkuy/app/Controllers/Admin.php(29): App\Models\M_admin->getManager()
#5 /opt/lampp/htdocs/ngotelkuy/vendor/codeigniter4/framework/system/CodeIgniter.php(918): App\Controllers\Admin->manager()
#6 /opt/lampp/htdocs/ngotelkuy/vendor/codeigniter4/framework/system/CodeIgniter.php(404): CodeIgniter\CodeIgniter->runController()
#7 /opt/lampp/htdocs/ngotelkuy/vendor/codeigniter4/framework/system/CodeIgniter.php(312): CodeIgniter\CodeIgniter->handleRequest()
#8 /opt/lampp/htdocs/ngotelkuy/public/index.php(45): CodeIgniter\CodeIgniter->run()
#9 /opt/lampp/htdocs/ngotelkuy/vendor/codeigniter4/framework/system/Commands/Server/rewrite.php(34): require_once('/opt/lampp/htdo...')
#10 {main}
CRITICAL - 2020-10-17 09:13:22 --> Undefined variable: manager
#0 /opt/lampp/htdocs/ngotelkuy/app/Views/data table/data_manager.php(46): CodeIgniter\Debug\Exceptions->errorHandler()
#1 /opt/lampp/htdocs/ngotelkuy/vendor/codeigniter4/framework/system/View/View.php(246): include('/opt/lampp/htdo...')
#2 /opt/lampp/htdocs/ngotelkuy/vendor/codeigniter4/framework/system/Common.php(1119): CodeIgniter\View\View->render()
#3 /opt/lampp/htdocs/ngotelkuy/app/Controllers/Admin.php(31): view()
#4 /opt/lampp/htdocs/ngotelkuy/vendor/codeigniter4/framework/system/CodeIgniter.php(918): App\Controllers\Admin->manager()
#5 /opt/lampp/htdocs/ngotelkuy/vendor/codeigniter4/framework/system/CodeIgniter.php(404): CodeIgniter\CodeIgniter->runController()
#6 /opt/lampp/htdocs/ngotelkuy/vendor/codeigniter4/framework/system/CodeIgniter.php(312): CodeIgniter\CodeIgniter->handleRequest()
#7 /opt/lampp/htdocs/ngotelkuy/public/index.php(45): CodeIgniter\CodeIgniter->run()
#8 /opt/lampp/htdocs/ngotelkuy/vendor/codeigniter4/framework/system/Commands/Server/rewrite.php(34): require_once('/opt/lampp/htdo...')
#9 {main}
CRITICAL - 2020-10-17 09:14:23 --> Unable to connect to the database.
#0 /opt/lampp/htdocs/ngotelkuy/vendor/codeigniter4/framework/system/Database/BaseConnection.php(646): CodeIgniter\Database\BaseConnection->initialize()
#1 /opt/lampp/htdocs/ngotelkuy/vendor/codeigniter4/framework/system/Database/BaseBuilder.php(1860): CodeIgniter\Database\BaseConnection->query()
#2 /opt/lampp/htdocs/ngotelkuy/vendor/codeigniter4/framework/system/Model.php(506): CodeIgniter\Database\BaseBuilder->get()
#3 /opt/lampp/htdocs/ngotelkuy/app/Models/M_admin.php(14): CodeIgniter\Model->first()
#4 /opt/lampp/htdocs/ngotelkuy/app/Controllers/Admin.php(29): App\Models\M_admin->getManager()
#5 /opt/lampp/htdocs/ngotelkuy/vendor/codeigniter4/framework/system/CodeIgniter.php(918): App\Controllers\Admin->manager()
#6 /opt/lampp/htdocs/ngotelkuy/vendor/codeigniter4/framework/system/CodeIgniter.php(404): CodeIgniter\CodeIgniter->runController()
#7 /opt/lampp/htdocs/ngotelkuy/vendor/codeigniter4/framework/system/CodeIgniter.php(312): CodeIgniter\CodeIgniter->handleRequest()
#8 /opt/lampp/htdocs/ngotelkuy/public/index.php(45): CodeIgniter\CodeIgniter->run()
#9 /opt/lampp/htdocs/ngotelkuy/vendor/codeigniter4/framework/system/Commands/Server/rewrite.php(34): require_once('/opt/lampp/htdo...')
#10 {main}
CRITICAL - 2020-10-17 09:16:29 --> Undefined variable: manager
#0 /opt/lampp/htdocs/ngotelkuy/app/Views/data table/data_manager.php(46): CodeIgniter\Debug\Exceptions->errorHandler()
#1 /opt/lampp/htdocs/ngotelkuy/vendor/codeigniter4/framework/system/View/View.php(246): include('/opt/lampp/htdo...')
#2 /opt/lampp/htdocs/ngotelkuy/vendor/codeigniter4/framework/system/Common.php(1119): CodeIgniter\View\View->render()
#3 /opt/lampp/htdocs/ngotelkuy/app/Controllers/Admin.php(31): view()
#4 /opt/lampp/htdocs/ngotelkuy/vendor/codeigniter4/framework/system/CodeIgniter.php(918): App\Controllers\Admin->manager()
#5 /opt/lampp/htdocs/ngotelkuy/vendor/codeigniter4/framework/system/CodeIgniter.php(404): CodeIgniter\CodeIgniter->runController()
#6 /opt/lampp/htdocs/ngotelkuy/vendor/codeigniter4/framework/system/CodeIgniter.php(312): CodeIgniter\CodeIgniter->handleRequest()
#7 /opt/lampp/htdocs/ngotelkuy/public/index.php(45): CodeIgniter\CodeIgniter->run()
#8 /opt/lampp/htdocs/ngotelkuy/vendor/codeigniter4/framework/system/Commands/Server/rewrite.php(34): require_once('/opt/lampp/htdo...')
#9 {main}
CRITICAL - 2020-10-17 09:17:00 --> Undefined variable: man
#0 /opt/lampp/htdocs/ngotelkuy/app/Views/data table/data_manager.php(49): CodeIgniter\Debug\Exceptions->errorHandler()
#1 /opt/lampp/htdocs/ngotelkuy/vendor/codeigniter4/framework/system/View/View.php(246): include('/opt/lampp/htdo...')
#2 /opt/lampp/htdocs/ngotelkuy/vendor/codeigniter4/framework/system/Common.php(1119): CodeIgniter\View\View->render()
#3 /opt/lampp/htdocs/ngotelkuy/app/Controllers/Admin.php(31): view()
#4 /opt/lampp/htdocs/ngotelkuy/vendor/codeigniter4/framework/system/CodeIgniter.php(918): App\Controllers\Admin->manager()
#5 /opt/lampp/htdocs/ngotelkuy/vendor/codeigniter4/framework/system/CodeIgniter.php(404): CodeIgniter\CodeIgniter->runController()
#6 /opt/lampp/htdocs/ngotelkuy/vendor/codeigniter4/framework/system/CodeIgniter.php(312): CodeIgniter\CodeIgniter->handleRequest()
#7 /opt/lampp/htdocs/ngotelkuy/public/index.php(45): CodeIgniter\CodeIgniter->run()
#8 /opt/lampp/htdocs/ngotelkuy/vendor/codeigniter4/framework/system/Commands/Server/rewrite.php(34): require_once('/opt/lampp/htdo...')
#9 {main}
CRITICAL - 2020-10-17 09:29:04 --> Trying to access array offset on value of type null
#0 /opt/lampp/htdocs/ngotelkuy/app/Views/data table/data_manager.php(48): CodeIgniter\Debug\Exceptions->errorHandler()
#1 /opt/lampp/htdocs/ngotelkuy/vendor/codeigniter4/framework/system/View/View.php(246): include('/opt/lampp/htdo...')
#2 /opt/lampp/htdocs/ngotelkuy/vendor/codeigniter4/framework/system/Common.php(1119): CodeIgniter\View\View->render()
#3 /opt/lampp/htdocs/ngotelkuy/app/Controllers/Admin.php(33): view()
#4 /opt/lampp/htdocs/ngotelkuy/vendor/codeigniter4/framework/system/CodeIgniter.php(918): App\Controllers\Admin->manager()
#5 /opt/lampp/htdocs/ngotelkuy/vendor/codeigniter4/framework/system/CodeIgniter.php(404): CodeIgniter\CodeIgniter->runController()
#6 /opt/lampp/htdocs/ngotelkuy/vendor/codeigniter4/framework/system/CodeIgniter.php(312): CodeIgniter\CodeIgniter->handleRequest()
#7 /opt/lampp/htdocs/ngotelkuy/public/index.php(45): CodeIgniter\CodeIgniter->run()
#8 /opt/lampp/htdocs/ngotelkuy/vendor/codeigniter4/framework/system/Commands/Server/rewrite.php(34): require_once('/opt/lampp/htdo...')
#9 {main}
CRITICAL - 2020-10-17 09:59:27 --> Trying to access array offset on value of type null
#0 /opt/lampp/htdocs/ngotelkuy/app/Views/data table/data_manager.php(48): CodeIgniter\Debug\Exceptions->errorHandler()
#1 /opt/lampp/htdocs/ngotelkuy/vendor/codeigniter4/framework/system/View/View.php(246): include('/opt/lampp/htdo...')
#2 /opt/lampp/htdocs/ngotelkuy/vendor/codeigniter4/framework/system/Common.php(1119): CodeIgniter\View\View->render()
#3 /opt/lampp/htdocs/ngotelkuy/app/Controllers/Admin.php(33): view()
#4 /opt/lampp/htdocs/ngotelkuy/vendor/codeigniter4/framework/system/CodeIgniter.php(918): App\Controllers\Admin->manager()
#5 /opt/lampp/htdocs/ngotelkuy/vendor/codeigniter4/framework/system/CodeIgniter.php(404): CodeIgniter\CodeIgniter->runController()
#6 /opt/lampp/htdocs/ngotelkuy/vendor/codeigniter4/framework/system/CodeIgniter.php(312): CodeIgniter\CodeIgniter->handleRequest()
#7 /opt/lampp/htdocs/ngotelkuy/public/index.php(45): CodeIgniter\CodeIgniter->run()
#8 /opt/lampp/htdocs/ngotelkuy/vendor/codeigniter4/framework/system/Commands/Server/rewrite.php(34): require_once('/opt/lampp/htdo...')
#9 {main}
CRITICAL - 2020-10-17 09:59:34 --> Trying to access array offset on value of type null
#0 /opt/lampp/htdocs/ngotelkuy/app/Views/data table/data_manager.php(48): CodeIgniter\Debug\Exceptions->errorHandler()
#1 /opt/lampp/htdocs/ngotelkuy/vendor/codeigniter4/framework/system/View/View.php(246): include('/opt/lampp/htdo...')
#2 /opt/lampp/htdocs/ngotelkuy/vendor/codeigniter4/framework/system/Common.php(1119): CodeIgniter\View\View->render()
#3 /opt/lampp/htdocs/ngotelkuy/app/Controllers/Admin.php(33): view()
#4 /opt/lampp/htdocs/ngotelkuy/vendor/codeigniter4/framework/system/CodeIgniter.php(918): App\Controllers\Admin->manager()
#5 /opt/lampp/htdocs/ngotelkuy/vendor/codeigniter4/framework/system/CodeIgniter.php(404): CodeIgniter\CodeIgniter->runController()
#6 /opt/lampp/htdocs/ngotelkuy/vendor/codeigniter4/framework/system/CodeIgniter.php(312): CodeIgniter\CodeIgniter->handleRequest()
#7 /opt/lampp/htdocs/ngotelkuy/public/index.php(45): CodeIgniter\CodeIgniter->run()
#8 /opt/lampp/htdocs/ngotelkuy/vendor/codeigniter4/framework/system/Commands/Server/rewrite.php(34): require_once('/opt/lampp/htdo...')
#9 {main}
CRITICAL - 2020-10-17 10:40:00 --> Trying to access array offset on value of type null
#0 /opt/lampp/htdocs/ngotelkuy/app/Views/data table/data_manager.php(49): CodeIgniter\Debug\Exceptions->errorHandler()
#1 /opt/lampp/htdocs/ngotelkuy/vendor/codeigniter4/framework/system/View/View.php(246): include('/opt/lampp/htdo...')
#2 /opt/lampp/htdocs/ngotelkuy/vendor/codeigniter4/framework/system/Common.php(1119): CodeIgniter\View\View->render()
#3 /opt/lampp/htdocs/ngotelkuy/app/Controllers/Admin.php(36): view()
#4 /opt/lampp/htdocs/ngotelkuy/vendor/codeigniter4/framework/system/CodeIgniter.php(918): App\Controllers\Admin->manager()
#5 /opt/lampp/htdocs/ngotelkuy/vendor/codeigniter4/framework/system/CodeIgniter.php(404): CodeIgniter\CodeIgniter->runController()
#6 /opt/lampp/htdocs/ngotelkuy/vendor/codeigniter4/framework/system/CodeIgniter.php(312): CodeIgniter\CodeIgniter->handleRequest()
#7 /opt/lampp/htdocs/ngotelkuy/public/index.php(45): CodeIgniter\CodeIgniter->run()
#8 /opt/lampp/htdocs/ngotelkuy/vendor/codeigniter4/framework/system/Commands/Server/rewrite.php(34): require_once('/opt/lampp/htdo...')
#9 {main}
CRITICAL - 2020-10-17 10:40:36 --> Invalid argument supplied for foreach()
#0 /opt/lampp/htdocs/ngotelkuy/app/Views/data table/data_manager.php(46): CodeIgniter\Debug\Exceptions->errorHandler()
#1 /opt/lampp/htdocs/ngotelkuy/vendor/codeigniter4/framework/system/View/View.php(246): include('/opt/lampp/htdo...')
#2 /opt/lampp/htdocs/ngotelkuy/vendor/codeigniter4/framework/system/Common.php(1119): CodeIgniter\View\View->render()
#3 /opt/lampp/htdocs/ngotelkuy/app/Controllers/Admin.php(36): view()
#4 /opt/lampp/htdocs/ngotelkuy/vendor/codeigniter4/framework/system/CodeIgniter.php(918): App\Controllers\Admin->manager()
#5 /opt/lampp/htdocs/ngotelkuy/vendor/codeigniter4/framework/system/CodeIgniter.php(404): CodeIgniter\CodeIgniter->runController()
#6 /opt/lampp/htdocs/ngotelkuy/vendor/codeigniter4/framework/system/CodeIgniter.php(312): CodeIgniter\CodeIgniter->handleRequest()
#7 /opt/lampp/htdocs/ngotelkuy/public/index.php(45): CodeIgniter\CodeIgniter->run()
#8 /opt/lampp/htdocs/ngotelkuy/vendor/codeigniter4/framework/system/Commands/Server/rewrite.php(34): require_once('/opt/lampp/htdo...')
#9 {main}
CRITICAL - 2020-10-17 10:43:27 --> Unable to connect to the database.
#0 /opt/lampp/htdocs/ngotelkuy/vendor/codeigniter4/framework/system/Database/BaseConnection.php(646): CodeIgniter\Database\BaseConnection->initialize()
#1 /opt/lampp/htdocs/ngotelkuy/vendor/codeigniter4/framework/system/Database/BaseBuilder.php(1860): CodeIgniter\Database\BaseConnection->query()
#2 /opt/lampp/htdocs/ngotelkuy/vendor/codeigniter4/framework/system/Model.php(462): CodeIgniter\Database\BaseBuilder->get()
#3 /opt/lampp/htdocs/ngotelkuy/app/Models/M_admin.php(17): CodeIgniter\Model->findAll()
#4 /opt/lampp/htdocs/ngotelkuy/app/Controllers/Admin.php(31): App\Models\M_admin->getManager()
#5 /opt/lampp/htdocs/ngotelkuy/vendor/codeigniter4/framework/system/CodeIgniter.php(918): App\Controllers\Admin->manager()
#6 /opt/lampp/htdocs/ngotelkuy/vendor/codeigniter4/framework/system/CodeIgniter.php(404): CodeIgniter\CodeIgniter->runController()
#7 /opt/lampp/htdocs/ngotelkuy/vendor/codeigniter4/framework/system/CodeIgniter.php(312): CodeIgniter\CodeIgniter->handleRequest()
#8 /opt/lampp/htdocs/ngotelkuy/public/index.php(45): CodeIgniter\CodeIgniter->run()
#9 /opt/lampp/htdocs/ngotelkuy/vendor/codeigniter4/framework/system/Commands/Server/rewrite.php(34): require_once('/opt/lampp/htdo...')
#10 {main}
CRITICAL - 2020-10-17 10:45:45 --> Undefined variable: manager
#0 /opt/lampp/htdocs/ngotelkuy/app/Views/data table/data_admin.php(46): CodeIgniter\Debug\Exceptions->errorHandler()
#1 /opt/lampp/htdocs/ngotelkuy/vendor/codeigniter4/framework/system/View/View.php(246): include('/opt/lampp/htdo...')
#2 /opt/lampp/htdocs/ngotelkuy/vendor/codeigniter4/framework/system/Common.php(1119): CodeIgniter\View\View->render()
#3 /opt/lampp/htdocs/ngotelkuy/app/Controllers/Admin.php(47): view()
#4 /opt/lampp/htdocs/ngotelkuy/vendor/codeigniter4/framework/system/CodeIgniter.php(918): App\Controllers\Admin->admin()
#5 /opt/lampp/htdocs/ngotelkuy/vendor/codeigniter4/framework/system/CodeIgniter.php(404): CodeIgniter\CodeIgniter->runController()
#6 /opt/lampp/htdocs/ngotelkuy/vendor/codeigniter4/framework/system/CodeIgniter.php(312): CodeIgniter\CodeIgniter->handleRequest()
#7 /opt/lampp/htdocs/ngotelkuy/public/index.php(45): CodeIgniter\CodeIgniter->run()
#8 /opt/lampp/htdocs/ngotelkuy/vendor/codeigniter4/framework/system/Commands/Server/rewrite.php(34): require_once('/opt/lampp/htdo...')
#9 {main}
CRITICAL - 2020-10-17 10:48:41 --> Call to undefined function set_value()
#0 /opt/lampp/htdocs/ngotelkuy/vendor/codeigniter4/framework/system/View/View.php(246): include()
#1 /opt/lampp/htdocs/ngotelkuy/vendor/codeigniter4/framework/system/Common.php(1119): CodeIgniter\View\View->render()
#2 /opt/lampp/htdocs/ngotelkuy/app/Controllers/Admin.php(47): view()
#3 /opt/lampp/htdocs/ngotelkuy/vendor/codeigniter4/framework/system/CodeIgniter.php(918): App\Controllers\Admin->admin()
#4 /opt/lampp/htdocs/ngotelkuy/vendor/codeigniter4/framework/system/CodeIgniter.php(404): CodeIgniter\CodeIgniter->runController()
#5 /opt/lampp/htdocs/ngotelkuy/vendor/codeigniter4/framework/system/CodeIgniter.php(312): CodeIgniter\CodeIgniter->handleRequest()
#6 /opt/lampp/htdocs/ngotelkuy/public/index.php(45): CodeIgniter\CodeIgniter->run()
#7 /opt/lampp/htdocs/ngotelkuy/vendor/codeigniter4/framework/system/Commands/Server/rewrite.php(34): require_once('/opt/lampp/htdo...')
#8 {main}
CRITICAL - 2020-10-17 10:54:11 --> Undefined variable: val
#0 /opt/lampp/htdocs/ngotelkuy/app/Views/data table/data_admin.php(54): CodeIgniter\Debug\Exceptions->errorHandler()
#1 /opt/lampp/htdocs/ngotelkuy/vendor/codeigniter4/framework/system/View/View.php(246): include('/opt/lampp/htdo...')
#2 /opt/lampp/htdocs/ngotelkuy/vendor/codeigniter4/framework/system/Common.php(1119): CodeIgniter\View\View->render()
#3 /opt/lampp/htdocs/ngotelkuy/app/Controllers/Admin.php(47): view()
#4 /opt/lampp/htdocs/ngotelkuy/vendor/codeigniter4/framework/system/CodeIgniter.php(918): App\Controllers\Admin->admin()
#5 /opt/lampp/htdocs/ngotelkuy/vendor/codeigniter4/framework/system/CodeIgniter.php(404): CodeIgniter\CodeIgniter->runController()
#6 /opt/lampp/htdocs/ngotelkuy/vendor/codeigniter4/framework/system/CodeIgniter.php(312): CodeIgniter\CodeIgniter->handleRequest()
#7 /opt/lampp/htdocs/ngotelkuy/public/index.php(45): CodeIgniter\CodeIgniter->run()
#8 /opt/lampp/htdocs/ngotelkuy/vendor/codeigniter4/framework/system/Commands/Server/rewrite.php(34): require_once('/opt/lampp/htdo...')
#9 {main}
CRITICAL - 2020-10-17 12:01:36 --> Call to undefined method App\Models\M_admin::save_admin
#0 /opt/lampp/htdocs/ngotelkuy/app/Controllers/Admin.php(58): CodeIgniter\Model->__call()
#1 /opt/lampp/htdocs/ngotelkuy/vendor/codeigniter4/framework/system/CodeIgniter.php(918): App\Controllers\Admin->save_admin()
#2 /opt/lampp/htdocs/ngotelkuy/vendor/codeigniter4/framework/system/CodeIgniter.php(404): CodeIgniter\CodeIgniter->runController()
#3 /opt/lampp/htdocs/ngotelkuy/vendor/codeigniter4/framework/system/CodeIgniter.php(312): CodeIgniter\CodeIgniter->handleRequest()
#4 /opt/lampp/htdocs/ngotelkuy/public/index.php(45): CodeIgniter\CodeIgniter->run()
#5 /opt/lampp/htdocs/ngotelkuy/vendor/codeigniter4/framework/system/Commands/Server/rewrite.php(34): require_once('/opt/lampp/htdo...')
#6 {main}
CRITICAL - 2020-10-17 12:03:12 --> Unknown column 'updated_at' in 'field list'
#0 /opt/lampp/htdocs/ngotelkuy/vendor/codeigniter4/framework/system/Database/MySQLi/Connection.php(331): mysqli->query()
#1 /opt/lampp/htdocs/ngotelkuy/vendor/codeigniter4/framework/system/Database/BaseConnection.php(741): CodeIgniter\Database\MySQLi\Connection->execute()
#2 /opt/lampp/htdocs/ngotelkuy/vendor/codeigniter4/framework/system/Database/BaseConnection.php(669): CodeIgniter\Database\BaseConnection->simpleQuery()
#3 /opt/lampp/htdocs/ngotelkuy/vendor/codeigniter4/framework/system/Database/BaseBuilder.php(2249): CodeIgniter\Database\BaseConnection->query()
#4 /opt/lampp/htdocs/ngotelkuy/vendor/codeigniter4/framework/system/Model.php(755): CodeIgniter\Database\BaseBuilder->insert()
#5 /opt/lampp/htdocs/ngotelkuy/vendor/codeigniter4/framework/system/Model.php(574): CodeIgniter\Model->insert()
#6 /opt/lampp/htdocs/ngotelkuy/app/Controllers/Admin.php(58): CodeIgniter\Model->save()
#7 /opt/lampp/htdocs/ngotelkuy/vendor/codeigniter4/framework/system/CodeIgniter.php(918): App\Controllers\Admin->save_admin()
#8 /opt/lampp/htdocs/ngotelkuy/vendor/codeigniter4/framework/system/CodeIgniter.php(404): CodeIgniter\CodeIgniter->runController()
#9 /opt/lampp/htdocs/ngotelkuy/vendor/codeigniter4/framework/system/CodeIgniter.php(312): CodeIgniter\CodeIgniter->handleRequest()
#10 /opt/lampp/htdocs/ngotelkuy/public/index.php(45): CodeIgniter\CodeIgniter->run()
#11 /opt/lampp/htdocs/ngotelkuy/vendor/codeigniter4/framework/system/Commands/Server/rewrite.php(34): require_once('/opt/lampp/htdo...')
#12 {main}
CRITICAL - 2020-10-17 12:11:28 --> Undefined property: CodeIgniter\View\View::$session
#0 /opt/lampp/htdocs/ngotelkuy/app/Views/data table/data_admin.php(33): CodeIgniter\Debug\Exceptions->errorHandler()
#1 /opt/lampp/htdocs/ngotelkuy/vendor/codeigniter4/framework/system/View/View.php(246): include('/opt/lampp/htdo...')
#2 /opt/lampp/htdocs/ngotelkuy/vendor/codeigniter4/framework/system/Common.php(1119): CodeIgniter\View\View->render()
#3 /opt/lampp/htdocs/ngotelkuy/app/Controllers/Admin.php(47): view()
#4 /opt/lampp/htdocs/ngotelkuy/vendor/codeigniter4/framework/system/CodeIgniter.php(918): App\Controllers\Admin->admin()
#5 /opt/lampp/htdocs/ngotelkuy/vendor/codeigniter4/framework/system/CodeIgniter.php(404): CodeIgniter\CodeIgniter->runController()
#6 /opt/lampp/htdocs/ngotelkuy/vendor/codeigniter4/framework/system/CodeIgniter.php(312): CodeIgniter\CodeIgniter->handleRequest()
#7 /opt/lampp/htdocs/ngotelkuy/public/index.php(45): CodeIgniter\CodeIgniter->run()
#8 /opt/lampp/htdocs/ngotelkuy/vendor/codeigniter4/framework/system/Commands/Server/rewrite.php(34): require_once('/opt/lampp/htdo...')
#9 {main}
CRITICAL - 2020-10-17 12:13:57 --> Undefined property: CodeIgniter\View\View::$session
#0 /opt/lampp/htdocs/ngotelkuy/app/Views/data table/data_admin.php(33): CodeIgniter\Debug\Exceptions->errorHandler()
#1 /opt/lampp/htdocs/ngotelkuy/vendor/codeigniter4/framework/system/View/View.php(246): include('/opt/lampp/htdo...')
#2 /opt/lampp/htdocs/ngotelkuy/vendor/codeigniter4/framework/system/Common.php(1119): CodeIgniter\View\View->render()
#3 /opt/lampp/htdocs/ngotelkuy/app/Controllers/Admin.php(47): view()
#4 /opt/lampp/htdocs/ngotelkuy/vendor/codeigniter4/framework/system/CodeIgniter.php(918): App\Controllers\Admin->admin()
#5 /opt/lampp/htdocs/ngotelkuy/vendor/codeigniter4/framework/system/CodeIgniter.php(404): CodeIgniter\CodeIgniter->runController()
#6 /opt/lampp/htdocs/ngotelkuy/vendor/codeigniter4/framework/system/CodeIgniter.php(312): CodeIgniter\CodeIgniter->handleRequest()
#7 /opt/lampp/htdocs/ngotelkuy/public/index.php(45): CodeIgniter\CodeIgniter->run()
#8 /opt/lampp/htdocs/ngotelkuy/vendor/codeigniter4/framework/system/Commands/Server/rewrite.php(34): require_once('/opt/lampp/htdo...')
#9 {main}
CRITICAL - 2020-10-17 20:35:22 -->  is not a valid rule.
#0 /opt/lampp/htdocs/ngotelkuy/vendor/codeigniter4/framework/system/Validation/Validation.php(333): CodeIgniter\Validation\Exceptions\ValidationException::forRuleNotFound()
#1 /opt/lampp/htdocs/ngotelkuy/vendor/codeigniter4/framework/system/Validation/Validation.php(189): CodeIgniter\Validation\Validation->processRules()
#2 /opt/lampp/htdocs/ngotelkuy/vendor/codeigniter4/framework/system/Controller.php(219): CodeIgniter\Validation\Validation->run()
#3 /opt/lampp/htdocs/ngotelkuy/app/Controllers/Admin.php(55): CodeIgniter\Controller->validate()
#4 /opt/lampp/htdocs/ngotelkuy/vendor/codeigniter4/framework/system/CodeIgniter.php(918): App\Controllers\Admin->save_admin()
#5 /opt/lampp/htdocs/ngotelkuy/vendor/codeigniter4/framework/system/CodeIgniter.php(404): CodeIgniter\CodeIgniter->runController()
#6 /opt/lampp/htdocs/ngotelkuy/vendor/codeigniter4/framework/system/CodeIgniter.php(312): CodeIgniter\CodeIgniter->handleRequest()
#7 /opt/lampp/htdocs/ngotelkuy/public/index.php(45): CodeIgniter\CodeIgniter->run()
#8 /opt/lampp/htdocs/ngotelkuy/vendor/codeigniter4/framework/system/Commands/Server/rewrite.php(34): require_once('/opt/lampp/htdo...')
#9 {main}
CRITICAL - 2020-10-17 21:27:45 --> Encrypter needs a starter key.
#0 /opt/lampp/htdocs/ngotelkuy/vendor/codeigniter4/framework/system/Encryption/Encryption.php(155): CodeIgniter\Encryption\Exceptions\EncryptionException::forNeedsStarterKey()
#1 /opt/lampp/htdocs/ngotelkuy/vendor/codeigniter4/framework/system/Config/Services.php(251): CodeIgniter\Encryption\Encryption->initialize()
#2 /opt/lampp/htdocs/ngotelkuy/app/Controllers/Admin.php(85): CodeIgniter\Config\Services::encrypter()
#3 /opt/lampp/htdocs/ngotelkuy/vendor/codeigniter4/framework/system/CodeIgniter.php(918): App\Controllers\Admin->delete_admin()
#4 /opt/lampp/htdocs/ngotelkuy/vendor/codeigniter4/framework/system/CodeIgniter.php(404): CodeIgniter\CodeIgniter->runController()
#5 /opt/lampp/htdocs/ngotelkuy/vendor/codeigniter4/framework/system/CodeIgniter.php(312): CodeIgniter\CodeIgniter->handleRequest()
#6 /opt/lampp/htdocs/ngotelkuy/public/index.php(45): CodeIgniter\CodeIgniter->run()
#7 /opt/lampp/htdocs/ngotelkuy/vendor/codeigniter4/framework/system/Commands/Server/rewrite.php(34): require_once('/opt/lampp/htdo...')
#8 {main}
CRITICAL - 2020-10-17 21:29:32 --> Encrypter needs a starter key.
#0 /opt/lampp/htdocs/ngotelkuy/vendor/codeigniter4/framework/system/Encryption/Encryption.php(155): CodeIgniter\Encryption\Exceptions\EncryptionException::forNeedsStarterKey()
#1 /opt/lampp/htdocs/ngotelkuy/vendor/codeigniter4/framework/system/Config/Services.php(251): CodeIgniter\Encryption\Encryption->initialize()
#2 /opt/lampp/htdocs/ngotelkuy/app/Controllers/Admin.php(85): CodeIgniter\Config\Services::encrypter()
#3 /opt/lampp/htdocs/ngotelkuy/vendor/codeigniter4/framework/system/CodeIgniter.php(918): App\Controllers\Admin->delete_admin()
#4 /opt/lampp/htdocs/ngotelkuy/vendor/codeigniter4/framework/system/CodeIgniter.php(404): CodeIgniter\CodeIgniter->runController()
#5 /opt/lampp/htdocs/ngotelkuy/vendor/codeigniter4/framework/system/CodeIgniter.php(312): CodeIgniter\CodeIgniter->handleRequest()
#6 /opt/lampp/htdocs/ngotelkuy/public/index.php(45): CodeIgniter\CodeIgniter->run()
#7 /opt/lampp/htdocs/ngotelkuy/vendor/codeigniter4/framework/system/Commands/Server/rewrite.php(34): require_once('/opt/lampp/htdo...')
#8 {main}
CRITICAL - 2020-10-17 21:29:33 --> Encrypter needs a starter key.
#0 /opt/lampp/htdocs/ngotelkuy/vendor/codeigniter4/framework/system/Encryption/Encryption.php(155): CodeIgniter\Encryption\Exceptions\EncryptionException::forNeedsStarterKey()
#1 /opt/lampp/htdocs/ngotelkuy/vendor/codeigniter4/framework/system/Config/Services.php(251): CodeIgniter\Encryption\Encryption->initialize()
#2 /opt/lampp/htdocs/ngotelkuy/app/Controllers/Admin.php(85): CodeIgniter\Config\Services::encrypter()
#3 /opt/lampp/htdocs/ngotelkuy/vendor/codeigniter4/framework/system/CodeIgniter.php(918): App\Controllers\Admin->delete_admin()
#4 /opt/lampp/htdocs/ngotelkuy/vendor/codeigniter4/framework/system/CodeIgniter.php(404): CodeIgniter\CodeIgniter->runController()
#5 /opt/lampp/htdocs/ngotelkuy/vendor/codeigniter4/framework/system/CodeIgniter.php(312): CodeIgniter\CodeIgniter->handleRequest()
#6 /opt/lampp/htdocs/ngotelkuy/public/index.php(45): CodeIgniter\CodeIgniter->run()
#7 /opt/lampp/htdocs/ngotelkuy/vendor/codeigniter4/framework/system/Commands/Server/rewrite.php(34): require_once('/opt/lampp/htdo...')
#8 {main}
