CRITICAL - 2020-11-01 01:16:38 --> Cannot use object of type CodeIgniter\Database\MySQLi\Result as array
#0 /opt/lampp/htdocs/yukngotel/vendor/codeigniter4/framework/system/View/View.php(246): include()
#1 /opt/lampp/htdocs/yukngotel/vendor/codeigniter4/framework/system/Common.php(1119): CodeIgniter\View\View->render()
#2 /opt/lampp/htdocs/yukngotel/app/Controllers/Akomodasi.php(83): view()
#3 /opt/lampp/htdocs/yukngotel/vendor/codeigniter4/framework/system/CodeIgniter.php(918): App\Controllers\Akomodasi->update()
#4 /opt/lampp/htdocs/yukngotel/vendor/codeigniter4/framework/system/CodeIgniter.php(404): CodeIgniter\CodeIgniter->runController()
#5 /opt/lampp/htdocs/yukngotel/vendor/codeigniter4/framework/system/CodeIgniter.php(312): CodeIgniter\CodeIgniter->handleRequest()
#6 /opt/lampp/htdocs/yukngotel/public/index.php(45): CodeIgniter\CodeIgniter->run()
#7 /opt/lampp/htdocs/yukngotel/vendor/codeigniter4/framework/system/Commands/Server/rewrite.php(34): require_once('/opt/lampp/htdo...')
#8 {main}
CRITICAL - 2020-11-01 01:18:05 --> Cannot use object of type CodeIgniter\Database\MySQLi\Result as array
#0 /opt/lampp/htdocs/yukngotel/vendor/codeigniter4/framework/system/View/View.php(246): include()
#1 /opt/lampp/htdocs/yukngotel/vendor/codeigniter4/framework/system/Common.php(1119): CodeIgniter\View\View->render()
#2 /opt/lampp/htdocs/yukngotel/app/Controllers/Akomodasi.php(83): view()
#3 /opt/lampp/htdocs/yukngotel/vendor/codeigniter4/framework/system/CodeIgniter.php(918): App\Controllers\Akomodasi->update()
#4 /opt/lampp/htdocs/yukngotel/vendor/codeigniter4/framework/system/CodeIgniter.php(404): CodeIgniter\CodeIgniter->runController()
#5 /opt/lampp/htdocs/yukngotel/vendor/codeigniter4/framework/system/CodeIgniter.php(312): CodeIgniter\CodeIgniter->handleRequest()
#6 /opt/lampp/htdocs/yukngotel/public/index.php(45): CodeIgniter\CodeIgniter->run()
#7 /opt/lampp/htdocs/yukngotel/vendor/codeigniter4/framework/system/Commands/Server/rewrite.php(34): require_once('/opt/lampp/htdo...')
#8 {main}
CRITICAL - 2020-11-01 01:18:06 --> Cannot use object of type CodeIgniter\Database\MySQLi\Result as array
#0 /opt/lampp/htdocs/yukngotel/vendor/codeigniter4/framework/system/View/View.php(246): include()
#1 /opt/lampp/htdocs/yukngotel/vendor/codeigniter4/framework/system/Common.php(1119): CodeIgniter\View\View->render()
#2 /opt/lampp/htdocs/yukngotel/app/Controllers/Akomodasi.php(83): view()
#3 /opt/lampp/htdocs/yukngotel/vendor/codeigniter4/framework/system/CodeIgniter.php(918): App\Controllers\Akomodasi->update()
#4 /opt/lampp/htdocs/yukngotel/vendor/codeigniter4/framework/system/CodeIgniter.php(404): CodeIgniter\CodeIgniter->runController()
#5 /opt/lampp/htdocs/yukngotel/vendor/codeigniter4/framework/system/CodeIgniter.php(312): CodeIgniter\CodeIgniter->handleRequest()
#6 /opt/lampp/htdocs/yukngotel/public/index.php(45): CodeIgniter\CodeIgniter->run()
#7 /opt/lampp/htdocs/yukngotel/vendor/codeigniter4/framework/system/Commands/Server/rewrite.php(34): require_once('/opt/lampp/htdo...')
#8 {main}
CRITICAL - 2020-11-01 01:18:07 --> Cannot use object of type CodeIgniter\Database\MySQLi\Result as array
#0 /opt/lampp/htdocs/yukngotel/vendor/codeigniter4/framework/system/View/View.php(246): include()
#1 /opt/lampp/htdocs/yukngotel/vendor/codeigniter4/framework/system/Common.php(1119): CodeIgniter\View\View->render()
#2 /opt/lampp/htdocs/yukngotel/app/Controllers/Akomodasi.php(83): view()
#3 /opt/lampp/htdocs/yukngotel/vendor/codeigniter4/framework/system/CodeIgniter.php(918): App\Controllers\Akomodasi->update()
#4 /opt/lampp/htdocs/yukngotel/vendor/codeigniter4/framework/system/CodeIgniter.php(404): CodeIgniter\CodeIgniter->runController()
#5 /opt/lampp/htdocs/yukngotel/vendor/codeigniter4/framework/system/CodeIgniter.php(312): CodeIgniter\CodeIgniter->handleRequest()
#6 /opt/lampp/htdocs/yukngotel/public/index.php(45): CodeIgniter\CodeIgniter->run()
#7 /opt/lampp/htdocs/yukngotel/vendor/codeigniter4/framework/system/Commands/Server/rewrite.php(34): require_once('/opt/lampp/htdo...')
#8 {main}
CRITICAL - 2020-11-01 01:19:37 --> Unknown column 'id_akomodasi' in 'where clause'
#0 /opt/lampp/htdocs/yukngotel/vendor/codeigniter4/framework/system/Database/MySQLi/Connection.php(331): mysqli->query()
#1 /opt/lampp/htdocs/yukngotel/vendor/codeigniter4/framework/system/Database/BaseConnection.php(741): CodeIgniter\Database\MySQLi\Connection->execute()
#2 /opt/lampp/htdocs/yukngotel/vendor/codeigniter4/framework/system/Database/BaseConnection.php(669): CodeIgniter\Database\BaseConnection->simpleQuery()
#3 /opt/lampp/htdocs/yukngotel/vendor/codeigniter4/framework/system/Database/BaseBuilder.php(2019): CodeIgniter\Database\BaseConnection->query()
#4 /opt/lampp/htdocs/yukngotel/app/Models/M_akomodasi.php(25): CodeIgniter\Database\BaseBuilder->getWhere()
#5 /opt/lampp/htdocs/yukngotel/app/Controllers/Akomodasi.php(80): App\Models\M_akomodasi->getAkomodasi()
#6 /opt/lampp/htdocs/yukngotel/vendor/codeigniter4/framework/system/CodeIgniter.php(918): App\Controllers\Akomodasi->update()
#7 /opt/lampp/htdocs/yukngotel/vendor/codeigniter4/framework/system/CodeIgniter.php(404): CodeIgniter\CodeIgniter->runController()
#8 /opt/lampp/htdocs/yukngotel/vendor/codeigniter4/framework/system/CodeIgniter.php(312): CodeIgniter\CodeIgniter->handleRequest()
#9 /opt/lampp/htdocs/yukngotel/public/index.php(45): CodeIgniter\CodeIgniter->run()
#10 /opt/lampp/htdocs/yukngotel/vendor/codeigniter4/framework/system/Commands/Server/rewrite.php(34): require_once('/opt/lampp/htdo...')
#11 {main}
CRITICAL - 2020-11-01 01:22:24 --> Argument 1 passed to CodeIgniter\Database\BaseResult::getFirstRow() must be of the type string, null given, called in /opt/lampp/htdocs/yukngotel/vendor/codeigniter4/framework/system/Model.php on line 508
#0 /opt/lampp/htdocs/yukngotel/vendor/codeigniter4/framework/system/Model.php(508): CodeIgniter\Database\BaseResult->getFirstRow()
#1 /opt/lampp/htdocs/yukngotel/app/Models/M_akomodasi.php(25): CodeIgniter\Model->first()
#2 /opt/lampp/htdocs/yukngotel/app/Controllers/Akomodasi.php(80): App\Models\M_akomodasi->getAkomodasi()
#3 /opt/lampp/htdocs/yukngotel/vendor/codeigniter4/framework/system/CodeIgniter.php(918): App\Controllers\Akomodasi->update()
#4 /opt/lampp/htdocs/yukngotel/vendor/codeigniter4/framework/system/CodeIgniter.php(404): CodeIgniter\CodeIgniter->runController()
#5 /opt/lampp/htdocs/yukngotel/vendor/codeigniter4/framework/system/CodeIgniter.php(312): CodeIgniter\CodeIgniter->handleRequest()
#6 /opt/lampp/htdocs/yukngotel/public/index.php(45): CodeIgniter\CodeIgniter->run()
#7 /opt/lampp/htdocs/yukngotel/vendor/codeigniter4/framework/system/Commands/Server/rewrite.php(34): require_once('/opt/lampp/htdo...')
#8 {main}
CRITICAL - 2020-11-01 01:28:33 --> Argument 1 passed to CodeIgniter\Database\BaseResult::getFirstRow() must be of the type string, null given, called in /opt/lampp/htdocs/yukngotel/vendor/codeigniter4/framework/system/Model.php on line 508
#0 /opt/lampp/htdocs/yukngotel/vendor/codeigniter4/framework/system/Model.php(508): CodeIgniter\Database\BaseResult->getFirstRow()
#1 /opt/lampp/htdocs/yukngotel/app/Models/M_akomodasi.php(25): CodeIgniter\Model->first()
#2 /opt/lampp/htdocs/yukngotel/app/Controllers/Akomodasi.php(80): App\Models\M_akomodasi->getAkomodasi()
#3 /opt/lampp/htdocs/yukngotel/vendor/codeigniter4/framework/system/CodeIgniter.php(918): App\Controllers\Akomodasi->update()
#4 /opt/lampp/htdocs/yukngotel/vendor/codeigniter4/framework/system/CodeIgniter.php(404): CodeIgniter\CodeIgniter->runController()
#5 /opt/lampp/htdocs/yukngotel/vendor/codeigniter4/framework/system/CodeIgniter.php(312): CodeIgniter\CodeIgniter->handleRequest()
#6 /opt/lampp/htdocs/yukngotel/public/index.php(45): CodeIgniter\CodeIgniter->run()
#7 /opt/lampp/htdocs/yukngotel/vendor/codeigniter4/framework/system/Commands/Server/rewrite.php(34): require_once('/opt/lampp/htdo...')
#8 {main}
CRITICAL - 2020-11-01 01:29:50 --> Argument 1 passed to CodeIgniter\Database\BaseResult::getFirstRow() must be of the type string, null given, called in /opt/lampp/htdocs/yukngotel/vendor/codeigniter4/framework/system/Model.php on line 508
#0 /opt/lampp/htdocs/yukngotel/vendor/codeigniter4/framework/system/Model.php(508): CodeIgniter\Database\BaseResult->getFirstRow()
#1 /opt/lampp/htdocs/yukngotel/app/Models/M_akomodasi.php(25): CodeIgniter\Model->first()
#2 /opt/lampp/htdocs/yukngotel/app/Controllers/Akomodasi.php(80): App\Models\M_akomodasi->getAkomodasi()
#3 /opt/lampp/htdocs/yukngotel/vendor/codeigniter4/framework/system/CodeIgniter.php(918): App\Controllers\Akomodasi->update()
#4 /opt/lampp/htdocs/yukngotel/vendor/codeigniter4/framework/system/CodeIgniter.php(404): CodeIgniter\CodeIgniter->runController()
#5 /opt/lampp/htdocs/yukngotel/vendor/codeigniter4/framework/system/CodeIgniter.php(312): CodeIgniter\CodeIgniter->handleRequest()
#6 /opt/lampp/htdocs/yukngotel/public/index.php(45): CodeIgniter\CodeIgniter->run()
#7 /opt/lampp/htdocs/yukngotel/vendor/codeigniter4/framework/system/Commands/Server/rewrite.php(34): require_once('/opt/lampp/htdo...')
#8 {main}
CRITICAL - 2020-11-01 01:30:29 --> Argument 1 passed to CodeIgniter\Database\BaseResult::getFirstRow() must be of the type string, null given, called in /opt/lampp/htdocs/yukngotel/vendor/codeigniter4/framework/system/Model.php on line 508
#0 /opt/lampp/htdocs/yukngotel/vendor/codeigniter4/framework/system/Model.php(508): CodeIgniter\Database\BaseResult->getFirstRow()
#1 /opt/lampp/htdocs/yukngotel/app/Models/M_akomodasi.php(25): CodeIgniter\Model->first()
#2 /opt/lampp/htdocs/yukngotel/app/Controllers/Akomodasi.php(80): App\Models\M_akomodasi->getAkomodasi()
#3 /opt/lampp/htdocs/yukngotel/vendor/codeigniter4/framework/system/CodeIgniter.php(918): App\Controllers\Akomodasi->update()
#4 /opt/lampp/htdocs/yukngotel/vendor/codeigniter4/framework/system/CodeIgniter.php(404): CodeIgniter\CodeIgniter->runController()
#5 /opt/lampp/htdocs/yukngotel/vendor/codeigniter4/framework/system/CodeIgniter.php(312): CodeIgniter\CodeIgniter->handleRequest()
#6 /opt/lampp/htdocs/yukngotel/public/index.php(45): CodeIgniter\CodeIgniter->run()
#7 /opt/lampp/htdocs/yukngotel/vendor/codeigniter4/framework/system/Commands/Server/rewrite.php(34): require_once('/opt/lampp/htdo...')
#8 {main}
CRITICAL - 2020-11-01 01:31:49 --> Argument 1 passed to CodeIgniter\Database\BaseResult::getFirstRow() must be of the type string, null given, called in /opt/lampp/htdocs/yukngotel/vendor/codeigniter4/framework/system/Model.php on line 508
#0 /opt/lampp/htdocs/yukngotel/vendor/codeigniter4/framework/system/Model.php(508): CodeIgniter\Database\BaseResult->getFirstRow()
#1 /opt/lampp/htdocs/yukngotel/app/Models/M_akomodasi.php(25): CodeIgniter\Model->first()
#2 /opt/lampp/htdocs/yukngotel/app/Controllers/Akomodasi.php(80): App\Models\M_akomodasi->getAkomodasi()
#3 /opt/lampp/htdocs/yukngotel/vendor/codeigniter4/framework/system/CodeIgniter.php(918): App\Controllers\Akomodasi->update()
#4 /opt/lampp/htdocs/yukngotel/vendor/codeigniter4/framework/system/CodeIgniter.php(404): CodeIgniter\CodeIgniter->runController()
#5 /opt/lampp/htdocs/yukngotel/vendor/codeigniter4/framework/system/CodeIgniter.php(312): CodeIgniter\CodeIgniter->handleRequest()
#6 /opt/lampp/htdocs/yukngotel/public/index.php(45): CodeIgniter\CodeIgniter->run()
#7 /opt/lampp/htdocs/yukngotel/vendor/codeigniter4/framework/system/Commands/Server/rewrite.php(34): require_once('/opt/lampp/htdo...')
#8 {main}
CRITICAL - 2020-11-01 01:31:54 --> Argument 1 passed to CodeIgniter\Database\BaseResult::getFirstRow() must be of the type string, null given, called in /opt/lampp/htdocs/yukngotel/vendor/codeigniter4/framework/system/Model.php on line 508
#0 /opt/lampp/htdocs/yukngotel/vendor/codeigniter4/framework/system/Model.php(508): CodeIgniter\Database\BaseResult->getFirstRow()
#1 /opt/lampp/htdocs/yukngotel/app/Models/M_akomodasi.php(25): CodeIgniter\Model->first()
#2 /opt/lampp/htdocs/yukngotel/app/Controllers/Akomodasi.php(80): App\Models\M_akomodasi->getAkomodasi()
#3 /opt/lampp/htdocs/yukngotel/vendor/codeigniter4/framework/system/CodeIgniter.php(918): App\Controllers\Akomodasi->update()
#4 /opt/lampp/htdocs/yukngotel/vendor/codeigniter4/framework/system/CodeIgniter.php(404): CodeIgniter\CodeIgniter->runController()
#5 /opt/lampp/htdocs/yukngotel/vendor/codeigniter4/framework/system/CodeIgniter.php(312): CodeIgniter\CodeIgniter->handleRequest()
#6 /opt/lampp/htdocs/yukngotel/public/index.php(45): CodeIgniter\CodeIgniter->run()
#7 /opt/lampp/htdocs/yukngotel/vendor/codeigniter4/framework/system/Commands/Server/rewrite.php(34): require_once('/opt/lampp/htdo...')
#8 {main}
CRITICAL - 2020-11-01 01:35:39 --> Undefined index: id_akomodasi
#0 /opt/lampp/htdocs/yukngotel/app/Views/data_table/akomodasi/update_akomodasi.php(22): CodeIgniter\Debug\Exceptions->errorHandler()
#1 /opt/lampp/htdocs/yukngotel/vendor/codeigniter4/framework/system/View/View.php(246): include('/opt/lampp/htdo...')
#2 /opt/lampp/htdocs/yukngotel/vendor/codeigniter4/framework/system/Common.php(1119): CodeIgniter\View\View->render()
#3 /opt/lampp/htdocs/yukngotel/app/Controllers/Akomodasi.php(83): view()
#4 /opt/lampp/htdocs/yukngotel/vendor/codeigniter4/framework/system/CodeIgniter.php(918): App\Controllers\Akomodasi->update()
#5 /opt/lampp/htdocs/yukngotel/vendor/codeigniter4/framework/system/CodeIgniter.php(404): CodeIgniter\CodeIgniter->runController()
#6 /opt/lampp/htdocs/yukngotel/vendor/codeigniter4/framework/system/CodeIgniter.php(312): CodeIgniter\CodeIgniter->handleRequest()
#7 /opt/lampp/htdocs/yukngotel/public/index.php(45): CodeIgniter\CodeIgniter->run()
#8 /opt/lampp/htdocs/yukngotel/vendor/codeigniter4/framework/system/Commands/Server/rewrite.php(34): require_once('/opt/lampp/htdo...')
#9 {main}
CRITICAL - 2020-11-01 01:38:31 --> Undefined index: id_akomodasi
#0 /opt/lampp/htdocs/yukngotel/app/Views/data_table/akomodasi/update_akomodasi.php(22): CodeIgniter\Debug\Exceptions->errorHandler()
#1 /opt/lampp/htdocs/yukngotel/vendor/codeigniter4/framework/system/View/View.php(246): include('/opt/lampp/htdo...')
#2 /opt/lampp/htdocs/yukngotel/vendor/codeigniter4/framework/system/Common.php(1119): CodeIgniter\View\View->render()
#3 /opt/lampp/htdocs/yukngotel/app/Controllers/Akomodasi.php(83): view()
#4 /opt/lampp/htdocs/yukngotel/vendor/codeigniter4/framework/system/CodeIgniter.php(918): App\Controllers\Akomodasi->update()
#5 /opt/lampp/htdocs/yukngotel/vendor/codeigniter4/framework/system/CodeIgniter.php(404): CodeIgniter\CodeIgniter->runController()
#6 /opt/lampp/htdocs/yukngotel/vendor/codeigniter4/framework/system/CodeIgniter.php(312): CodeIgniter\CodeIgniter->handleRequest()
#7 /opt/lampp/htdocs/yukngotel/public/index.php(45): CodeIgniter\CodeIgniter->run()
#8 /opt/lampp/htdocs/yukngotel/vendor/codeigniter4/framework/system/Commands/Server/rewrite.php(34): require_once('/opt/lampp/htdo...')
#9 {main}
CRITICAL - 2020-11-01 01:39:50 --> Unknown column '$id' in 'where clause'
#0 /opt/lampp/htdocs/yukngotel/vendor/codeigniter4/framework/system/Database/MySQLi/Connection.php(331): mysqli->query()
#1 /opt/lampp/htdocs/yukngotel/vendor/codeigniter4/framework/system/Database/BaseConnection.php(741): CodeIgniter\Database\MySQLi\Connection->execute()
#2 /opt/lampp/htdocs/yukngotel/vendor/codeigniter4/framework/system/Database/BaseConnection.php(669): CodeIgniter\Database\BaseConnection->simpleQuery()
#3 /opt/lampp/htdocs/yukngotel/vendor/codeigniter4/framework/system/Database/BaseBuilder.php(2019): CodeIgniter\Database\BaseConnection->query()
#4 /opt/lampp/htdocs/yukngotel/app/Models/M_akomodasi.php(25): CodeIgniter\Database\BaseBuilder->getWhere()
#5 /opt/lampp/htdocs/yukngotel/app/Controllers/Akomodasi.php(80): App\Models\M_akomodasi->getAkomodasi()
#6 /opt/lampp/htdocs/yukngotel/vendor/codeigniter4/framework/system/CodeIgniter.php(918): App\Controllers\Akomodasi->update()
#7 /opt/lampp/htdocs/yukngotel/vendor/codeigniter4/framework/system/CodeIgniter.php(404): CodeIgniter\CodeIgniter->runController()
#8 /opt/lampp/htdocs/yukngotel/vendor/codeigniter4/framework/system/CodeIgniter.php(312): CodeIgniter\CodeIgniter->handleRequest()
#9 /opt/lampp/htdocs/yukngotel/public/index.php(45): CodeIgniter\CodeIgniter->run()
#10 /opt/lampp/htdocs/yukngotel/vendor/codeigniter4/framework/system/Commands/Server/rewrite.php(34): require_once('/opt/lampp/htdo...')
#11 {main}
CRITICAL - 2020-11-01 01:40:18 --> Undefined index: id_akomodasi
#0 /opt/lampp/htdocs/yukngotel/app/Views/data_table/akomodasi/update_akomodasi.php(22): CodeIgniter\Debug\Exceptions->errorHandler()
#1 /opt/lampp/htdocs/yukngotel/vendor/codeigniter4/framework/system/View/View.php(246): include('/opt/lampp/htdo...')
#2 /opt/lampp/htdocs/yukngotel/vendor/codeigniter4/framework/system/Common.php(1119): CodeIgniter\View\View->render()
#3 /opt/lampp/htdocs/yukngotel/app/Controllers/Akomodasi.php(83): view()
#4 /opt/lampp/htdocs/yukngotel/vendor/codeigniter4/framework/system/CodeIgniter.php(918): App\Controllers\Akomodasi->update()
#5 /opt/lampp/htdocs/yukngotel/vendor/codeigniter4/framework/system/CodeIgniter.php(404): CodeIgniter\CodeIgniter->runController()
#6 /opt/lampp/htdocs/yukngotel/vendor/codeigniter4/framework/system/CodeIgniter.php(312): CodeIgniter\CodeIgniter->handleRequest()
#7 /opt/lampp/htdocs/yukngotel/public/index.php(45): CodeIgniter\CodeIgniter->run()
#8 /opt/lampp/htdocs/yukngotel/vendor/codeigniter4/framework/system/Commands/Server/rewrite.php(34): require_once('/opt/lampp/htdo...')
#9 {main}
CRITICAL - 2020-11-01 01:40:19 --> Undefined index: id_akomodasi
#0 /opt/lampp/htdocs/yukngotel/app/Views/data_table/akomodasi/update_akomodasi.php(22): CodeIgniter\Debug\Exceptions->errorHandler()
#1 /opt/lampp/htdocs/yukngotel/vendor/codeigniter4/framework/system/View/View.php(246): include('/opt/lampp/htdo...')
#2 /opt/lampp/htdocs/yukngotel/vendor/codeigniter4/framework/system/Common.php(1119): CodeIgniter\View\View->render()
#3 /opt/lampp/htdocs/yukngotel/app/Controllers/Akomodasi.php(83): view()
#4 /opt/lampp/htdocs/yukngotel/vendor/codeigniter4/framework/system/CodeIgniter.php(918): App\Controllers\Akomodasi->update()
#5 /opt/lampp/htdocs/yukngotel/vendor/codeigniter4/framework/system/CodeIgniter.php(404): CodeIgniter\CodeIgniter->runController()
#6 /opt/lampp/htdocs/yukngotel/vendor/codeigniter4/framework/system/CodeIgniter.php(312): CodeIgniter\CodeIgniter->handleRequest()
#7 /opt/lampp/htdocs/yukngotel/public/index.php(45): CodeIgniter\CodeIgniter->run()
#8 /opt/lampp/htdocs/yukngotel/vendor/codeigniter4/framework/system/Commands/Server/rewrite.php(34): require_once('/opt/lampp/htdo...')
#9 {main}
CRITICAL - 2020-11-01 01:41:15 --> Argument 1 passed to CodeIgniter\Database\BaseResult::getFirstRow() must be of the type string, null given, called in /opt/lampp/htdocs/yukngotel/vendor/codeigniter4/framework/system/Model.php on line 508
#0 /opt/lampp/htdocs/yukngotel/vendor/codeigniter4/framework/system/Model.php(508): CodeIgniter\Database\BaseResult->getFirstRow()
#1 /opt/lampp/htdocs/yukngotel/app/Models/M_akomodasi.php(25): CodeIgniter\Model->first()
#2 /opt/lampp/htdocs/yukngotel/app/Controllers/Akomodasi.php(80): App\Models\M_akomodasi->getAkomodasi()
#3 /opt/lampp/htdocs/yukngotel/vendor/codeigniter4/framework/system/CodeIgniter.php(918): App\Controllers\Akomodasi->update()
#4 /opt/lampp/htdocs/yukngotel/vendor/codeigniter4/framework/system/CodeIgniter.php(404): CodeIgniter\CodeIgniter->runController()
#5 /opt/lampp/htdocs/yukngotel/vendor/codeigniter4/framework/system/CodeIgniter.php(312): CodeIgniter\CodeIgniter->handleRequest()
#6 /opt/lampp/htdocs/yukngotel/public/index.php(45): CodeIgniter\CodeIgniter->run()
#7 /opt/lampp/htdocs/yukngotel/vendor/codeigniter4/framework/system/Commands/Server/rewrite.php(34): require_once('/opt/lampp/htdo...')
#8 {main}
CRITICAL - 2020-11-01 01:46:45 --> Argument 1 passed to CodeIgniter\Database\BaseResult::getFirstRow() must be of the type string, null given, called in /opt/lampp/htdocs/yukngotel/vendor/codeigniter4/framework/system/Model.php on line 508
#0 /opt/lampp/htdocs/yukngotel/vendor/codeigniter4/framework/system/Model.php(508): CodeIgniter\Database\BaseResult->getFirstRow()
#1 /opt/lampp/htdocs/yukngotel/app/Models/M_akomodasi.php(25): CodeIgniter\Model->first()
#2 /opt/lampp/htdocs/yukngotel/app/Controllers/Akomodasi.php(80): App\Models\M_akomodasi->getAkomodasi()
#3 /opt/lampp/htdocs/yukngotel/vendor/codeigniter4/framework/system/CodeIgniter.php(918): App\Controllers\Akomodasi->update()
#4 /opt/lampp/htdocs/yukngotel/vendor/codeigniter4/framework/system/CodeIgniter.php(404): CodeIgniter\CodeIgniter->runController()
#5 /opt/lampp/htdocs/yukngotel/vendor/codeigniter4/framework/system/CodeIgniter.php(312): CodeIgniter\CodeIgniter->handleRequest()
#6 /opt/lampp/htdocs/yukngotel/public/index.php(45): CodeIgniter\CodeIgniter->run()
#7 /opt/lampp/htdocs/yukngotel/vendor/codeigniter4/framework/system/Commands/Server/rewrite.php(34): require_once('/opt/lampp/htdo...')
#8 {main}
CRITICAL - 2020-11-01 01:47:59 --> Argument 1 passed to CodeIgniter\Database\BaseResult::getFirstRow() must be of the type string, null given, called in /opt/lampp/htdocs/yukngotel/vendor/codeigniter4/framework/system/Model.php on line 508
#0 /opt/lampp/htdocs/yukngotel/vendor/codeigniter4/framework/system/Model.php(508): CodeIgniter\Database\BaseResult->getFirstRow()
#1 /opt/lampp/htdocs/yukngotel/app/Models/M_akomodasi.php(24): CodeIgniter\Model->first()
#2 /opt/lampp/htdocs/yukngotel/app/Controllers/Akomodasi.php(80): App\Models\M_akomodasi->getAkomodasi()
#3 /opt/lampp/htdocs/yukngotel/vendor/codeigniter4/framework/system/CodeIgniter.php(918): App\Controllers\Akomodasi->update()
#4 /opt/lampp/htdocs/yukngotel/vendor/codeigniter4/framework/system/CodeIgniter.php(404): CodeIgniter\CodeIgniter->runController()
#5 /opt/lampp/htdocs/yukngotel/vendor/codeigniter4/framework/system/CodeIgniter.php(312): CodeIgniter\CodeIgniter->handleRequest()
#6 /opt/lampp/htdocs/yukngotel/public/index.php(45): CodeIgniter\CodeIgniter->run()
#7 /opt/lampp/htdocs/yukngotel/vendor/codeigniter4/framework/system/Commands/Server/rewrite.php(34): require_once('/opt/lampp/htdo...')
#8 {main}
CRITICAL - 2020-11-01 01:48:01 --> Argument 1 passed to CodeIgniter\Database\BaseResult::getFirstRow() must be of the type string, null given, called in /opt/lampp/htdocs/yukngotel/vendor/codeigniter4/framework/system/Model.php on line 508
#0 /opt/lampp/htdocs/yukngotel/vendor/codeigniter4/framework/system/Model.php(508): CodeIgniter\Database\BaseResult->getFirstRow()
#1 /opt/lampp/htdocs/yukngotel/app/Models/M_akomodasi.php(24): CodeIgniter\Model->first()
#2 /opt/lampp/htdocs/yukngotel/app/Controllers/Akomodasi.php(80): App\Models\M_akomodasi->getAkomodasi()
#3 /opt/lampp/htdocs/yukngotel/vendor/codeigniter4/framework/system/CodeIgniter.php(918): App\Controllers\Akomodasi->update()
#4 /opt/lampp/htdocs/yukngotel/vendor/codeigniter4/framework/system/CodeIgniter.php(404): CodeIgniter\CodeIgniter->runController()
#5 /opt/lampp/htdocs/yukngotel/vendor/codeigniter4/framework/system/CodeIgniter.php(312): CodeIgniter\CodeIgniter->handleRequest()
#6 /opt/lampp/htdocs/yukngotel/public/index.php(45): CodeIgniter\CodeIgniter->run()
#7 /opt/lampp/htdocs/yukngotel/vendor/codeigniter4/framework/system/Commands/Server/rewrite.php(34): require_once('/opt/lampp/htdo...')
#8 {main}
CRITICAL - 2020-11-01 01:50:14 --> Trying to access array offset on value of type null
#0 /opt/lampp/htdocs/yukngotel/app/Views/data_table/akomodasi/update_akomodasi.php(22): CodeIgniter\Debug\Exceptions->errorHandler()
#1 /opt/lampp/htdocs/yukngotel/vendor/codeigniter4/framework/system/View/View.php(246): include('/opt/lampp/htdo...')
#2 /opt/lampp/htdocs/yukngotel/vendor/codeigniter4/framework/system/Common.php(1119): CodeIgniter\View\View->render()
#3 /opt/lampp/htdocs/yukngotel/app/Controllers/Akomodasi.php(83): view()
#4 /opt/lampp/htdocs/yukngotel/vendor/codeigniter4/framework/system/CodeIgniter.php(918): App\Controllers\Akomodasi->update()
#5 /opt/lampp/htdocs/yukngotel/vendor/codeigniter4/framework/system/CodeIgniter.php(404): CodeIgniter\CodeIgniter->runController()
#6 /opt/lampp/htdocs/yukngotel/vendor/codeigniter4/framework/system/CodeIgniter.php(312): CodeIgniter\CodeIgniter->handleRequest()
#7 /opt/lampp/htdocs/yukngotel/public/index.php(45): CodeIgniter\CodeIgniter->run()
#8 /opt/lampp/htdocs/yukngotel/vendor/codeigniter4/framework/system/Commands/Server/rewrite.php(34): require_once('/opt/lampp/htdo...')
#9 {main}
CRITICAL - 2020-11-01 01:50:15 --> Trying to access array offset on value of type null
#0 /opt/lampp/htdocs/yukngotel/app/Views/data_table/akomodasi/update_akomodasi.php(22): CodeIgniter\Debug\Exceptions->errorHandler()
#1 /opt/lampp/htdocs/yukngotel/vendor/codeigniter4/framework/system/View/View.php(246): include('/opt/lampp/htdo...')
#2 /opt/lampp/htdocs/yukngotel/vendor/codeigniter4/framework/system/Common.php(1119): CodeIgniter\View\View->render()
#3 /opt/lampp/htdocs/yukngotel/app/Controllers/Akomodasi.php(83): view()
#4 /opt/lampp/htdocs/yukngotel/vendor/codeigniter4/framework/system/CodeIgniter.php(918): App\Controllers\Akomodasi->update()
#5 /opt/lampp/htdocs/yukngotel/vendor/codeigniter4/framework/system/CodeIgniter.php(404): CodeIgniter\CodeIgniter->runController()
#6 /opt/lampp/htdocs/yukngotel/vendor/codeigniter4/framework/system/CodeIgniter.php(312): CodeIgniter\CodeIgniter->handleRequest()
#7 /opt/lampp/htdocs/yukngotel/public/index.php(45): CodeIgniter\CodeIgniter->run()
#8 /opt/lampp/htdocs/yukngotel/vendor/codeigniter4/framework/system/Commands/Server/rewrite.php(34): require_once('/opt/lampp/htdo...')
#9 {main}
CRITICAL - 2020-11-01 01:51:23 --> Cannot use object of type CodeIgniter\Database\MySQLi\Builder as array
#0 /opt/lampp/htdocs/yukngotel/vendor/codeigniter4/framework/system/View/View.php(246): include()
#1 /opt/lampp/htdocs/yukngotel/vendor/codeigniter4/framework/system/Common.php(1119): CodeIgniter\View\View->render()
#2 /opt/lampp/htdocs/yukngotel/app/Controllers/Akomodasi.php(85): view()
#3 /opt/lampp/htdocs/yukngotel/vendor/codeigniter4/framework/system/CodeIgniter.php(918): App\Controllers\Akomodasi->update()
#4 /opt/lampp/htdocs/yukngotel/vendor/codeigniter4/framework/system/CodeIgniter.php(404): CodeIgniter\CodeIgniter->runController()
#5 /opt/lampp/htdocs/yukngotel/vendor/codeigniter4/framework/system/CodeIgniter.php(312): CodeIgniter\CodeIgniter->handleRequest()
#6 /opt/lampp/htdocs/yukngotel/public/index.php(45): CodeIgniter\CodeIgniter->run()
#7 /opt/lampp/htdocs/yukngotel/vendor/codeigniter4/framework/system/Commands/Server/rewrite.php(34): require_once('/opt/lampp/htdo...')
#8 {main}
CRITICAL - 2020-11-01 01:51:25 --> Cannot use object of type CodeIgniter\Database\MySQLi\Builder as array
#0 /opt/lampp/htdocs/yukngotel/vendor/codeigniter4/framework/system/View/View.php(246): include()
#1 /opt/lampp/htdocs/yukngotel/vendor/codeigniter4/framework/system/Common.php(1119): CodeIgniter\View\View->render()
#2 /opt/lampp/htdocs/yukngotel/app/Controllers/Akomodasi.php(85): view()
#3 /opt/lampp/htdocs/yukngotel/vendor/codeigniter4/framework/system/CodeIgniter.php(918): App\Controllers\Akomodasi->update()
#4 /opt/lampp/htdocs/yukngotel/vendor/codeigniter4/framework/system/CodeIgniter.php(404): CodeIgniter\CodeIgniter->runController()
#5 /opt/lampp/htdocs/yukngotel/vendor/codeigniter4/framework/system/CodeIgniter.php(312): CodeIgniter\CodeIgniter->handleRequest()
#6 /opt/lampp/htdocs/yukngotel/public/index.php(45): CodeIgniter\CodeIgniter->run()
#7 /opt/lampp/htdocs/yukngotel/vendor/codeigniter4/framework/system/Commands/Server/rewrite.php(34): require_once('/opt/lampp/htdo...')
#8 {main}
CRITICAL - 2020-11-01 01:55:13 --> Function name must be a string
#0 /opt/lampp/htdocs/yukngotel/vendor/codeigniter4/framework/system/View/View.php(246): include()
#1 /opt/lampp/htdocs/yukngotel/vendor/codeigniter4/framework/system/Common.php(1119): CodeIgniter\View\View->render()
#2 /opt/lampp/htdocs/yukngotel/app/Controllers/Akomodasi.php(85): view()
#3 /opt/lampp/htdocs/yukngotel/vendor/codeigniter4/framework/system/CodeIgniter.php(918): App\Controllers\Akomodasi->update()
#4 /opt/lampp/htdocs/yukngotel/vendor/codeigniter4/framework/system/CodeIgniter.php(404): CodeIgniter\CodeIgniter->runController()
#5 /opt/lampp/htdocs/yukngotel/vendor/codeigniter4/framework/system/CodeIgniter.php(312): CodeIgniter\CodeIgniter->handleRequest()
#6 /opt/lampp/htdocs/yukngotel/public/index.php(45): CodeIgniter\CodeIgniter->run()
#7 /opt/lampp/htdocs/yukngotel/vendor/codeigniter4/framework/system/Commands/Server/rewrite.php(34): require_once('/opt/lampp/htdo...')
#8 {main}
CRITICAL - 2020-11-01 23:24:46 --> Argument 1 passed to CodeIgniter\Database\BaseResult::getFirstRow() must be of the type string, null given, called in /opt/lampp/htdocs/yukngotel/vendor/codeigniter4/framework/system/Model.php on line 400
#0 /opt/lampp/htdocs/yukngotel/vendor/codeigniter4/framework/system/Model.php(400): CodeIgniter\Database\BaseResult->getFirstRow()
#1 /opt/lampp/htdocs/yukngotel/app/Controllers/Akomodasi.php(124): CodeIgniter\Model->find()
#2 /opt/lampp/htdocs/yukngotel/vendor/codeigniter4/framework/system/CodeIgniter.php(918): App\Controllers\Akomodasi->delete()
#3 /opt/lampp/htdocs/yukngotel/vendor/codeigniter4/framework/system/CodeIgniter.php(404): CodeIgniter\CodeIgniter->runController()
#4 /opt/lampp/htdocs/yukngotel/vendor/codeigniter4/framework/system/CodeIgniter.php(312): CodeIgniter\CodeIgniter->handleRequest()
#5 /opt/lampp/htdocs/yukngotel/public/index.php(45): CodeIgniter\CodeIgniter->run()
#6 /opt/lampp/htdocs/yukngotel/vendor/codeigniter4/framework/system/Commands/Server/rewrite.php(34): require_once('/opt/lampp/htdo...')
#7 {main}
CRITICAL - 2020-11-01 23:28:38 --> Argument 1 passed to CodeIgniter\Database\BaseResult::getFirstRow() must be of the type string, null given, called in /opt/lampp/htdocs/yukngotel/vendor/codeigniter4/framework/system/Model.php on line 508
#0 /opt/lampp/htdocs/yukngotel/vendor/codeigniter4/framework/system/Model.php(508): CodeIgniter\Database\BaseResult->getFirstRow()
#1 /opt/lampp/htdocs/yukngotel/app/Models/M_akomodasi.php(24): CodeIgniter\Model->first()
#2 /opt/lampp/htdocs/yukngotel/app/Controllers/Akomodasi.php(125): App\Models\M_akomodasi->getAkomodasi()
#3 /opt/lampp/htdocs/yukngotel/vendor/codeigniter4/framework/system/CodeIgniter.php(918): App\Controllers\Akomodasi->delete()
#4 /opt/lampp/htdocs/yukngotel/vendor/codeigniter4/framework/system/CodeIgniter.php(404): CodeIgniter\CodeIgniter->runController()
#5 /opt/lampp/htdocs/yukngotel/vendor/codeigniter4/framework/system/CodeIgniter.php(312): CodeIgniter\CodeIgniter->handleRequest()
#6 /opt/lampp/htdocs/yukngotel/public/index.php(45): CodeIgniter\CodeIgniter->run()
#7 /opt/lampp/htdocs/yukngotel/vendor/codeigniter4/framework/system/Commands/Server/rewrite.php(34): require_once('/opt/lampp/htdo...')
#8 {main}
CRITICAL - 2020-11-01 23:29:27 --> Argument 1 passed to CodeIgniter\Database\BaseResult::getFirstRow() must be of the type string, null given, called in /opt/lampp/htdocs/yukngotel/vendor/codeigniter4/framework/system/Model.php on line 508
#0 /opt/lampp/htdocs/yukngotel/vendor/codeigniter4/framework/system/Model.php(508): CodeIgniter\Database\BaseResult->getFirstRow()
#1 /opt/lampp/htdocs/yukngotel/app/Models/M_akomodasi.php(24): CodeIgniter\Model->first()
#2 /opt/lampp/htdocs/yukngotel/app/Controllers/Akomodasi.php(126): App\Models\M_akomodasi->getAkomodasi()
#3 /opt/lampp/htdocs/yukngotel/vendor/codeigniter4/framework/system/CodeIgniter.php(918): App\Controllers\Akomodasi->delete()
#4 /opt/lampp/htdocs/yukngotel/vendor/codeigniter4/framework/system/CodeIgniter.php(404): CodeIgniter\CodeIgniter->runController()
#5 /opt/lampp/htdocs/yukngotel/vendor/codeigniter4/framework/system/CodeIgniter.php(312): CodeIgniter\CodeIgniter->handleRequest()
#6 /opt/lampp/htdocs/yukngotel/public/index.php(45): CodeIgniter\CodeIgniter->run()
#7 /opt/lampp/htdocs/yukngotel/vendor/codeigniter4/framework/system/Commands/Server/rewrite.php(34): require_once('/opt/lampp/htdo...')
#8 {main}
CRITICAL - 2020-11-01 23:30:01 --> Argument 1 passed to CodeIgniter\Database\BaseResult::getFirstRow() must be of the type string, null given, called in /opt/lampp/htdocs/yukngotel/vendor/codeigniter4/framework/system/Model.php on line 508
#0 /opt/lampp/htdocs/yukngotel/vendor/codeigniter4/framework/system/Model.php(508): CodeIgniter\Database\BaseResult->getFirstRow()
#1 /opt/lampp/htdocs/yukngotel/app/Models/M_akomodasi.php(24): CodeIgniter\Model->first()
#2 /opt/lampp/htdocs/yukngotel/app/Controllers/Akomodasi.php(126): App\Models\M_akomodasi->getAkomodasi()
#3 /opt/lampp/htdocs/yukngotel/vendor/codeigniter4/framework/system/CodeIgniter.php(918): App\Controllers\Akomodasi->delete()
#4 /opt/lampp/htdocs/yukngotel/vendor/codeigniter4/framework/system/CodeIgniter.php(404): CodeIgniter\CodeIgniter->runController()
#5 /opt/lampp/htdocs/yukngotel/vendor/codeigniter4/framework/system/CodeIgniter.php(312): CodeIgniter\CodeIgniter->handleRequest()
#6 /opt/lampp/htdocs/yukngotel/public/index.php(45): CodeIgniter\CodeIgniter->run()
#7 /opt/lampp/htdocs/yukngotel/vendor/codeigniter4/framework/system/Commands/Server/rewrite.php(34): require_once('/opt/lampp/htdo...')
#8 {main}
CRITICAL - 2020-11-01 23:46:56 --> Too few arguments to function App\Controllers\Akomodasi::update(), 0 passed in /opt/lampp/htdocs/yukngotel/vendor/codeigniter4/framework/system/CodeIgniter.php on line 918 and exactly 1 expected
#0 /opt/lampp/htdocs/yukngotel/vendor/codeigniter4/framework/system/CodeIgniter.php(918): App\Controllers\Akomodasi->update()
#1 /opt/lampp/htdocs/yukngotel/vendor/codeigniter4/framework/system/CodeIgniter.php(404): CodeIgniter\CodeIgniter->runController()
#2 /opt/lampp/htdocs/yukngotel/vendor/codeigniter4/framework/system/CodeIgniter.php(312): CodeIgniter\CodeIgniter->handleRequest()
#3 /opt/lampp/htdocs/yukngotel/public/index.php(45): CodeIgniter\CodeIgniter->run()
#4 /opt/lampp/htdocs/yukngotel/vendor/codeigniter4/framework/system/Commands/Server/rewrite.php(34): require_once('/opt/lampp/htdo...')
#5 {main}
