CRITICAL - 2020-12-14 00:49:38 --> Undefined index: foto
#0 /opt/lampp/htdocs/yukngotel/app/Controllers/Room.php(38): CodeIgniter\Debug\Exceptions->errorHandler()
#1 /opt/lampp/htdocs/yukngotel/vendor/codeigniter4/framework/system/CodeIgniter.php(918): App\Controllers\Room->save_room()
#2 /opt/lampp/htdocs/yukngotel/vendor/codeigniter4/framework/system/CodeIgniter.php(404): CodeIgniter\CodeIgniter->runController()
#3 /opt/lampp/htdocs/yukngotel/vendor/codeigniter4/framework/system/CodeIgniter.php(312): CodeIgniter\CodeIgniter->handleRequest()
#4 /opt/lampp/htdocs/yukngotel/public/index.php(45): CodeIgniter\CodeIgniter->run()
#5 /opt/lampp/htdocs/yukngotel/vendor/codeigniter4/framework/system/Commands/Server/rewrite.php(34): require_once('/opt/lampp/htdo...')
#6 {main}
CRITICAL - 2020-12-14 00:49:38 --> Undefined index: foto
#0 /opt/lampp/htdocs/yukngotel/app/Controllers/Room.php(38): CodeIgniter\Debug\Exceptions->errorHandler()
#1 /opt/lampp/htdocs/yukngotel/vendor/codeigniter4/framework/system/CodeIgniter.php(918): App\Controllers\Room->save_room()
#2 /opt/lampp/htdocs/yukngotel/vendor/codeigniter4/framework/system/CodeIgniter.php(404): CodeIgniter\CodeIgniter->runController()
#3 /opt/lampp/htdocs/yukngotel/vendor/codeigniter4/framework/system/CodeIgniter.php(312): CodeIgniter\CodeIgniter->handleRequest()
#4 /opt/lampp/htdocs/yukngotel/public/index.php(45): CodeIgniter\CodeIgniter->run()
#5 /opt/lampp/htdocs/yukngotel/vendor/codeigniter4/framework/system/Commands/Server/rewrite.php(34): require_once('/opt/lampp/htdo...')
#6 {main}
CRITICAL - 2020-12-14 00:49:38 --> Undefined index: foto
#0 /opt/lampp/htdocs/yukngotel/app/Controllers/Room.php(38): CodeIgniter\Debug\Exceptions->errorHandler()
#1 /opt/lampp/htdocs/yukngotel/vendor/codeigniter4/framework/system/CodeIgniter.php(918): App\Controllers\Room->save_room()
#2 /opt/lampp/htdocs/yukngotel/vendor/codeigniter4/framework/system/CodeIgniter.php(404): CodeIgniter\CodeIgniter->runController()
#3 /opt/lampp/htdocs/yukngotel/vendor/codeigniter4/framework/system/CodeIgniter.php(312): CodeIgniter\CodeIgniter->handleRequest()
#4 /opt/lampp/htdocs/yukngotel/public/index.php(45): CodeIgniter\CodeIgniter->run()
#5 /opt/lampp/htdocs/yukngotel/vendor/codeigniter4/framework/system/Commands/Server/rewrite.php(34): require_once('/opt/lampp/htdo...')
#6 {main}
